Log file open, 12/01/17 15:23:25
LogWindows: Failed to load 'aqProf.dll' (GetLastError=126)
LogWindows: File 'aqProf.dll' does not exist
LogWindows: Failed to load 'VSPerf140.dll' (GetLastError=126)
LogWindows: File 'VSPerf140.dll' does not exist
LogWindows: Failed to load 'VtuneApi.dll' (GetLastError=126)
LogWindows: File 'VtuneApi.dll' does not exist
LogWindows: Failed to load 'VtuneApi32e.dll' (GetLastError=126)
LogWindows: File 'VtuneApi32e.dll' does not exist
LogInit: Display: Running engine for game: FPS_Homework
LogPlatformFile: Not using cached read wrapper
LogInit: Display: RandInit(-283762076) SRandInit(-283762076).
LogInit: Read version file with build ID '3709383'
LogInit: Overriding engine version to CL 3754814, compatible CL 3709383
LogInit: Registered custom module enumerator with build ID '3709383'
LogTaskGraph: Started task graph with 5 named threads and 14 total threads with 3 sets of task threads.
LogStats: Stats thread started at 0.215930
LogD3D11RHI: Aftermath initialized
LogModuleManager: Display: Found up-to-date module file ../../../Engine/Plugins/2D/Paper2D/Binaries/Win64/UE4Editor-Paper2D.dll (API version 3709383).
LogModuleManager: Display: Found up-to-date module file ../../../Engine/Plugins/2D/Paper2D/Binaries/Win64/UE4Editor-Paper2DEditor.dll (API version 3709383).
LogModuleManager: Display: Found up-to-date module file ../../../Engine/Plugins/2D/Paper2D/Binaries/Win64/UE4Editor-PaperSpriteSheetImporter.dll (API version 3709383).
LogModuleManager: Display: Found up-to-date module file ../../../Engine/Plugins/2D/Paper2D/Binaries/Win64/UE4Editor-PaperTiledImporter.dll (API version 3709383).
LogModuleManager: Display: Found up-to-date module file ../../../Engine/Plugins/2D/Paper2D/Binaries/Win64/UE4Editor-SmartSnapping.dll (API version 3709383).
LogModuleManager: Display: Found up-to-date module file ../../../Engine/Plugins/Blendables/LightPropagationVolume/Binaries/Win64/UE4Editor-LightPropagationVolumeRuntime.dll (API version 3709383).
LogModuleManager: Display: Found up-to-date module file ../../../Engine/Plugins/Blendables/LightPropagationVolume/Binaries/Win64/UE4Editor-LightPropagationVolumeEditor.dll (API version 3709383).
LogModuleManager: Display: Found up-to-date module file ../../../Engine/Plugins/Developer/GitSourceControl/Binaries/Win64/UE4Editor-GitSourceControl.dll (API version 3709383).
LogModuleManager: Display: Found up-to-date module file ../../../Engine/Plugins/Developer/PerforceSourceControl/Binaries/Win64/UE4Editor-PerforceSourceControl.dll (API version 3709383).
LogModuleManager: Display: Found up-to-date module file ../../../Engine/Plugins/Developer/SubversionSourceControl/Binaries/Win64/UE4Editor-SubversionSourceControl.dll (API version 3709383).
LogModuleManager: Display: Found up-to-date module file ../../../Engine/Plugins/Developer/UObjectPlugin/Binaries/Win64/UE4Editor-UObjectPlugin.dll (API version 3709383).
LogModuleManager: Display: Found up-to-date module file ../../../Engine/Plugins/Developer/VisualStudioCodeSourceCodeAccess/Binaries/Win64/UE4Editor-VisualStudioCodeSourceCodeAccess.dll (API version 3709383).
LogModuleManager: Display: Found up-to-date module file ../../../Engine/Plugins/Developer/VisualStudioSourceCodeAccess/Binaries/Win64/UE4Editor-VisualStudioSourceCodeAccess.dll (API version 3709383).
LogModuleManager: Display: Found up-to-date module file ../../../Engine/Plugins/Editor/AssetManagerEditor/Binaries/Win64/UE4Editor-AssetManagerEditor.dll (API version 3709383).
LogModuleManager: Display: Found up-to-date module file ../../../Engine/Plugins/Editor/AudioCapture/Binaries/Win64/UE4Editor-AudioCapture.dll (API version 3709383).
LogModuleManager: Display: Found up-to-date module file ../../../Engine/Plugins/Editor/FacialAnimation/Binaries/Win64/UE4Editor-FacialAnimation.dll (API version 3709383).
LogModuleManager: Display: Found up-to-date module file ../../../Engine/Plugins/Editor/FacialAnimation/Binaries/Win64/UE4Editor-FacialAnimationEditor.dll (API version 3709383).
LogModuleManager: Display: Found up-to-date module file ../../../Engine/Plugins/Editor/GameplayTagsEditor/Binaries/Win64/UE4Editor-GameplayTagsEditor.dll (API version 3709383).
LogModuleManager: Display: Found up-to-date module file ../../../Engine/Plugins/Editor/MobileLauncherProfileWizard/Binaries/Win64/UE4Editor-MobileLauncherProfileWizard.dll (API version 3709383).
LogModuleManager: Display: Found up-to-date module file ../../../Engine/Plugins/Editor/PluginBrowser/Binaries/Win64/UE4Editor-PluginBrowser.dll (API version 3709383).
LogModuleManager: Display: Found up-to-date module file ../../../Engine/Plugins/Editor/SpeedTreeImporter/Binaries/Win64/UE4Editor-SpeedTreeImporter.dll (API version 3709383).
LogModuleManager: Display: Found up-to-date module file ../../../Engine/Plugins/Experimental/AlembicImporter/Binaries/Win64/UE4Editor-AlembicImporter.dll (API version 3709383).
LogModuleManager: Display: Found up-to-date module file ../../../Engine/Plugins/Experimental/AlembicImporter/Binaries/Win64/UE4Editor-AlembicLibrary.dll (API version 3709383).
LogModuleManager: Display: Found up-to-date module file ../../../Engine/Plugins/Experimental/CharacterAI/Binaries/Win64/UE4Editor-CharacterAI.dll (API version 3709383).
LogModuleManager: Display: Found up-to-date module file ../../../Engine/Plugins/Experimental/HTML5Networking/Binaries/Win64/UE4Editor-HTML5Networking.dll (API version 3709383).
LogModuleManager: Display: Found up-to-date module file ../../../Engine/Plugins/Media/AndroidMedia/Binaries/Win64/UE4Editor-AndroidMediaEditor.dll (API version 3709383).
LogModuleManager: Display: Found up-to-date module file ../../../Engine/Plugins/Media/AndroidMedia/Binaries/Win64/UE4Editor-AndroidMediaFactory.dll (API version 3709383).
LogModuleManager: Display: Found up-to-date module file ../../../Engine/Plugins/Media/AvfMedia/Binaries/Win64/UE4Editor-AvfMediaEditor.dll (API version 3709383).
LogModuleManager: Display: Found up-to-date module file ../../../Engine/Plugins/Media/AvfMedia/Binaries/Win64/UE4Editor-AvfMediaFactory.dll (API version 3709383).
LogModuleManager: Display: Found up-to-date module file ../../../Engine/Plugins/Media/AvfMedia/Binaries/Win64/UE4Editor-AvfMediaFactory.dll (API version 3709383).
LogModuleManager: Display: Found up-to-date module file ../../../Engine/Plugins/Media/ImgMedia/Binaries/Win64/UE4Editor-ImgMedia.dll (API version 3709383).
LogModuleManager: Display: Found up-to-date module file ../../../Engine/Plugins/Media/ImgMedia/Binaries/Win64/UE4Editor-ImgMediaEditor.dll (API version 3709383).
LogModuleManager: Display: Found up-to-date module file ../../../Engine/Plugins/Media/ImgMedia/Binaries/Win64/UE4Editor-ImgMediaFactory.dll (API version 3709383).
LogModuleManager: Display: Found up-to-date module file ../../../Engine/Plugins/Media/ImgMedia/Binaries/Win64/UE4Editor-ImgMediaFactory.dll (API version 3709383).
LogModuleManager: Display: Found up-to-date module file ../../../Engine/Plugins/Media/ImgMedia/Binaries/Win64/UE4Editor-OpenExrWrapper.dll (API version 3709383).
LogModuleManager: Display: Found up-to-date module file ../../../Engine/Plugins/Media/MediaCompositing/Binaries/Win64/UE4Editor-MediaCompositing.dll (API version 3709383).
LogModuleManager: Display: Found up-to-date module file ../../../Engine/Plugins/Media/MediaCompositing/Binaries/Win64/UE4Editor-MediaCompositingEditor.dll (API version 3709383).
LogModuleManager: Display: Found up-to-date module file ../../../Engine/Plugins/Media/MediaPlayerEditor/Binaries/Win64/UE4Editor-MediaPlayerEditor.dll (API version 3709383).
LogModuleManager: Display: Found up-to-date module file ../../../Engine/Plugins/Media/WmfMedia/Binaries/Win64/UE4Editor-WmfMedia.dll (API version 3709383).
LogModuleManager: Display: Found up-to-date module file ../../../Engine/Plugins/Media/WmfMedia/Binaries/Win64/UE4Editor-WmfMediaEditor.dll (API version 3709383).
LogModuleManager: Display: Found up-to-date module file ../../../Engine/Plugins/Media/WmfMedia/Binaries/Win64/UE4Editor-WmfMediaFactory.dll (API version 3709383).
LogModuleManager: Display: Found up-to-date module file ../../../Engine/Plugins/Media/WmfMedia/Binaries/Win64/UE4Editor-WmfMediaFactory.dll (API version 3709383).
LogModuleManager: Display: Found up-to-date module file ../../../Engine/Plugins/Messaging/TcpMessaging/Binaries/Win64/UE4Editor-TcpMessaging.dll (API version 3709383).
LogModuleManager: Display: Found up-to-date module file ../../../Engine/Plugins/Messaging/UdpMessaging/Binaries/Win64/UE4Editor-UdpMessaging.dll (API version 3709383).
LogModuleManager: Display: Found up-to-date module file ../../../Engine/Plugins/MovieScene/ActorSequence/Binaries/Win64/UE4Editor-ActorSequence.dll (API version 3709383).
LogModuleManager: Display: Found up-to-date module file ../../../Engine/Plugins/MovieScene/LevelSequenceEditor/Binaries/Win64/UE4Editor-LevelSequenceEditor.dll (API version 3709383).
LogModuleManager: Display: Found up-to-date module file ../../../Engine/Plugins/MovieScene/MatineeToLevelSequence/Binaries/Win64/UE4Editor-MatineeToLevelSequence.dll (API version 3709383).
LogModuleManager: Display: Found up-to-date module file ../../../Engine/Plugins/Online/OnlineSubsystem/Binaries/Win64/UE4Editor-OnlineSubsystem.dll (API version 3709383).
LogModuleManager: Display: Found up-to-date module file ../../../Engine/Plugins/Runtime/AndroidPermission/Binaries/Win64/UE4Editor-AndroidPermission.dll (API version 3709383).
LogModuleManager: Display: Found up-to-date module file ../../../Engine/Plugins/Online/OnlineSubsystemNull/Binaries/Win64/UE4Editor-OnlineSubsystemNull.dll (API version 3709383).
LogModuleManager: Display: Found up-to-date module file ../../../Engine/Plugins/Online/OnlineSubsystemUtils/Binaries/Win64/UE4Editor-OnlineSubsystemUtils.dll (API version 3709383).
LogModuleManager: Display: Found up-to-date module file ../../../Engine/Plugins/Online/OnlineSubsystemUtils/Binaries/Win64/UE4Editor-OnlineBlueprintSupport.dll (API version 3709383).
LogModuleManager: Display: Found up-to-date module file ../../../Engine/Plugins/Runtime/AndroidDeviceProfileSelector/Binaries/Win64/UE4Editor-AndroidDeviceProfileSelector.dll (API version 3709383).
LogModuleManager: Display: Found up-to-date module file ../../../Engine/Plugins/Runtime/AppleARKit/Binaries/Win64/UE4Editor-AppleARKit.dll (API version 3709383).
LogModuleManager: Display: Found up-to-date module file ../../../Engine/Plugins/Runtime/ArchVisCharacter/Binaries/Win64/UE4Editor-ArchVisCharacter.dll (API version 3709383).
LogModuleManager: Display: Found up-to-date module file ../../../Engine/Plugins/Runtime/CableComponent/Binaries/Win64/UE4Editor-CableComponent.dll (API version 3709383).
LogModuleManager: Display: Found up-to-date module file ../../../Engine/Plugins/Runtime/CustomMeshComponent/Binaries/Win64/UE4Editor-CustomMeshComponent.dll (API version 3709383).
LogModuleManager: Display: Found up-to-date module file ../../../Engine/Plugins/Runtime/ExampleDeviceProfileSelector/Binaries/Win64/UE4Editor-ExampleDeviceProfileSelector.dll (API version 3709383).
LogModuleManager: Display: Found up-to-date module file ../../../Engine/Plugins/Runtime/ImmediatePhysics/Binaries/Win64/UE4Editor-ImmediatePhysics.dll (API version 3709383).
LogModuleManager: Display: Found up-to-date module file ../../../Engine/Plugins/Runtime/ImmediatePhysics/Binaries/Win64/UE4Editor-ImmediatePhysicsEditor.dll (API version 3709383).
LogModuleManager: Display: Found up-to-date module file ../../../Engine/Plugins/Runtime/LocationServicesBPLibrary/Binaries/Win64/UE4Editor-LocationServicesBPLibrary.dll (API version 3709383).
LogModuleManager: Display: Found up-to-date module file ../../../Engine/Plugins/Runtime/MobilePatchingUtils/Binaries/Win64/UE4Editor-MobilePatchingUtils.dll (API version 3709383).
LogModuleManager: Display: Found up-to-date module file ../../../Engine/Plugins/Runtime/Oculus/OculusVR/Binaries/Win64/UE4Editor-OculusHMD.dll (API version 3709383).
LogModuleManager: Display: Found up-to-date module file ../../../Engine/Plugins/Runtime/Oculus/OculusVR/Binaries/Win64/UE4Editor-OculusInput.dll (API version 3709383).
LogModuleManager: Display: Found up-to-date module file ../../../Engine/Plugins/Runtime/Oculus/OculusVR/Binaries/Win64/UE4Editor-OculusEditor.dll (API version 3709383).
LogModuleManager: Display: Found up-to-date module file ../../../Engine/Plugins/Runtime/PhysXVehicles/Binaries/Win64/UE4Editor-PhysXVehicles.dll (API version 3709383).
LogModuleManager: Display: Found up-to-date module file ../../../Engine/Plugins/Runtime/PhysXVehicles/Binaries/Win64/UE4Editor-PhysXVehiclesEditor.dll (API version 3709383).
LogModuleManager: Display: Found up-to-date module file ../../../Engine/Plugins/Runtime/ProceduralMeshComponent/Binaries/Win64/UE4Editor-ProceduralMeshComponent.dll (API version 3709383).
LogModuleManager: Display: Found up-to-date module file ../../../Engine/Plugins/Runtime/ProceduralMeshComponent/Binaries/Win64/UE4Editor-ProceduralMeshComponentEditor.dll (API version 3709383).
LogModuleManager: Display: Found up-to-date module file ../../../Engine/Plugins/Runtime/RuntimePhysXCooking/Binaries/Win64/UE4Editor-RuntimePhysXCooking.dll (API version 3709383).
LogModuleManager: Display: Found up-to-date module file ../../../Engine/Plugins/Runtime/Steam/SteamVR/Binaries/Win64/UE4Editor-SteamVR.dll (API version 3709383).
LogModuleManager: Display: Found up-to-date module file ../../../Engine/Plugins/Runtime/Steam/SteamVR/Binaries/Win64/UE4Editor-SteamVRController.dll (API version 3709383).
LogModuleManager: Display: Found up-to-date module file ../../../Engine/Plugins/Runtime/WindowsMoviePlayer/Binaries/Win64/UE4Editor-WindowsMoviePlayer.dll (API version 3709383).
LogPluginManager: Mounting plugin Paper2D
LogPluginManager: Mounting plugin LightPropagationVolume
LogPluginManager: Mounting plugin CodeLiteSourceCodeAccess
LogPluginManager: Mounting plugin GitSourceControl
LogPluginManager: Mounting plugin KDevelopSourceCodeAccess
LogPluginManager: Mounting plugin NullSourceCodeAccess
LogPluginManager: Mounting plugin PerforceSourceControl
LogPluginManager: Mounting plugin SubversionSourceControl
LogPluginManager: Mounting plugin UObjectPlugin
LogPluginManager: Mounting plugin VisualStudioCodeSourceCodeAccess
LogPluginManager: Mounting plugin VisualStudioSourceCodeAccess
LogPluginManager: Mounting plugin XCodeSourceCodeAccess
LogPluginManager: Mounting plugin AssetManagerEditor
LogPluginManager: Mounting plugin AudioCapture
LogPluginManager: Mounting plugin FacialAnimation
LogPluginManager: Mounting plugin GameplayTagsEditor
LogPluginManager: Mounting plugin MobileLauncherProfileWizard
LogPluginManager: Mounting plugin PluginBrowser
LogPluginManager: Mounting plugin SpeedTreeImporter
LogPluginManager: Mounting plugin AlembicImporter
LogPluginManager: Mounting plugin CharacterAI
LogPluginManager: Mounting plugin HTML5Networking
LogPluginManager: Mounting plugin AndroidMedia
LogPluginManager: Mounting plugin AvfMedia
LogPluginManager: Mounting plugin ImgMedia
LogPluginManager: Mounting plugin MediaCompositing
LogPluginManager: Mounting plugin MediaPlayerEditor
LogPluginManager: Mounting plugin WmfMedia
LogPluginManager: Mounting plugin TcpMessaging
LogPluginManager: Mounting plugin UdpMessaging
LogPluginManager: Mounting plugin ActorSequence
LogPluginManager: Mounting plugin LevelSequenceEditor
LogPluginManager: Mounting plugin MatineeToLevelSequence
LogPluginManager: Mounting plugin OnlineSubsystemGooglePlay
LogPluginManager: Mounting plugin OnlineSubsystemIOS
LogPluginManager: Mounting plugin OnlineSubsystem
LogPluginManager: Mounting plugin OnlineSubsystemNull
LogPluginManager: Mounting plugin OnlineSubsystemUtils
LogPluginManager: Mounting plugin AndroidDeviceProfileSelector
LogPluginManager: Mounting plugin AndroidMoviePlayer
LogPluginManager: Mounting plugin AndroidPermission
LogPluginManager: Mounting plugin AppleARKit
LogPluginManager: Mounting plugin AppleMoviePlayer
LogPluginManager: Mounting plugin ArchVisCharacter
LogPluginManager: Mounting plugin CableComponent
LogPluginManager: Mounting plugin CustomMeshComponent
LogPluginManager: Mounting plugin ExampleDeviceProfileSelector
LogPluginManager: Mounting plugin GoogleCloudMessaging
LogPluginManager: Mounting plugin ImmediatePhysics
LogPluginManager: Mounting plugin IOSDeviceProfileSelector
LogPluginManager: Mounting plugin LinuxDeviceProfileSelector
LogPluginManager: Mounting plugin LocationServicesBPLibrary
LogPluginManager: Mounting plugin MobilePatchingUtils
LogPluginManager: Mounting plugin OculusVR
LogPluginManager: Plugin shader directory ../../../Engine/Plugins/Runtime/Oculus/OculusVR/Shaders found
LogPluginManager: Mapping shader source directory ../../../Engine/Plugins/Runtime/Oculus/OculusVR/Shaders to virtual directory /Plugin/OculusVR
LogPluginManager: Mounting plugin PhysXVehicles
LogPluginManager: Mounting plugin ProceduralMeshComponent
LogPluginManager: Mounting plugin RuntimePhysXCooking
LogPluginManager: Mounting plugin SteamVR
LogPluginManager: Mounting plugin WindowsMoviePlayer
LogInit: Using libcurl 7.47.1
LogInit:  - built for x86_64-pc-win32
LogInit:  - supports SSL with OpenSSL/1.0.2g
LogInit:  - supports HTTP deflate (compression) using libz 1.2.8
LogInit:  - other features:
LogInit:      CURL_VERSION_SSL
LogInit:      CURL_VERSION_LIBZ
LogInit:      CURL_VERSION_IPV6
LogInit:      CURL_VERSION_ASYNCHDNS
LogInit:      CURL_VERSION_LARGEFILE
LogInit:      CURL_VERSION_IDN
LogInit:  CurlRequestOptions (configurable via config and command line):
LogInit:  - bVerifyPeer = false  - Libcurl will NOT verify peer certificate
LogInit:  - bUseHttpProxy = false  - Libcurl will NOT use HTTP proxy
LogInit:  - bDontReuseConnections = false  - Libcurl will reuse connections
LogInit:  - CertBundlePath = nullptr  - Libcurl will use whatever was configured at build time.
LogInit: Build: ++UE4+Release-4.18-CL-3754814
LogInit: Engine Version: 4.18.1-3754814+++UE4+Release-4.18
LogInit: Compatible Engine Version: 4.18.0-3709383+++UE4+Release-4.18
LogInit: Net CL: 3709383
LogDevObjectVersion: Number of dev versions registered: 16
LogDevObjectVersion:   Dev-Blueprints (B0D832E4-1F89-4F0D-ACCF-7EB736FD4AA2): 10
LogDevObjectVersion:   Dev-Build (E1C64328-A22C-4D53-A36C-8E866417BD8C): 0
LogDevObjectVersion:   Dev-Core (375EC13C-06E4-48FB-B500-84F0262A717E): 2
LogDevObjectVersion:   Dev-Editor (E4B068ED-F494-42E9-A231-DA0B2E46BB41): 20
LogDevObjectVersion:   Dev-Framework (CFFC743F-43B0-4480-9391-14DF171D2073): 30
LogDevObjectVersion:   Dev-Mobile (B02B49B5-BB20-44E9-A304-32B752E40360): 0
LogDevObjectVersion:   Dev-Networking (A4E4105C-59A1-49B5-A7C5-40C4547EDFEE): 0
LogDevObjectVersion:   Dev-Online (39C831C9-5AE6-47DC-9A44-9C173E1C8E7C): 0
LogDevObjectVersion:   Dev-Physics (78F01B33-EBEA-4F98-B9B4-84EACCB95AA2): 0
LogDevObjectVersion:   Dev-Platform (6631380F-2D4D-43E0-8009-CF276956A95A): 0
LogDevObjectVersion:   Dev-Rendering (12F88B9F-8875-4AFC-A67C-D90C383ABD29): 20
LogDevObjectVersion:   Dev-Sequencer (7B5AE74C-D270-4C10-A958-57980B212A5A): 4
LogDevObjectVersion:   Dev-VR (D7296918-1DD6-4BDD-9DE2-64A83CC13884): 0
LogDevObjectVersion:   Dev-LoadTimes (C2A15278-BFE7-4AFE-6C17-90FF531DF755): 1
LogDevObjectVersion:   Private-Geometry (6EACA3D4-40EC-4CC1-B786-8BED09428FC5): 1
LogDevObjectVersion:   Dev-AnimPhys (29E575DD-E0A3-4627-9D10-D276232CDCEA): 12
LogInit: Compiled (64-bit): Nov 14 2017 02:05:55
LogInit: Compiled with Visual C++: 19.00.24215.01
LogInit: Build Configuration: Development
LogInit: Branch Name: ++UE4+Release-4.18
LogInit: Command line:  
LogInit: Base directory: C:/Games Fast/UE_4.18/Engine/Binaries/Win64/
LogInit: Installed Engine Build: 1
LogInit: Presizing for max 8388607 objects, including 0 objects not considered by GC, pre-allocating 0 bytes for permanent pool.
LogInit: Object subsystem initialized
[2017.12.01-02.23.27:650][  0]LogInit: Selected Device Profile: [Windows]
[2017.12.01-02.23.27:650][  0]LogInit: Applying CVar settings loaded from the selected device profile: [Windows]
[2017.12.01-02.23.27:661][  0]LogInit: Computer: RICK-PC
[2017.12.01-02.23.27:661][  0]LogInit: User: Rick
[2017.12.01-02.23.27:661][  0]LogInit: CPU Page size=4096, Cores=4
[2017.12.01-02.23.27:661][  0]LogInit: High frequency timer resolution =3.331220 MHz
[2017.12.01-02.23.27:662][  0]LogMemory: Memory total: Physical=8.0GB (8GB approx)
[2017.12.01-02.23.27:662][  0]LogMemory: Platform Memory Stats for Windows
[2017.12.01-02.23.27:662][  0]LogMemory: Process Physical Memory: 274.92 MB used, 274.92 MB peak
[2017.12.01-02.23.27:662][  0]LogMemory: Process Virtual Memory: 275.04 MB used, 275.04 MB peak
[2017.12.01-02.23.27:662][  0]LogMemory: Physical Memory: 3513.34 MB used,  4645.80 MB free, 8159.15 MB total
[2017.12.01-02.23.27:662][  0]LogMemory: Virtual Memory: 629.90 MB used,  4645.80 MB free, 8388608.00 MB total
[2017.12.01-02.23.27:871][  0]LogInit: Using OS detected language (en-NZ).
[2017.12.01-02.23.27:871][  0]LogInit: Using OS detected locale (en-NZ).
[2017.12.01-02.23.27:881][  0]LogTextLocalizationManager: No specific localization for 'en-NZ' exists, so the 'en' localization will be used.
[2017.12.01-02.23.28:335][  0]LogWindows: Failed to load 'shcore.dll' (GetLastError=126)
[2017.12.01-02.23.28:335][  0]LogWindows: File 'shcore.dll' does not exist
[2017.12.01-02.23.28:335][  0]LogInit: Setting process to DPI aware
[2017.12.01-02.23.28:339][  0]LogWindows: Failed to load 'shcore.dll' (GetLastError=126)
[2017.12.01-02.23.28:339][  0]LogWindows: File 'shcore.dll' does not exist
[2017.12.01-02.23.28:339][  0]LogInit: Setting process to DPI aware
[2017.12.01-02.23.28:736][  0]LogD3D11RHI: D3D11 adapters:
[2017.12.01-02.23.28:766][  0]LogD3D11RHI:    0. 'NVIDIA GeForce GTX 780' (Feature Level 11_0)
[2017.12.01-02.23.28:766][  0]LogD3D11RHI:       3013/0/3823 MB DedicatedVideo/DedicatedSystem/SharedSystem, Outputs:1, VendorId:0x10de
[2017.12.01-02.23.28:766][  0]LogD3D11RHI: Chosen D3D11 Adapter: 0
[2017.12.01-02.23.28:770][  0]LogD3D11RHI: Creating new Direct3DDevice
[2017.12.01-02.23.28:770][  0]LogD3D11RHI:     GPU DeviceId: 0x1004 (for the marketing name, search the web for "GPU Device Id")
[2017.12.01-02.23.28:770][  0]LogWindows: EnumDisplayDevices:
[2017.12.01-02.23.28:770][  0]LogWindows:    0. 'NVIDIA GeForce GTX 780' (P:1 D:1)
[2017.12.01-02.23.28:770][  0]LogWindows:    1. 'NVIDIA GeForce GTX 780' (P:0 D:0)
[2017.12.01-02.23.28:771][  0]LogWindows:    2. 'NVIDIA GeForce GTX 780' (P:0 D:0)
[2017.12.01-02.23.28:771][  0]LogWindows:    3. 'NVIDIA GeForce GTX 780' (P:0 D:0)
[2017.12.01-02.23.28:771][  0]LogWindows:    4. 'RDPDD Chained DD' (P:0 D:0)
[2017.12.01-02.23.28:771][  0]LogWindows:    5. 'RDP Encoder Mirror Driver' (P:0 D:0)
[2017.12.01-02.23.28:771][  0]LogWindows:    6. 'RDP Reflector Display Driver' (P:0 D:0)
[2017.12.01-02.23.28:771][  0]LogWindows: DebugString: GetVideoDriverDetailsInvalid PrimaryIsNotTheChoosenAdapter GetVideoDriverDetailsInvalid PrimaryIsNotTheChoosenAdapter GetVideoDriverDetailsInvalid PrimaryIsNotTheChoosenAdapter FoundDriverCount:4 
[2017.12.01-02.23.28:771][  0]LogD3D11RHI:     Adapter Name: NVIDIA GeForce GTX 780
[2017.12.01-02.23.28:771][  0]LogD3D11RHI:   Driver Version: 387.92 (internal:23.21.13.8792, unified:387.92)
[2017.12.01-02.23.28:771][  0]LogD3D11RHI:      Driver Date: 10-6-2017
[2017.12.01-02.23.28:771][  0]LogRHI: Texture pool is 2109 MB (70% of 3013 MB)
[2017.12.01-02.23.28:782][  0]LogD3D11RHI: Async texture creation enabled
[2017.12.01-02.23.28:798][  0]LogD3D11RHI: GPU Timing Frequency: 1000.000000 (Debug: 2 2)
[2017.12.01-02.23.28:800][  0]LogShaderCompilers: Guid format shader working directory is -22 characters bigger than the processId version (../../../../../Users/Rick/Documents/Unreal Projects Git/FPSHomework/Intermediate/Shaders/WorkingDirectory/6996/).
[2017.12.01-02.23.28:800][  0]LogShaderCompilers: Cleaned the shader compiler working directory 'C:/Users/Rick/AppData/Local/Temp/UnrealShaderWorkingDir/14E1804B4F23D1A3D7EDBC95EF4ABE54/'.
[2017.12.01-02.23.28:800][  0]LogShaderCompilers: Display: Using Local Shader Compiler.
[2017.12.01-02.23.30:156][  0]LogTemp: Display: Loaded TP AllDesktopTargetPlatform
[2017.12.01-02.23.30:221][  0]LogTemp: Display: Loaded TP MacClientTargetPlatform
[2017.12.01-02.23.30:286][  0]LogTemp: Display: Loaded TP MacNoEditorTargetPlatform
[2017.12.01-02.23.30:351][  0]LogTemp: Display: Loaded TP MacServerTargetPlatform
[2017.12.01-02.23.30:418][  0]LogTemp: Display: Loaded TP MacTargetPlatform
[2017.12.01-02.23.30:484][  0]LogTemp: Display: Loaded TP WindowsClientTargetPlatform
[2017.12.01-02.23.30:551][  0]LogTemp: Display: Loaded TP WindowsNoEditorTargetPlatform
[2017.12.01-02.23.30:616][  0]LogTemp: Display: Loaded TP WindowsServerTargetPlatform
[2017.12.01-02.23.30:674][  0]LogTemp: Display: Loaded TP WindowsTargetPlatform
[2017.12.01-02.23.30:738][  0]LogTemp: Display: Loaded TP Android_ASTCTargetPlatform
[2017.12.01-02.23.30:802][  0]LogTemp: Display: Loaded TP Android_ATCTargetPlatform
[2017.12.01-02.23.30:866][  0]LogTemp: Display: Loaded TP Android_DXTTargetPlatform
[2017.12.01-02.23.30:931][  0]LogTemp: Display: Loaded TP Android_ETC1TargetPlatform
[2017.12.01-02.23.30:994][  0]LogTemp: Display: Loaded TP Android_ETC2TargetPlatform
[2017.12.01-02.23.31:122][  0]LogTemp: Display: Loaded TP Android_MultiTargetPlatform
[2017.12.01-02.23.31:122][  0]LogTemp: Display: Loaded TP Android_PVRTCTargetPlatform
[2017.12.01-02.23.31:187][  0]LogTemp: Display: Loaded TP AndroidTargetPlatform
[2017.12.01-02.23.31:238][  0]LogTemp: Display: Loaded TP HTML5TargetPlatform
[2017.12.01-02.23.31:345][  0]LogTemp: Display: Loaded TP IOSTargetPlatform
[2017.12.01-02.23.31:375][  0]LogTemp: Display: Loaded TP TVOSTargetPlatform
[2017.12.01-02.23.31:439][  0]LogTemp: Display: Loaded TP LinuxClientTargetPlatform
[2017.12.01-02.23.31:503][  0]LogTemp: Display: Loaded TP LinuxNoEditorTargetPlatform
[2017.12.01-02.23.31:568][  0]LogTemp: Display: Loaded TP LinuxServerTargetPlatform
[2017.12.01-02.23.31:632][  0]LogTemp: Display: Loaded TP LinuxTargetPlatform
[2017.12.01-02.23.31:632][  0]LogTargetPlatformManager: Display: Building Assets For Windows
[2017.12.01-02.23.32:200][  0]LogDerivedDataCache: Display: Max Cache Size: 512 MB
[2017.12.01-02.23.32:665][  0]LogDerivedDataCache: Loaded boot cache 0.46s 78MB C:/Users/Rick/AppData/Local/UnrealEngine/4.18/DerivedDataCache/Boot.ddc.
[2017.12.01-02.23.32:665][  0]LogDerivedDataCache: Display: Loaded Boot cache: C:/Users/Rick/AppData/Local/UnrealEngine/4.18/DerivedDataCache/Boot.ddc
[2017.12.01-02.23.32:665][  0]LogDerivedDataCache: FDerivedDataBackendGraph:  Pak pak cache file ../../../../../Users/Rick/Documents/Unreal Projects Git/FPSHomework/DerivedDataCache/DDC.ddp not found, will not use a pak cache.
[2017.12.01-02.23.32:665][  0]LogDerivedDataCache: Unable to find inner node Pak for hierarchical cache Hierarchy.
[2017.12.01-02.23.32:665][  0]LogDerivedDataCache: FDerivedDataBackendGraph:  CompressedPak pak cache file ../../../../../Users/Rick/Documents/Unreal Projects Git/FPSHomework/DerivedDataCache/Compressed.ddp not found, will not use a pak cache.
[2017.12.01-02.23.32:665][  0]LogDerivedDataCache: Unable to find inner node CompressedPak for hierarchical cache Hierarchy.
[2017.12.01-02.23.32:699][  0]LogDerivedDataCache: Display: Pak cache opened for reading ../../../Engine/DerivedDataCache/Compressed.ddp.
[2017.12.01-02.23.32:711][  0]LogDerivedDataCache: Using Local data cache path C:/Users/Rick/AppData/Local/UnrealEngine/Common/DerivedDataCache: Writable
[2017.12.01-02.23.32:722][  0]LogMaterial: Verifying Global Shaders for PCD3D_SM5
[2017.12.01-02.23.32:722][  0]LogSlate: Using Freetype 2.6.0
[2017.12.01-02.23.32:724][  0]LogSlate: SlateFontCache - WITH_FREETYPE: 1, WITH_HARFBUZZ: 1
[2017.12.01-02.23.32:724][  0]LogSlate: SlateFontCache - WITH_FREETYPE: 1, WITH_HARFBUZZ: 1
[2017.12.01-02.23.33:458][  0]LogInit: Selected Device Profile: [Windows]
[2017.12.01-02.23.33:888][  0]LogSimplygon: Simplygon DLL not present - disabling.
[2017.12.01-02.23.33:941][  0]LogMeshReduction: Using SimplygonSwarm for distributed automatic mesh merging
[2017.12.01-02.23.33:941][  0]LogMeshReduction: Using QuadricMeshReduction for automatic static mesh reduction
[2017.12.01-02.23.33:941][  0]LogMeshReduction: No automatic skeletal mesh reduction module available
[2017.12.01-02.23.33:941][  0]LogMeshReduction: No automatic mesh merging module available
[2017.12.01-02.23.33:941][  0]LogMeshMerging: No automatic mesh merging module available
[2017.12.01-02.23.33:979][  0]LogNetVersion: FPS_Homework , NetCL: 3709383, EngineNetVer: 2, GameNetVer: 0 (Checksum: 4043476592)
[2017.12.01-02.23.34:202][  0]LogAssetRegistry: FAssetRegistry took 0.0247 seconds to start up
[2017.12.01-02.23.34:887][  0]LogPackageLocalizationCache: Processed 7 localized package path(s) for 2 prioritized culture(s) in 0.061625 seconds
[2017.12.01-02.23.34:892][  0]LogUObjectArray: 35900 objects as part of root set at end of initial load.
[2017.12.01-02.23.34:892][  0]LogUObjectAllocator: 7372016 out of 0 bytes used by permanent object pool.
[2017.12.01-02.23.34:892][  0]LogUObjectArray: CloseDisregardForGC: 0/0 objects in disregard for GC pool
[2017.12.01-02.23.34:949][  0]LogInit: WinSock: version 1.1 (2.2), MaxSocks=32767, MaxUdp=65467
[2017.12.01-02.23.38:968][  0]LogTcpMessaging: Initializing TcpMessaging bridge
[2017.12.01-02.23.39:016][  0]LogUdpMessaging: Initializing bridge on interface 0.0.0.0:0 to multicast group 230.0.0.1:6666.
[2017.12.01-02.23.39:924][  0]LogMaterial: Uniform references updated for custom material expression Custom.
[2017.12.01-02.23.40:473][  0]SourceControl: Source control is disabled
[2017.12.01-02.23.40:473][  0]SourceControl: Source control is disabled
[2017.12.01-02.23.40:543][  0]SourceControl: Source control is disabled
[2017.12.01-02.23.40:612][  0]SourceControl: Source control is disabled
[2017.12.01-02.23.41:662][  0]LogAndroidPermission: UAndroidPermissionCallbackProxy::GetInstance
[2017.12.01-02.23.42:011][  0]LogOcInput: OculusInput pre-init called
[2017.12.01-02.23.42:373][  0]LogEngine: Initializing Engine...
[2017.12.01-02.23.42:376][  0]LogHMD: Failed to initialize OpenVR with code 110
[2017.12.01-02.23.42:647][  0]LogStats: UGameplayTagsManager::ConstructGameplayTagTree: Construct from data asset -  0.000 s
[2017.12.01-02.23.42:647][  0]LogStats: UGameplayTagsManager::ConstructGameplayTagTree: GameplayTagTreeChangedEvent.Broadcast -  0.000 s
[2017.12.01-02.23.42:811][  0]LogAIModule: Creating AISystem for world Untitled
[2017.12.01-02.23.42:829][  0]LogInit: XAudio2 using 'Speakers (Realtek High Definition Audio)' : 2 channels at 48 kHz using 32 bits per sample (channel mask 0x3)
[2017.12.01-02.23.42:841][  0]LogInit: FAudioDevice initialized.
[2017.12.01-02.23.42:953][  0]LogDerivedDataCache: Saved boot cache 0.11s 78MB C:/Users/Rick/AppData/Local/UnrealEngine/4.18/DerivedDataCache/Boot.ddc.
[2017.12.01-02.23.42:972][  0]LogInit: Texture streaming: Enabled
[2017.12.01-02.23.43:145][  0]LogEngineSessionManager: EngineSessionManager initialized
[2017.12.01-02.23.43:312][  0]LogInit: Transaction tracking system initialized
[2017.12.01-02.23.43:712][  0]BlueprintLog: New page: Editor Load
[2017.12.01-02.23.44:829][  0]LocalizationService: Localization service is disabled
[2017.12.01-02.23.45:760][  0]LogConsoleResponse: Display: 
[2017.12.01-02.23.46:010][  0]LogCook: Display: Max memory allowance for cook 16384mb min free memory 0mb
[2017.12.01-02.23.46:010][  0]LogCook: Display: Mobile HDR setting 1
[2017.12.01-02.23.46:010][  0]LogGameplayTags: Display: UGameplayTagsManager::DoneAddingNativeTags. DelegateIsBound: 0
[2017.12.01-02.23.46:204][  0]LogFileCache: Scanning file cache for directory 'C:/Users/Rick/Documents/Unreal Projects Git/FPSHomework/Content/' took 0.02s
[2017.12.01-02.23.47:549][  0]SourceControl: Source control is disabled
[2017.12.01-02.23.47:623][  0]LogSlate: Took 0.001218 seconds to synchronously load lazily loaded font '../../../Engine/Content/Slate/Fonts/Roboto-Regular.ttf' (155K)
[2017.12.01-02.24.05:582][  0]Cmd: MAP LOAD FILE="../../../../../Users/Rick/Documents/Unreal Projects Git/FPSHomework/Content/FirstPersonBP/Maps/FirstPersonExampleMap.umap" TEMPLATE=0 SHOWPROGRESS=1 FEATURELEVEL=3
[2017.12.01-02.24.05:583][  0]LightingResults: New page: Lighting Build
[2017.12.01-02.24.05:652][  0]MapCheck: New page: Map Check
[2017.12.01-02.24.05:652][  0]LightingResults: New page: Lighting Build
[2017.12.01-02.24.07:049][  0]LogAIModule: Creating AISystem for world FirstPersonExampleMap
[2017.12.01-02.24.07:206][  0]LogEditorServer: Finished looking for orphan Actors (0.000 secs)
[2017.12.01-02.24.07:223][  0]Cmd: MAP CHECKDEP NOCLEARLOG
[2017.12.01-02.24.07:325][  0]MapCheck: Map check complete: 0 Error(s), 0 Warning(s), took 102.401ms to complete.
[2017.12.01-02.24.07:326][  0]LogFileHelpers: Loading map 'FirstPersonExampleMap' took 1.744
[2017.12.01-02.24.07:424][  0]LogStats: Warning: MetaData mismatch. Did you assign a stat to two groups? New //STATGROUP_Threads//SplashScreenThread///Thread_11a0_0///####STATCAT_Advanced#### old //STATGROUP_Threads//SplashScreenThread///Thread_64c_0///####STATCAT_Advanced####
[2017.12.01-02.24.07:424][  0]LogCollectionManager: Loaded 0 collections in 0.002629 seconds
[2017.12.01-02.24.07:514][  0]LogFileCache: Scanning file cache for directory 'C:/Users/Rick/Documents/Unreal Projects Git/FPSHomework/Saved/Collections/' took 0.01s
[2017.12.01-02.24.07:514][  0]LogFileCache: Scanning file cache for directory 'C:/Users/Rick/Documents/Unreal Projects Git/FPSHomework/Content/Developers/Rick/Collections/' took 0.01s
[2017.12.01-02.24.07:514][  0]LogFileCache: Scanning file cache for directory 'C:/Users/Rick/Documents/Unreal Projects Git/FPSHomework/Content/Collections/' took 0.01s
[2017.12.01-02.24.07:514][  0]LogCollectionManager: Rebuilt the GUID cache for 0 collections in 0.000001 seconds
[2017.12.01-02.24.07:524][  0]LogContentBrowser: Native class hierarchy populated in 0.0103 seconds. Added 2363 classes and 519 folders.
[2017.12.01-02.24.07:604][  0]LogContentBrowser: Native class hierarchy updated for 'WidgetCarousel' in 0.0002 seconds. Added 0 classes and 0 folders.
[2017.12.01-02.24.07:754][  0]LogContentBrowser: Native class hierarchy updated for 'AddContentDialog' in 0.0002 seconds. Added 0 classes and 0 folders.
[2017.12.01-02.24.07:818][  0]LogContentBrowser: Native class hierarchy updated for 'SceneOutliner' in 0.0003 seconds. Added 1 classes and 2 folders.
[2017.12.01-02.24.08:914][  0]LogSlate: Only BGRA pngs, bmps or icos are supported in by External Image Picker
[2017.12.01-02.24.08:969][  0]LogTemp: Executing iPhonePackager certificates Engine -bundlename com.YourCompany.FPSHomework
[2017.12.01-02.24.08:970][  0]LogTemp: CWD: C:\Games Fast\UE_4.18\Engine\Binaries\DotNET\IOS
[2017.12.01-02.24.08:970][  0]LogTemp: Initial Dir: C:\Games Fast\UE_4.18
[2017.12.01-02.24.08:970][  0]LogTemp: Env CWD: C:\Games Fast\UE_4.18\Engine\Binaries\DotNET\IOS
[2017.12.01-02.24.08:970][  0]LogTemp: BranchPath = RICK-PC/C/Games Fast/UE_4.18/Engine/Binaries --- GameBranchPath = RICK-PC/C/Games Fast/UE_4.18/Engine/Binaries
[2017.12.01-02.24.08:970][  0]LogTemp: IPP ERROR: Could not find provision directory 'C:\Users\Rick\AppData\Local/Apple Computer/MobileDevice/Provisioning Profiles/'.
[2017.12.01-02.24.08:970][  0]LogSlate: Took 0.001202 seconds to synchronously load lazily loaded font '../../../Engine/Content/Slate/Fonts/Roboto-Bold.ttf' (160K)
[2017.12.01-02.24.08:976][  0]LogSlate: Took 0.001394 seconds to synchronously load lazily loaded font '../../../Engine/Content/Editor/Slate/Fonts/FontAwesome.ttf' (139K)
[2017.12.01-02.24.09:119][  0]LogRenderer: Reallocating scene render targets to support 1208x576 Format 10 NumSamples 1 (Frame:1).
[2017.12.01-02.24.09:356][  0]LogContentBrowser: Native class hierarchy updated for 'HierarchicalLODOutliner' in 0.0003 seconds. Added 1 classes and 2 folders.
[2017.12.01-02.24.09:356][  0]LogLoad: (Engine Initialization) Total time: 45.76 seconds
[2017.12.01-02.24.09:356][  0]LogLoad: (Engine Initialization) Total Blueprint compile time: 0.00 seconds
[2017.12.01-02.24.09:356][  0]LogExternalProfiler: No external profilers were discovered.  External profiling features will not be available.
[2017.12.01-02.24.09:391][  0]LogContentStreaming: Texture pool size now 1000 MB
[2017.12.01-02.24.09:431][  0]LogSlate: Took 0.001467 seconds to synchronously load lazily loaded font '../../../Engine/Content/Slate/Fonts/Roboto-Light.ttf' (159K)
[2017.12.01-02.24.09:478][  1]LogAssetRegistry: Asset discovery search completed in 35.2961 seconds
[2017.12.01-02.24.09:480][  1]LogCollectionManager: Rebuilt the object cache for 0 collections in 0.000000 seconds (found 0 objects)
[2017.12.01-02.24.09:480][  1]LogCollectionManager: Fixed up redirectors for 0 collections in 0.000065 seconds (updated 0 objects)
[2017.12.01-02.24.10:401][ 64]LogSlate: Took 0.000338 seconds to synchronously load lazily loaded font '../../../Engine/Content/Slate/Fonts/Roboto-Light.ttf' (159K)
[2017.12.01-02.24.22:315][293]LogSlate: Took 0.000186 seconds to synchronously load lazily loaded font '../../../Engine/Content/Slate/Fonts/Roboto-Light.ttf' (159K)
[2017.12.01-02.24.22:823][293]LogContentBrowser: Native class hierarchy updated for 'BlueprintGraph' in 0.0007 seconds. Added 116 classes and 0 folders.
[2017.12.01-02.24.24:040][293]LogSlate: Took 0.001326 seconds to synchronously load lazily loaded font '../../../Engine/Content/Editor/Slate/Fonts/Roboto-BoldCondensed.ttf' (158K)
[2017.12.01-02.24.24:324][294]LogSlate: Took 0.001293 seconds to synchronously load lazily loaded font '../../../Engine/Content/Editor/Slate/Fonts/Roboto-Italic.ttf' (157K)
[2017.12.01-02.24.29:662][773]LogActorComponent: UnregisterComponent: (/Engine/Transient.EditorFloorComp) Not registered. Aborting.
[2017.12.01-02.24.55:673][136]LogEditorViewport: Clicking on Actor (LMB): Teleporter_C (Teleporter1)
[2017.12.01-02.25.05:506][998]LogEditorViewport: Clicking on Actor (LMB): Teleporter_C (Teleporter2)
[2017.12.01-02.25.46:914][765]LogEditorViewport: Clicking on Actor (LMB): Teleporter_C (Teleporter2)
[2017.12.01-02.26.04:955][369]LogEditorViewport: Clicking on Actor (LMB): Teleporter_C (Teleporter1)
[2017.12.01-02.26.09:003][718]LogEditorViewport: Clicking on Actor (LMB): Teleporter_C (Teleporter2)
[2017.12.01-02.26.15:018][250]LogEditorViewport: Clicking on Actor (LMB): Teleporter_C (Teleporter3)
[2017.12.01-02.26.20:803][754]LogEditorViewport: Clicking on Actor (LMB): Teleporter_C (Teleporter4)
[2017.12.01-02.26.25:415][126]LogTemp: Repeating last play command: Selected Viewport
[2017.12.01-02.26.25:472][126]LogBlueprintUserMessages: Early PlayInEditor Detection: Level '/Game/FirstPersonBP/Maps/FirstPersonExampleMap.FirstPersonExampleMap:PersistentLevel' has LevelScriptBlueprint '/Game/FirstPersonBP/Maps/FirstPersonExampleMap.FirstPersonExampleMap:PersistentLevel.FirstPersonExampleMap' with GeneratedClass '/Game/FirstPersonBP/Maps/FirstPersonExampleMap.FirstPersonExampleMap_C' with ClassGeneratedBy '/Game/FirstPersonBP/Maps/FirstPersonExampleMap.FirstPersonExampleMap:PersistentLevel.FirstPersonExampleMap'
[2017.12.01-02.26.25:473][126]LogPlayLevel: PlayLevel: No blueprints needed recompiling
[2017.12.01-02.26.25:473][126]PIE: New page: PIE session: FirstPersonExampleMap (2/12/2017 4:26:25 am)
[2017.12.01-02.26.25:473][126]LogPlayLevel: Creating play world package: /Game/FirstPersonBP/Maps/UEDPIE_0_FirstPersonExampleMap
[2017.12.01-02.26.25:520][126]LogPlayLevel: PIE: StaticDuplicateObject took: (0.046303s)
[2017.12.01-02.26.25:520][126]LogAIModule: Creating AISystem for world FirstPersonExampleMap
[2017.12.01-02.26.25:520][126]LogPlayLevel: PIE: World Init took: (0.000819s)
[2017.12.01-02.26.25:521][126]LogPlayLevel: PIE: Created PIE world by copying editor world from /Game/FirstPersonBP/Maps/FirstPersonExampleMap.FirstPersonExampleMap to /Game/FirstPersonBP/Maps/UEDPIE_0_FirstPersonExampleMap.FirstPersonExampleMap (0.047610s)
[2017.12.01-02.26.25:567][126]LogInit: XAudio2 using 'Speakers (Realtek High Definition Audio)' : 2 channels at 48 kHz using 32 bits per sample (channel mask 0x3)
[2017.12.01-02.26.25:576][126]LogInit: FAudioDevice initialized.
[2017.12.01-02.26.25:617][126]LogLoad: Game class is 'FirstPersonGameMode_C'
[2017.12.01-02.26.25:636][126]LogWorld: Bringing World /Game/FirstPersonBP/Maps/UEDPIE_0_FirstPersonExampleMap.FirstPersonExampleMap up for play (max tick rate 0) at 2017.12.01-15.26.25
[2017.12.01-02.26.25:637][126]LogWorld: Bringing up level for play took: 0.018978
[2017.12.01-02.26.25:695][126]LogContentBrowser: Native class hierarchy updated for 'MovieSceneCapture' in 0.0003 seconds. Added 11 classes and 0 folders.
[2017.12.01-02.26.25:699][126]PIE: Play in editor start time for /Game/FirstPersonBP/Maps/UEDPIE_0_FirstPersonExampleMap 0.949
[2017.12.01-02.26.25:700][126]LogBlueprintUserMessages: Late PlayInEditor Detection: Level '/Game/FirstPersonBP/Maps/FirstPersonExampleMap.FirstPersonExampleMap:PersistentLevel' has LevelScriptBlueprint '/Game/FirstPersonBP/Maps/FirstPersonExampleMap.FirstPersonExampleMap:PersistentLevel.FirstPersonExampleMap' with GeneratedClass '/Game/FirstPersonBP/Maps/FirstPersonExampleMap.FirstPersonExampleMap_C' with ClassGeneratedBy '/Game/FirstPersonBP/Maps/FirstPersonExampleMap.FirstPersonExampleMap:PersistentLevel.FirstPersonExampleMap'
[2017.12.01-02.26.36:779][254]LogBlueprintUserMessages: Early EndPlayMap Detection: Level '/Game/FirstPersonBP/Maps/FirstPersonExampleMap.FirstPersonExampleMap:PersistentLevel' has LevelScriptBlueprint '/Game/FirstPersonBP/Maps/FirstPersonExampleMap.FirstPersonExampleMap:PersistentLevel.FirstPersonExampleMap' with GeneratedClass '/Game/FirstPersonBP/Maps/FirstPersonExampleMap.FirstPersonExampleMap_C' with ClassGeneratedBy '/Game/FirstPersonBP/Maps/FirstPersonExampleMap.FirstPersonExampleMap:PersistentLevel.FirstPersonExampleMap'
[2017.12.01-02.26.36:836][254]LogBlueprintUserMessages: Late EndPlayMap Detection: Level '/Game/FirstPersonBP/Maps/FirstPersonExampleMap.FirstPersonExampleMap:PersistentLevel' has LevelScriptBlueprint '/Game/FirstPersonBP/Maps/FirstPersonExampleMap.FirstPersonExampleMap:PersistentLevel.FirstPersonExampleMap' with GeneratedClass '/Game/FirstPersonBP/Maps/FirstPersonExampleMap.FirstPersonExampleMap_C' with ClassGeneratedBy '/Game/FirstPersonBP/Maps/FirstPersonExampleMap.FirstPersonExampleMap:PersistentLevel.FirstPersonExampleMap'
[2017.12.01-02.26.57:652][725]LogTemp: Repeating last play command: Selected Viewport
[2017.12.01-02.26.57:670][725]LogBlueprintUserMessages: Early PlayInEditor Detection: Level '/Game/FirstPersonBP/Maps/FirstPersonExampleMap.FirstPersonExampleMap:PersistentLevel' has LevelScriptBlueprint '/Game/FirstPersonBP/Maps/FirstPersonExampleMap.FirstPersonExampleMap:PersistentLevel.FirstPersonExampleMap' with GeneratedClass '/Game/FirstPersonBP/Maps/FirstPersonExampleMap.FirstPersonExampleMap_C' with ClassGeneratedBy '/Game/FirstPersonBP/Maps/FirstPersonExampleMap.FirstPersonExampleMap:PersistentLevel.FirstPersonExampleMap'
[2017.12.01-02.26.57:670][725]BlueprintLog: New page: Pre-Play auto-recompile
[2017.12.01-02.26.57:679][725]LogPlayLevel: [PlayLevel] Compiling Teleporter before play...
[2017.12.01-02.26.58:446][725]LogPlayLevel: PlayLevel: Blueprint regeneration took 775 ms (1 blueprints)
[2017.12.01-02.26.58:446][725]PIE: New page: PIE session: FirstPersonExampleMap (2/12/2017 4:26:58 am)
[2017.12.01-02.26.58:446][725]LogPlayLevel: Creating play world package: /Game/FirstPersonBP/Maps/UEDPIE_0_FirstPersonExampleMap
[2017.12.01-02.26.58:492][725]LogPlayLevel: PIE: StaticDuplicateObject took: (0.046093s)
[2017.12.01-02.26.58:493][725]LogAIModule: Creating AISystem for world FirstPersonExampleMap
[2017.12.01-02.26.58:493][725]LogPlayLevel: PIE: World Init took: (0.000982s)
[2017.12.01-02.26.58:494][725]LogPlayLevel: PIE: Created PIE world by copying editor world from /Game/FirstPersonBP/Maps/FirstPersonExampleMap.FirstPersonExampleMap to /Game/FirstPersonBP/Maps/UEDPIE_0_FirstPersonExampleMap.FirstPersonExampleMap (0.047484s)
[2017.12.01-02.26.58:517][725]LogInit: XAudio2 using 'Speakers (Realtek High Definition Audio)' : 2 channels at 48 kHz using 32 bits per sample (channel mask 0x3)
[2017.12.01-02.26.58:526][725]LogInit: FAudioDevice initialized.
[2017.12.01-02.26.58:561][725]LogLoad: Game class is 'FirstPersonGameMode_C'
[2017.12.01-02.26.58:578][725]LogWorld: Bringing World /Game/FirstPersonBP/Maps/UEDPIE_0_FirstPersonExampleMap.FirstPersonExampleMap up for play (max tick rate 0) at 2017.12.01-15.26.58
[2017.12.01-02.26.58:580][725]LogWorld: Bringing up level for play took: 0.018124
[2017.12.01-02.26.58:586][725]PIE: Play in editor start time for /Game/FirstPersonBP/Maps/UEDPIE_0_FirstPersonExampleMap 1.835
[2017.12.01-02.26.58:586][725]LogBlueprintUserMessages: Late PlayInEditor Detection: Level '/Game/FirstPersonBP/Maps/FirstPersonExampleMap.FirstPersonExampleMap:PersistentLevel' has LevelScriptBlueprint '/Game/FirstPersonBP/Maps/FirstPersonExampleMap.FirstPersonExampleMap:PersistentLevel.FirstPersonExampleMap' with GeneratedClass '/Game/FirstPersonBP/Maps/FirstPersonExampleMap.FirstPersonExampleMap_C' with ClassGeneratedBy '/Game/FirstPersonBP/Maps/FirstPersonExampleMap.FirstPersonExampleMap:PersistentLevel.FirstPersonExampleMap'
[2017.12.01-02.26.58:627][725]LogRenderer: Reallocating scene render targets to support 1292x756 Format 10 NumSamples 1 (Frame:1).
[2017.12.01-02.27.11:554][232]LogBlueprintUserMessages: Early EndPlayMap Detection: Level '/Game/FirstPersonBP/Maps/FirstPersonExampleMap.FirstPersonExampleMap:PersistentLevel' has LevelScriptBlueprint '/Game/FirstPersonBP/Maps/FirstPersonExampleMap.FirstPersonExampleMap:PersistentLevel.FirstPersonExampleMap' with GeneratedClass '/Game/FirstPersonBP/Maps/FirstPersonExampleMap.FirstPersonExampleMap_C' with ClassGeneratedBy '/Game/FirstPersonBP/Maps/FirstPersonExampleMap.FirstPersonExampleMap:PersistentLevel.FirstPersonExampleMap'
[2017.12.01-02.27.11:618][232]LogBlueprintUserMessages: Late EndPlayMap Detection: Level '/Game/FirstPersonBP/Maps/FirstPersonExampleMap.FirstPersonExampleMap:PersistentLevel' has LevelScriptBlueprint '/Game/FirstPersonBP/Maps/FirstPersonExampleMap.FirstPersonExampleMap:PersistentLevel.FirstPersonExampleMap' with GeneratedClass '/Game/FirstPersonBP/Maps/FirstPersonExampleMap.FirstPersonExampleMap_C' with ClassGeneratedBy '/Game/FirstPersonBP/Maps/FirstPersonExampleMap.FirstPersonExampleMap:PersistentLevel.FirstPersonExampleMap'
[2017.12.01-02.27.23:316][626]LogTemp: Repeating last play command: Selected Viewport
[2017.12.01-02.27.23:341][626]LogBlueprintUserMessages: Early PlayInEditor Detection: Level '/Game/FirstPersonBP/Maps/FirstPersonExampleMap.FirstPersonExampleMap:PersistentLevel' has LevelScriptBlueprint '/Game/FirstPersonBP/Maps/FirstPersonExampleMap.FirstPersonExampleMap:PersistentLevel.FirstPersonExampleMap' with GeneratedClass '/Game/FirstPersonBP/Maps/FirstPersonExampleMap.FirstPersonExampleMap_C' with ClassGeneratedBy '/Game/FirstPersonBP/Maps/FirstPersonExampleMap.FirstPersonExampleMap:PersistentLevel.FirstPersonExampleMap'
[2017.12.01-02.27.23:341][626]BlueprintLog: New page: Pre-Play auto-recompile
[2017.12.01-02.27.23:350][626]LogPlayLevel: [PlayLevel] Compiling Teleporter before play...
[2017.12.01-02.27.24:219][626]LogPlayLevel: PlayLevel: Blueprint regeneration took 878 ms (1 blueprints)
[2017.12.01-02.27.24:220][626]PIE: New page: PIE session: FirstPersonExampleMap (2/12/2017 4:27:24 am)
[2017.12.01-02.27.24:220][626]LogPlayLevel: Creating play world package: /Game/FirstPersonBP/Maps/UEDPIE_0_FirstPersonExampleMap
[2017.12.01-02.27.24:265][626]LogPlayLevel: PIE: StaticDuplicateObject took: (0.045368s)
[2017.12.01-02.27.24:266][626]LogAIModule: Creating AISystem for world FirstPersonExampleMap
[2017.12.01-02.27.24:266][626]LogPlayLevel: PIE: World Init took: (0.001011s)
[2017.12.01-02.27.24:267][626]LogPlayLevel: PIE: Created PIE world by copying editor world from /Game/FirstPersonBP/Maps/FirstPersonExampleMap.FirstPersonExampleMap to /Game/FirstPersonBP/Maps/UEDPIE_0_FirstPersonExampleMap.FirstPersonExampleMap (0.046796s)
[2017.12.01-02.27.24:292][626]LogInit: XAudio2 using 'Speakers (Realtek High Definition Audio)' : 2 channels at 48 kHz using 32 bits per sample (channel mask 0x3)
[2017.12.01-02.27.24:301][626]LogInit: FAudioDevice initialized.
[2017.12.01-02.27.24:336][626]LogLoad: Game class is 'FirstPersonGameMode_C'
[2017.12.01-02.27.24:353][626]LogWorld: Bringing World /Game/FirstPersonBP/Maps/UEDPIE_0_FirstPersonExampleMap.FirstPersonExampleMap up for play (max tick rate 0) at 2017.12.01-15.27.24
[2017.12.01-02.27.24:355][626]LogWorld: Bringing up level for play took: 0.018280
[2017.12.01-02.27.24:361][626]PIE: Play in editor start time for /Game/FirstPersonBP/Maps/UEDPIE_0_FirstPersonExampleMap 1.61
[2017.12.01-02.27.24:361][626]LogBlueprintUserMessages: Late PlayInEditor Detection: Level '/Game/FirstPersonBP/Maps/FirstPersonExampleMap.FirstPersonExampleMap:PersistentLevel' has LevelScriptBlueprint '/Game/FirstPersonBP/Maps/FirstPersonExampleMap.FirstPersonExampleMap:PersistentLevel.FirstPersonExampleMap' with GeneratedClass '/Game/FirstPersonBP/Maps/FirstPersonExampleMap.FirstPersonExampleMap_C' with ClassGeneratedBy '/Game/FirstPersonBP/Maps/FirstPersonExampleMap.FirstPersonExampleMap:PersistentLevel.FirstPersonExampleMap'
[2017.12.01-02.28.04:781][802]LogBlueprintUserMessages: Early EndPlayMap Detection: Level '/Game/FirstPersonBP/Maps/FirstPersonExampleMap.FirstPersonExampleMap:PersistentLevel' has LevelScriptBlueprint '/Game/FirstPersonBP/Maps/FirstPersonExampleMap.FirstPersonExampleMap:PersistentLevel.FirstPersonExampleMap' with GeneratedClass '/Game/FirstPersonBP/Maps/FirstPersonExampleMap.FirstPersonExampleMap_C' with ClassGeneratedBy '/Game/FirstPersonBP/Maps/FirstPersonExampleMap.FirstPersonExampleMap:PersistentLevel.FirstPersonExampleMap'
[2017.12.01-02.28.04:852][802]LogBlueprintUserMessages: Late EndPlayMap Detection: Level '/Game/FirstPersonBP/Maps/FirstPersonExampleMap.FirstPersonExampleMap:PersistentLevel' has LevelScriptBlueprint '/Game/FirstPersonBP/Maps/FirstPersonExampleMap.FirstPersonExampleMap:PersistentLevel.FirstPersonExampleMap' with GeneratedClass '/Game/FirstPersonBP/Maps/FirstPersonExampleMap.FirstPersonExampleMap_C' with ClassGeneratedBy '/Game/FirstPersonBP/Maps/FirstPersonExampleMap.FirstPersonExampleMap:PersistentLevel.FirstPersonExampleMap'
[2017.12.01-02.28.12:119][633]LogEditorViewport: Clicking on Actor (LMB): Teleporter_C (Teleporter2)
[2017.12.01-02.28.24:092][751]LogEditorViewport: Clicking on Actor (LMB): StaticMeshActor (Floor2)
[2017.12.01-02.28.25:295][862]LogEditorViewport: Clicking on Actor (LMB): Teleporter_C (Teleporter2)
[2017.12.01-02.28.31:105][387]LogTemp: Repeating last play command: Selected Viewport
[2017.12.01-02.28.31:127][387]LogBlueprintUserMessages: Early PlayInEditor Detection: Level '/Game/FirstPersonBP/Maps/FirstPersonExampleMap.FirstPersonExampleMap:PersistentLevel' has LevelScriptBlueprint '/Game/FirstPersonBP/Maps/FirstPersonExampleMap.FirstPersonExampleMap:PersistentLevel.FirstPersonExampleMap' with GeneratedClass '/Game/FirstPersonBP/Maps/FirstPersonExampleMap.FirstPersonExampleMap_C' with ClassGeneratedBy '/Game/FirstPersonBP/Maps/FirstPersonExampleMap.FirstPersonExampleMap:PersistentLevel.FirstPersonExampleMap'
[2017.12.01-02.28.31:128][387]LogPlayLevel: PlayLevel: No blueprints needed recompiling
[2017.12.01-02.28.31:128][387]PIE: New page: PIE session: FirstPersonExampleMap (2/12/2017 4:28:31 am)
[2017.12.01-02.28.31:128][387]LogPlayLevel: Creating play world package: /Game/FirstPersonBP/Maps/UEDPIE_0_FirstPersonExampleMap
[2017.12.01-02.28.31:175][387]LogPlayLevel: PIE: StaticDuplicateObject took: (0.047529s)
[2017.12.01-02.28.31:176][387]LogAIModule: Creating AISystem for world FirstPersonExampleMap
[2017.12.01-02.28.31:176][387]LogPlayLevel: PIE: World Init took: (0.000890s)
[2017.12.01-02.28.31:177][387]LogPlayLevel: PIE: Created PIE world by copying editor world from /Game/FirstPersonBP/Maps/FirstPersonExampleMap.FirstPersonExampleMap to /Game/FirstPersonBP/Maps/UEDPIE_0_FirstPersonExampleMap.FirstPersonExampleMap (0.048871s)
[2017.12.01-02.28.31:205][387]LogInit: XAudio2 using 'Speakers (Realtek High Definition Audio)' : 2 channels at 48 kHz using 32 bits per sample (channel mask 0x3)
[2017.12.01-02.28.31:214][387]LogInit: FAudioDevice initialized.
[2017.12.01-02.28.31:243][387]LogLoad: Game class is 'FirstPersonGameMode_C'
[2017.12.01-02.28.31:261][387]LogWorld: Bringing World /Game/FirstPersonBP/Maps/UEDPIE_0_FirstPersonExampleMap.FirstPersonExampleMap up for play (max tick rate 0) at 2017.12.01-15.28.31
[2017.12.01-02.28.31:262][387]LogWorld: Bringing up level for play took: 0.018145
[2017.12.01-02.28.31:266][387]PIE: Play in editor start time for /Game/FirstPersonBP/Maps/UEDPIE_0_FirstPersonExampleMap 0.515
[2017.12.01-02.28.31:267][387]LogBlueprintUserMessages: Late PlayInEditor Detection: Level '/Game/FirstPersonBP/Maps/FirstPersonExampleMap.FirstPersonExampleMap:PersistentLevel' has LevelScriptBlueprint '/Game/FirstPersonBP/Maps/FirstPersonExampleMap.FirstPersonExampleMap:PersistentLevel.FirstPersonExampleMap' with GeneratedClass '/Game/FirstPersonBP/Maps/FirstPersonExampleMap.FirstPersonExampleMap_C' with ClassGeneratedBy '/Game/FirstPersonBP/Maps/FirstPersonExampleMap.FirstPersonExampleMap:PersistentLevel.FirstPersonExampleMap'
[2017.12.01-02.28.39:177][181]LogBlueprintUserMessages: Early EndPlayMap Detection: Level '/Game/FirstPersonBP/Maps/FirstPersonExampleMap.FirstPersonExampleMap:PersistentLevel' has LevelScriptBlueprint '/Game/FirstPersonBP/Maps/FirstPersonExampleMap.FirstPersonExampleMap:PersistentLevel.FirstPersonExampleMap' with GeneratedClass '/Game/FirstPersonBP/Maps/FirstPersonExampleMap.FirstPersonExampleMap_C' with ClassGeneratedBy '/Game/FirstPersonBP/Maps/FirstPersonExampleMap.FirstPersonExampleMap:PersistentLevel.FirstPersonExampleMap'
[2017.12.01-02.28.39:231][181]LogBlueprintUserMessages: Late EndPlayMap Detection: Level '/Game/FirstPersonBP/Maps/FirstPersonExampleMap.FirstPersonExampleMap:PersistentLevel' has LevelScriptBlueprint '/Game/FirstPersonBP/Maps/FirstPersonExampleMap.FirstPersonExampleMap:PersistentLevel.FirstPersonExampleMap' with GeneratedClass '/Game/FirstPersonBP/Maps/FirstPersonExampleMap.FirstPersonExampleMap_C' with ClassGeneratedBy '/Game/FirstPersonBP/Maps/FirstPersonExampleMap.FirstPersonExampleMap:PersistentLevel.FirstPersonExampleMap'
[2017.12.01-02.28.46:479][ 12]LogEditorViewport: Clicking on Actor (LMB): StaticMeshActor (Floor2)
[2017.12.01-02.28.47:161][ 73]LogEditorViewport: Clicking on Actor (LMB): Teleporter_C (Teleporter2)
[2017.12.01-02.29.07:015][380]LogTemp: Repeating last play command: Selected Viewport
[2017.12.01-02.29.07:032][380]LogBlueprintUserMessages: Early PlayInEditor Detection: Level '/Game/FirstPersonBP/Maps/FirstPersonExampleMap.FirstPersonExampleMap:PersistentLevel' has LevelScriptBlueprint '/Game/FirstPersonBP/Maps/FirstPersonExampleMap.FirstPersonExampleMap:PersistentLevel.FirstPersonExampleMap' with GeneratedClass '/Game/FirstPersonBP/Maps/FirstPersonExampleMap.FirstPersonExampleMap_C' with ClassGeneratedBy '/Game/FirstPersonBP/Maps/FirstPersonExampleMap.FirstPersonExampleMap:PersistentLevel.FirstPersonExampleMap'
[2017.12.01-02.29.07:032][380]BlueprintLog: New page: Pre-Play auto-recompile
[2017.12.01-02.29.07:041][380]LogPlayLevel: [PlayLevel] Compiling Teleporter before play...
[2017.12.01-02.29.08:031][380]LogPlayLevel: PlayLevel: Blueprint regeneration took 998 ms (1 blueprints)
[2017.12.01-02.29.08:031][380]PIE: New page: PIE session: FirstPersonExampleMap (2/12/2017 4:29:08 am)
[2017.12.01-02.29.08:031][380]LogPlayLevel: Creating play world package: /Game/FirstPersonBP/Maps/UEDPIE_0_FirstPersonExampleMap
[2017.12.01-02.29.08:076][380]LogPlayLevel: PIE: StaticDuplicateObject took: (0.045081s)
[2017.12.01-02.29.08:077][380]LogAIModule: Creating AISystem for world FirstPersonExampleMap
[2017.12.01-02.29.08:077][380]LogPlayLevel: PIE: World Init took: (0.001116s)
[2017.12.01-02.29.08:078][380]LogPlayLevel: PIE: Created PIE world by copying editor world from /Game/FirstPersonBP/Maps/FirstPersonExampleMap.FirstPersonExampleMap to /Game/FirstPersonBP/Maps/UEDPIE_0_FirstPersonExampleMap.FirstPersonExampleMap (0.046634s)
[2017.12.01-02.29.08:100][380]LogInit: XAudio2 using 'Speakers (Realtek High Definition Audio)' : 2 channels at 48 kHz using 32 bits per sample (channel mask 0x3)
[2017.12.01-02.29.08:109][380]LogInit: FAudioDevice initialized.
[2017.12.01-02.29.08:145][380]LogLoad: Game class is 'FirstPersonGameMode_C'
[2017.12.01-02.29.08:162][380]LogWorld: Bringing World /Game/FirstPersonBP/Maps/UEDPIE_0_FirstPersonExampleMap.FirstPersonExampleMap up for play (max tick rate 0) at 2017.12.01-15.29.08
[2017.12.01-02.29.08:164][380]LogWorld: Bringing up level for play took: 0.018318
[2017.12.01-02.29.08:170][380]PIE: Play in editor start time for /Game/FirstPersonBP/Maps/UEDPIE_0_FirstPersonExampleMap 1.418
[2017.12.01-02.29.08:170][380]LogBlueprintUserMessages: Late PlayInEditor Detection: Level '/Game/FirstPersonBP/Maps/FirstPersonExampleMap.FirstPersonExampleMap:PersistentLevel' has LevelScriptBlueprint '/Game/FirstPersonBP/Maps/FirstPersonExampleMap.FirstPersonExampleMap:PersistentLevel.FirstPersonExampleMap' with GeneratedClass '/Game/FirstPersonBP/Maps/FirstPersonExampleMap.FirstPersonExampleMap_C' with ClassGeneratedBy '/Game/FirstPersonBP/Maps/FirstPersonExampleMap.FirstPersonExampleMap:PersistentLevel.FirstPersonExampleMap'
[2017.12.01-02.29.22:618][ 82]LogBlueprintUserMessages: Early EndPlayMap Detection: Level '/Game/FirstPersonBP/Maps/FirstPersonExampleMap.FirstPersonExampleMap:PersistentLevel' has LevelScriptBlueprint '/Game/FirstPersonBP/Maps/FirstPersonExampleMap.FirstPersonExampleMap:PersistentLevel.FirstPersonExampleMap' with GeneratedClass '/Game/FirstPersonBP/Maps/FirstPersonExampleMap.FirstPersonExampleMap_C' with ClassGeneratedBy '/Game/FirstPersonBP/Maps/FirstPersonExampleMap.FirstPersonExampleMap:PersistentLevel.FirstPersonExampleMap'
[2017.12.01-02.29.22:683][ 82]LogBlueprintUserMessages: Late EndPlayMap Detection: Level '/Game/FirstPersonBP/Maps/FirstPersonExampleMap.FirstPersonExampleMap:PersistentLevel' has LevelScriptBlueprint '/Game/FirstPersonBP/Maps/FirstPersonExampleMap.FirstPersonExampleMap:PersistentLevel.FirstPersonExampleMap' with GeneratedClass '/Game/FirstPersonBP/Maps/FirstPersonExampleMap.FirstPersonExampleMap_C' with ClassGeneratedBy '/Game/FirstPersonBP/Maps/FirstPersonExampleMap.FirstPersonExampleMap:PersistentLevel.FirstPersonExampleMap'
[2017.12.01-02.34.49:974][ 16]LogTemp: Repeating last play command: Selected Viewport
[2017.12.01-02.34.50:000][ 16]LogBlueprintUserMessages: Early PlayInEditor Detection: Level '/Game/FirstPersonBP/Maps/FirstPersonExampleMap.FirstPersonExampleMap:PersistentLevel' has LevelScriptBlueprint '/Game/FirstPersonBP/Maps/FirstPersonExampleMap.FirstPersonExampleMap:PersistentLevel.FirstPersonExampleMap' with GeneratedClass '/Game/FirstPersonBP/Maps/FirstPersonExampleMap.FirstPersonExampleMap_C' with ClassGeneratedBy '/Game/FirstPersonBP/Maps/FirstPersonExampleMap.FirstPersonExampleMap:PersistentLevel.FirstPersonExampleMap'
[2017.12.01-02.34.50:001][ 16]BlueprintLog: New page: Pre-Play auto-recompile
[2017.12.01-02.34.50:009][ 16]LogPlayLevel: [PlayLevel] Compiling Teleporter before play...
[2017.12.01-02.34.51:092][ 16]LogPlayLevel: PlayLevel: Blueprint regeneration took 1091 ms (1 blueprints)
[2017.12.01-02.34.51:092][ 16]PIE: New page: PIE session: FirstPersonExampleMap (2/12/2017 4:34:51 am)
[2017.12.01-02.34.51:092][ 16]LogPlayLevel: Creating play world package: /Game/FirstPersonBP/Maps/UEDPIE_0_FirstPersonExampleMap
[2017.12.01-02.34.51:139][ 16]LogPlayLevel: PIE: StaticDuplicateObject took: (0.046824s)
[2017.12.01-02.34.51:140][ 16]LogAIModule: Creating AISystem for world FirstPersonExampleMap
[2017.12.01-02.34.51:140][ 16]LogPlayLevel: PIE: World Init took: (0.000868s)
[2017.12.01-02.34.51:140][ 16]LogPlayLevel: PIE: Created PIE world by copying editor world from /Game/FirstPersonBP/Maps/FirstPersonExampleMap.FirstPersonExampleMap to /Game/FirstPersonBP/Maps/UEDPIE_0_FirstPersonExampleMap.FirstPersonExampleMap (0.048108s)
[2017.12.01-02.34.51:166][ 16]LogInit: XAudio2 using 'Speakers (Realtek High Definition Audio)' : 2 channels at 48 kHz using 32 bits per sample (channel mask 0x3)
[2017.12.01-02.34.51:174][ 16]LogInit: FAudioDevice initialized.
[2017.12.01-02.34.51:207][ 16]LogLoad: Game class is 'FirstPersonGameMode_C'
[2017.12.01-02.34.51:224][ 16]LogWorld: Bringing World /Game/FirstPersonBP/Maps/UEDPIE_0_FirstPersonExampleMap.FirstPersonExampleMap up for play (max tick rate 0) at 2017.12.01-15.34.51
[2017.12.01-02.34.51:226][ 16]LogWorld: Bringing up level for play took: 0.018199
[2017.12.01-02.34.51:232][ 16]PIE: Play in editor start time for /Game/FirstPersonBP/Maps/UEDPIE_0_FirstPersonExampleMap 0.476
[2017.12.01-02.34.51:232][ 16]LogBlueprintUserMessages: Late PlayInEditor Detection: Level '/Game/FirstPersonBP/Maps/FirstPersonExampleMap.FirstPersonExampleMap:PersistentLevel' has LevelScriptBlueprint '/Game/FirstPersonBP/Maps/FirstPersonExampleMap.FirstPersonExampleMap:PersistentLevel.FirstPersonExampleMap' with GeneratedClass '/Game/FirstPersonBP/Maps/FirstPersonExampleMap.FirstPersonExampleMap_C' with ClassGeneratedBy '/Game/FirstPersonBP/Maps/FirstPersonExampleMap.FirstPersonExampleMap:PersistentLevel.FirstPersonExampleMap'
[2017.12.01-02.35.10:170][799]LogBlueprintUserMessages: Early EndPlayMap Detection: Level '/Game/FirstPersonBP/Maps/FirstPersonExampleMap.FirstPersonExampleMap:PersistentLevel' has LevelScriptBlueprint '/Game/FirstPersonBP/Maps/FirstPersonExampleMap.FirstPersonExampleMap:PersistentLevel.FirstPersonExampleMap' with GeneratedClass '/Game/FirstPersonBP/Maps/FirstPersonExampleMap.FirstPersonExampleMap_C' with ClassGeneratedBy '/Game/FirstPersonBP/Maps/FirstPersonExampleMap.FirstPersonExampleMap:PersistentLevel.FirstPersonExampleMap'
[2017.12.01-02.35.10:241][799]LogBlueprintUserMessages: Late EndPlayMap Detection: Level '/Game/FirstPersonBP/Maps/FirstPersonExampleMap.FirstPersonExampleMap:PersistentLevel' has LevelScriptBlueprint '/Game/FirstPersonBP/Maps/FirstPersonExampleMap.FirstPersonExampleMap:PersistentLevel.FirstPersonExampleMap' with GeneratedClass '/Game/FirstPersonBP/Maps/FirstPersonExampleMap.FirstPersonExampleMap_C' with ClassGeneratedBy '/Game/FirstPersonBP/Maps/FirstPersonExampleMap.FirstPersonExampleMap:PersistentLevel.FirstPersonExampleMap'
[2017.12.01-02.35.30:988][243]LogEditorViewport: Clicking on Actor (LMB): Teleporter_C (Teleporter2)
[2017.12.01-02.35.54:516][261]LogEditorViewport: Clicking on Actor (LMB): Teleporter_C (Teleporter3)
[2017.12.01-02.36.08:616][578]LogEditorViewport: Clicking on Actor (LMB): Teleporter_C (Teleporter4)
[2017.12.01-02.36.22:396][706]LogSavePackage: Save=805.28ms
[2017.12.01-02.36.22:396][706]LogSavePackage: Moving '../../../../../Users/Rick/Documents/Unreal Projects Git/FPSHomework/Saved/FirstPersonExampleMapBB1AA5D14C804B1F8371FCADEFB05E0B.tmp' to '../../../../../Users/Rick/Documents/Unreal Projects Git/FPSHomework/Content/FirstPersonBP/Maps/FirstPersonExampleMap.umap'
[2017.12.01-02.36.22:401][706]LogSavePackage: Display: Finished SavePackage ../../../../../Users/Rick/Documents/Unreal Projects Git/FPSHomework/Content/FirstPersonBP/Maps/FirstPersonExampleMap.umap
[2017.12.01-02.36.22:431][706]LogFileHelpers: Saving map 'FirstPersonExampleMap' took 0.982
[2017.12.01-02.36.22:512][706]LogSavePackage: Save=49.97ms
[2017.12.01-02.36.22:513][706]LogSavePackage: Moving '../../../../../Users/Rick/Documents/Unreal Projects Git/FPSHomework/Saved/Teleporter9A23020845BCA919672F30B5DB6E50EA.tmp' to '../../../../../Users/Rick/Documents/Unreal Projects Git/FPSHomework/Content/HomeMade/Blueprints/Homework8/Teleporter.uasset'
[2017.12.01-02.36.22:517][706]LogSavePackage: Display: Finished SavePackage ../../../../../Users/Rick/Documents/Unreal Projects Git/FPSHomework/Content/HomeMade/Blueprints/Homework8/Teleporter.uasset
[2017.12.01-02.36.46:507][178]LogTemp: Repeating last play command: Selected Viewport
[2017.12.01-02.36.46:527][178]LogBlueprintUserMessages: Early PlayInEditor Detection: Level '/Game/FirstPersonBP/Maps/FirstPersonExampleMap.FirstPersonExampleMap:PersistentLevel' has LevelScriptBlueprint '/Game/FirstPersonBP/Maps/FirstPersonExampleMap.FirstPersonExampleMap:PersistentLevel.FirstPersonExampleMap' with GeneratedClass '/Game/FirstPersonBP/Maps/FirstPersonExampleMap.FirstPersonExampleMap_C' with ClassGeneratedBy '/Game/FirstPersonBP/Maps/FirstPersonExampleMap.FirstPersonExampleMap:PersistentLevel.FirstPersonExampleMap'
[2017.12.01-02.36.46:527][178]BlueprintLog: New page: Pre-Play auto-recompile
[2017.12.01-02.36.46:535][178]LogPlayLevel: [PlayLevel] Compiling Teleporter before play...
[2017.12.01-02.36.47:731][178]LogPlayLevel: PlayLevel: Blueprint regeneration took 1204 ms (1 blueprints)
[2017.12.01-02.36.47:732][178]PIE: New page: PIE session: FirstPersonExampleMap (2/12/2017 4:36:47 am)
[2017.12.01-02.36.47:732][178]LogPlayLevel: Creating play world package: /Game/FirstPersonBP/Maps/UEDPIE_0_FirstPersonExampleMap
[2017.12.01-02.36.47:778][178]LogPlayLevel: PIE: StaticDuplicateObject took: (0.046104s)
[2017.12.01-02.36.47:779][178]LogAIModule: Creating AISystem for world FirstPersonExampleMap
[2017.12.01-02.36.47:779][178]LogPlayLevel: PIE: World Init took: (0.000999s)
[2017.12.01-02.36.47:779][178]LogPlayLevel: PIE: Created PIE world by copying editor world from /Game/FirstPersonBP/Maps/FirstPersonExampleMap.FirstPersonExampleMap to /Game/FirstPersonBP/Maps/UEDPIE_0_FirstPersonExampleMap.FirstPersonExampleMap (0.047532s)
[2017.12.01-02.36.47:802][178]LogInit: XAudio2 using 'Speakers (Realtek High Definition Audio)' : 2 channels at 48 kHz using 32 bits per sample (channel mask 0x3)
[2017.12.01-02.36.47:811][178]LogInit: FAudioDevice initialized.
[2017.12.01-02.36.47:846][178]LogLoad: Game class is 'FirstPersonGameMode_C'
[2017.12.01-02.36.47:864][178]LogWorld: Bringing World /Game/FirstPersonBP/Maps/UEDPIE_0_FirstPersonExampleMap.FirstPersonExampleMap up for play (max tick rate 0) at 2017.12.01-15.36.47
[2017.12.01-02.36.47:865][178]LogWorld: Bringing up level for play took: 0.018328
[2017.12.01-02.36.47:872][178]PIE: Play in editor start time for /Game/FirstPersonBP/Maps/UEDPIE_0_FirstPersonExampleMap 1.115
[2017.12.01-02.36.47:872][178]LogBlueprintUserMessages: Late PlayInEditor Detection: Level '/Game/FirstPersonBP/Maps/FirstPersonExampleMap.FirstPersonExampleMap:PersistentLevel' has LevelScriptBlueprint '/Game/FirstPersonBP/Maps/FirstPersonExampleMap.FirstPersonExampleMap:PersistentLevel.FirstPersonExampleMap' with GeneratedClass '/Game/FirstPersonBP/Maps/FirstPersonExampleMap.FirstPersonExampleMap_C' with ClassGeneratedBy '/Game/FirstPersonBP/Maps/FirstPersonExampleMap.FirstPersonExampleMap:PersistentLevel.FirstPersonExampleMap'
[2017.12.01-02.36.52:596][610]LogBlueprintUserMessages: Early EndPlayMap Detection: Level '/Game/FirstPersonBP/Maps/FirstPersonExampleMap.FirstPersonExampleMap:PersistentLevel' has LevelScriptBlueprint '/Game/FirstPersonBP/Maps/FirstPersonExampleMap.FirstPersonExampleMap:PersistentLevel.FirstPersonExampleMap' with GeneratedClass '/Game/FirstPersonBP/Maps/FirstPersonExampleMap.FirstPersonExampleMap_C' with ClassGeneratedBy '/Game/FirstPersonBP/Maps/FirstPersonExampleMap.FirstPersonExampleMap:PersistentLevel.FirstPersonExampleMap'
[2017.12.01-02.36.52:662][610]LogBlueprintUserMessages: Late EndPlayMap Detection: Level '/Game/FirstPersonBP/Maps/FirstPersonExampleMap.FirstPersonExampleMap:PersistentLevel' has LevelScriptBlueprint '/Game/FirstPersonBP/Maps/FirstPersonExampleMap.FirstPersonExampleMap:PersistentLevel.FirstPersonExampleMap' with GeneratedClass '/Game/FirstPersonBP/Maps/FirstPersonExampleMap.FirstPersonExampleMap_C' with ClassGeneratedBy '/Game/FirstPersonBP/Maps/FirstPersonExampleMap.FirstPersonExampleMap:PersistentLevel.FirstPersonExampleMap'
[2017.12.01-02.37.09:163][581]LogTemp: Repeating last play command: Selected Viewport
[2017.12.01-02.37.09:188][581]LogBlueprintUserMessages: Early PlayInEditor Detection: Level '/Game/FirstPersonBP/Maps/FirstPersonExampleMap.FirstPersonExampleMap:PersistentLevel' has LevelScriptBlueprint '/Game/FirstPersonBP/Maps/FirstPersonExampleMap.FirstPersonExampleMap:PersistentLevel.FirstPersonExampleMap' with GeneratedClass '/Game/FirstPersonBP/Maps/FirstPersonExampleMap.FirstPersonExampleMap_C' with ClassGeneratedBy '/Game/FirstPersonBP/Maps/FirstPersonExampleMap.FirstPersonExampleMap:PersistentLevel.FirstPersonExampleMap'
[2017.12.01-02.37.09:188][581]BlueprintLog: New page: Pre-Play auto-recompile
[2017.12.01-02.37.09:201][581]LogPlayLevel: [PlayLevel] Compiling FirstPersonProjectile before play...
[2017.12.01-02.37.09:544][581]LogPlayLevel: PlayLevel: Blueprint regeneration took 356 ms (1 blueprints)
[2017.12.01-02.37.09:544][581]PIE: New page: PIE session: FirstPersonExampleMap (2/12/2017 4:37:09 am)
[2017.12.01-02.37.09:544][581]LogPlayLevel: Creating play world package: /Game/FirstPersonBP/Maps/UEDPIE_0_FirstPersonExampleMap
[2017.12.01-02.37.09:590][581]LogPlayLevel: PIE: StaticDuplicateObject took: (0.045416s)
[2017.12.01-02.37.09:591][581]LogAIModule: Creating AISystem for world FirstPersonExampleMap
[2017.12.01-02.37.09:591][581]LogPlayLevel: PIE: World Init took: (0.000879s)
[2017.12.01-02.37.09:591][581]LogPlayLevel: PIE: Created PIE world by copying editor world from /Game/FirstPersonBP/Maps/FirstPersonExampleMap.FirstPersonExampleMap to /Game/FirstPersonBP/Maps/UEDPIE_0_FirstPersonExampleMap.FirstPersonExampleMap (0.046721s)
[2017.12.01-02.37.09:618][581]LogInit: XAudio2 using 'Speakers (Realtek High Definition Audio)' : 2 channels at 48 kHz using 32 bits per sample (channel mask 0x3)
[2017.12.01-02.37.09:627][581]LogInit: FAudioDevice initialized.
[2017.12.01-02.37.09:664][581]LogLoad: Game class is 'FirstPersonGameMode_C'
[2017.12.01-02.37.09:682][581]LogWorld: Bringing World /Game/FirstPersonBP/Maps/UEDPIE_0_FirstPersonExampleMap.FirstPersonExampleMap up for play (max tick rate 0) at 2017.12.01-15.37.09
[2017.12.01-02.37.09:683][581]LogWorld: Bringing up level for play took: 0.018355
[2017.12.01-02.37.09:690][581]PIE: Play in editor start time for /Game/FirstPersonBP/Maps/UEDPIE_0_FirstPersonExampleMap 0.932
[2017.12.01-02.37.09:690][581]LogBlueprintUserMessages: Late PlayInEditor Detection: Level '/Game/FirstPersonBP/Maps/FirstPersonExampleMap.FirstPersonExampleMap:PersistentLevel' has LevelScriptBlueprint '/Game/FirstPersonBP/Maps/FirstPersonExampleMap.FirstPersonExampleMap:PersistentLevel.FirstPersonExampleMap' with GeneratedClass '/Game/FirstPersonBP/Maps/FirstPersonExampleMap.FirstPersonExampleMap_C' with ClassGeneratedBy '/Game/FirstPersonBP/Maps/FirstPersonExampleMap.FirstPersonExampleMap:PersistentLevel.FirstPersonExampleMap'
[2017.12.01-02.37.20:279][571]LogBlueprintUserMessages: Early EndPlayMap Detection: Level '/Game/FirstPersonBP/Maps/FirstPersonExampleMap.FirstPersonExampleMap:PersistentLevel' has LevelScriptBlueprint '/Game/FirstPersonBP/Maps/FirstPersonExampleMap.FirstPersonExampleMap:PersistentLevel.FirstPersonExampleMap' with GeneratedClass '/Game/FirstPersonBP/Maps/FirstPersonExampleMap.FirstPersonExampleMap_C' with ClassGeneratedBy '/Game/FirstPersonBP/Maps/FirstPersonExampleMap.FirstPersonExampleMap:PersistentLevel.FirstPersonExampleMap'
[2017.12.01-02.37.20:347][571]LogBlueprintUserMessages: Late EndPlayMap Detection: Level '/Game/FirstPersonBP/Maps/FirstPersonExampleMap.FirstPersonExampleMap:PersistentLevel' has LevelScriptBlueprint '/Game/FirstPersonBP/Maps/FirstPersonExampleMap.FirstPersonExampleMap:PersistentLevel.FirstPersonExampleMap' with GeneratedClass '/Game/FirstPersonBP/Maps/FirstPersonExampleMap.FirstPersonExampleMap_C' with ClassGeneratedBy '/Game/FirstPersonBP/Maps/FirstPersonExampleMap.FirstPersonExampleMap:PersistentLevel.FirstPersonExampleMap'
[2017.12.01-02.38.46:453][780]LogEditorTransaction: Undo Set Scale
[2017.12.01-02.38.50:009][780]LogStats: FPlatformStackWalk::StackWalkAndDump -  3.554 s
[2017.12.01-02.38.50:009][780]LogOutputDevice: Error: === Handled ensure: ===
[2017.12.01-02.38.50:009][780]LogOutputDevice: Error: 
[2017.12.01-02.38.50:009][780]LogOutputDevice: Error: Ensure condition failed: !GIsTransacting [File:D:\Build\++UE4+Release-4.18+Compile\Sync\Engine\Source\Editor\UnrealEd\Classes\Editor/TransBuffer.h] [Line: 72]
[2017.12.01-02.38.50:009][780]LogOutputDevice: Error: 
[2017.12.01-02.38.50:009][780]LogOutputDevice: Error: Stack: 
[2017.12.01-02.38.50:009][780]LogOutputDevice: Error: [Callstack] 0x00000000E50B2786 UE4Editor-Core.dll!UnknownFunction []
[2017.12.01-02.38.50:010][780]LogOutputDevice: Error: [Callstack] 0x00000000E4E5123A UE4Editor-Core.dll!UnknownFunction []
[2017.12.01-02.38.50:010][780]LogOutputDevice: Error: [Callstack] 0x00000000E4E6B906 UE4Editor-Core.dll!UnknownFunction []
[2017.12.01-02.38.50:010][780]LogOutputDevice: Error: [Callstack] 0x00000000C9670A6C UE4Editor-UnrealEd.dll!UnknownFunction []
[2017.12.01-02.38.50:010][780]LogOutputDevice: Error: [Callstack] 0x00000000C961DC8F UE4Editor-UnrealEd.dll!UnknownFunction []
[2017.12.01-02.38.50:010][780]LogOutputDevice: Error: [Callstack] 0x00000000C8C3C07B UE4Editor-DetailCustomizations.dll!UnknownFunction []
[2017.12.01-02.38.50:010][780]LogOutputDevice: Error: [Callstack] 0x00000000C8C3CE85 UE4Editor-DetailCustomizations.dll!UnknownFunction []
[2017.12.01-02.38.50:010][780]LogOutputDevice: Error: [Callstack] 0x00000000C8BDFB10 UE4Editor-DetailCustomizations.dll!UnknownFunction []
[2017.12.01-02.38.50:010][780]LogOutputDevice: Error: [Callstack] 0x00000000C8BE4747 UE4Editor-DetailCustomizations.dll!UnknownFunction []
[2017.12.01-02.38.50:010][780]LogOutputDevice: Error: [Callstack] 0x00000000E3E41290 UE4Editor-Slate.dll!UnknownFunction []
[2017.12.01-02.38.50:010][780]LogOutputDevice: Error: [Callstack] 0x00000000E3E35FD1 UE4Editor-Slate.dll!UnknownFunction []
[2017.12.01-02.38.50:010][780]LogOutputDevice: Error: [Callstack] 0x00000000E3E04A47 UE4Editor-Slate.dll!UnknownFunction []
[2017.12.01-02.38.50:010][780]LogOutputDevice: Error: [Callstack] 0x00000000E3E06C17 UE4Editor-Slate.dll!UnknownFunction []
[2017.12.01-02.38.50:010][780]LogOutputDevice: Error: [Callstack] 0x00000000E3EA3675 UE4Editor-Slate.dll!UnknownFunction []
[2017.12.01-02.38.50:010][780]LogOutputDevice: Error: [Callstack] 0x00000000E3CB8CAA UE4Editor-Slate.dll!UnknownFunction []
[2017.12.01-02.38.50:010][780]LogOutputDevice: Error: [Callstack] 0x00000000E3C58824 UE4Editor-Slate.dll!UnknownFunction []
[2017.12.01-02.38.50:010][780]LogOutputDevice: Error: [Callstack] 0x00000000CCAD97C4 UE4Editor-Kismet.dll!UnknownFunction []
[2017.12.01-02.38.50:010][780]LogOutputDevice: Error: [Callstack] 0x00000000CC871809 UE4Editor-Kismet.dll!UnknownFunction []
[2017.12.01-02.38.50:010][780]LogOutputDevice: Error: [Callstack] 0x00000000CC80092C UE4Editor-Kismet.dll!UnknownFunction []
[2017.12.01-02.38.50:010][780]LogOutputDevice: Error: [Callstack] 0x00000000CC80562C UE4Editor-Kismet.dll!UnknownFunction []
[2017.12.01-02.38.50:010][780]LogOutputDevice: Error: [Callstack] 0x00000000CCBCAC09 UE4Editor-Kismet.dll!UnknownFunction []
[2017.12.01-02.38.50:010][780]LogOutputDevice: Error: [Callstack] 0x00000000CCB70A2B UE4Editor-Kismet.dll!UnknownFunction []
[2017.12.01-02.38.50:010][780]LogOutputDevice: Error: [Callstack] 0x00000000CCB749CA UE4Editor-Kismet.dll!UnknownFunction []
[2017.12.01-02.38.50:010][780]LogOutputDevice: Error: [Callstack] 0x00000000CCB72D57 UE4Editor-Kismet.dll!UnknownFunction []
[2017.12.01-02.38.50:010][780]LogOutputDevice: Error: [Callstack] 0x00000000CCBD124C UE4Editor-Kismet.dll!UnknownFunction []
[2017.12.01-02.38.50:010][780]LogOutputDevice: Error: [Callstack] 0x00000000CC7AD7B0 UE4Editor-Kismet.dll!UnknownFunction []
[2017.12.01-02.38.50:010][780]LogOutputDevice: Error: [Callstack] 0x00000000CC82D9ED UE4Editor-Kismet.dll!UnknownFunction []
[2017.12.01-02.38.50:010][780]LogOutputDevice: Error: [Callstack] 0x00000000CC87E07D UE4Editor-Kismet.dll!UnknownFunction []
[2017.12.01-02.38.50:010][780]LogOutputDevice: Error: [Callstack] 0x00000000C961E936 UE4Editor-UnrealEd.dll!UnknownFunction []
[2017.12.01-02.38.50:010][780]LogOutputDevice: Error: [Callstack] 0x00000000C9646002 UE4Editor-UnrealEd.dll!UnknownFunction []
[2017.12.01-02.38.50:010][780]LogOutputDevice: Error: [Callstack] 0x00000000C962DBD9 UE4Editor-UnrealEd.dll!UnknownFunction []
[2017.12.01-02.38.50:010][780]LogOutputDevice: Error: [Callstack] 0x00000000C962E50B UE4Editor-UnrealEd.dll!UnknownFunction []
[2017.12.01-02.38.50:010][780]LogOutputDevice: Error: [Callstack] 0x00000000C96927EB UE4Editor-UnrealEd.dll!UnknownFunction []
[2017.12.01-02.38.50:010][780]LogOutputDevice: Error: [Callstack] 0x00000000C96D58FE UE4Editor-UnrealEd.dll!UnknownFunction []
[2017.12.01-02.38.50:010][780]LogOutputDevice: Error: [Callstack] 0x00000000CC800FC1 UE4Editor-Kismet.dll!UnknownFunction []
[2017.12.01-02.38.50:010][780]LogOutputDevice: Error: [Callstack] 0x00000000CC805D26 UE4Editor-Kismet.dll!UnknownFunction []
[2017.12.01-02.38.50:010][780]LogOutputDevice: Error: [Callstack] 0x00000000E3C59636 UE4Editor-Slate.dll!UnknownFunction []
[2017.12.01-02.38.50:010][780]LogOutputDevice: Error: [Callstack] 0x00000000E3C983A0 UE4Editor-Slate.dll!UnknownFunction []
[2017.12.01-02.38.50:010][780]LogOutputDevice: Error: [Callstack] 0x00000000C9E8BCFE UE4Editor-UnrealEd.dll!UnknownFunction []
[2017.12.01-02.38.50:011][780]LogOutputDevice: Error: [Callstack] 0x00000000C9E77663 UE4Editor-UnrealEd.dll!UnknownFunction []
[2017.12.01-02.38.50:011][780]LogOutputDevice: Error: [Callstack] 0x00000000E3C463A1 UE4Editor-Slate.dll!UnknownFunction []
[2017.12.01-02.38.50:011][780]LogOutputDevice: Error: [Callstack] 0x00000000E3C1700E UE4Editor-Slate.dll!UnknownFunction []
[2017.12.01-02.38.50:011][780]LogOutputDevice: Error: [Callstack] 0x00000000E3C18C16 UE4Editor-Slate.dll!UnknownFunction []
[2017.12.01-02.38.50:011][780]LogOutputDevice: Error: [Callstack] 0x00000000E3C9988C UE4Editor-Slate.dll!UnknownFunction []
[2017.12.01-02.38.50:011][780]LogOutputDevice: Error: [Callstack] 0x00000000E3C8BEE8 UE4Editor-Slate.dll!UnknownFunction []
[2017.12.01-02.38.50:011][780]LogOutputDevice: Error: [Callstack] 0x00000000E416E28A UE4Editor-ApplicationCore.dll!UnknownFunction []
[2017.12.01-02.38.50:011][780]LogOutputDevice: Error: [Callstack] 0x00000000E4161A48 UE4Editor-ApplicationCore.dll!UnknownFunction []
[2017.12.01-02.38.50:011][780]LogOutputDevice: Error: [Callstack] 0x00000000E41703EC UE4Editor-ApplicationCore.dll!UnknownFunction []
[2017.12.01-02.38.50:011][780]LogOutputDevice: Error: [Callstack] 0x00000000E415D5A9 UE4Editor-ApplicationCore.dll!UnknownFunction []
[2017.12.01-02.38.50:011][780]LogOutputDevice: Error: [Callstack] 0x0000000076D39BBD USER32.dll!UnknownFunction []
[2017.12.01-02.38.50:011][780]LogOutputDevice: Error: [Callstack] 0x0000000076D398C2 USER32.dll!UnknownFunction []
[2017.12.01-02.38.50:011][780]LogOutputDevice: Error: [Callstack] 0x00000000E4171516 UE4Editor-ApplicationCore.dll!UnknownFunction []
[2017.12.01-02.38.50:011][780]LogOutputDevice: Error: [Callstack] 0x000000003F8E50C8 UE4Editor.exe!UnknownFunction []
[2017.12.01-02.38.50:011][780]LogOutputDevice: Error: [Callstack] 0x000000003F8F5430 UE4Editor.exe!UnknownFunction []
[2017.12.01-02.38.50:011][780]LogOutputDevice: Error: [Callstack] 0x000000003F8F54AA UE4Editor.exe!UnknownFunction []
[2017.12.01-02.38.50:011][780]LogOutputDevice: Error: [Callstack] 0x000000003F902379 UE4Editor.exe!UnknownFunction []
[2017.12.01-02.38.50:011][780]LogOutputDevice: Error: [Callstack] 0x000000003F903D57 UE4Editor.exe!UnknownFunction []
[2017.12.01-02.38.50:011][780]LogOutputDevice: Error: [Callstack] 0x0000000076C159CD kernel32.dll!UnknownFunction []
[2017.12.01-02.38.50:011][780]LogOutputDevice: Error: [Callstack] 0x0000000076E4A561 ntdll.dll!UnknownFunction []
[2017.12.01-02.38.50:011][780]LogOutputDevice: Error: 
[2017.12.01-02.38.50:020][780]LogStats:                SubmitErrorReport -  0.000 s
[2017.12.01-02.38.50:490][780]LogStats:                    SendNewReport -  0.470 s
[2017.12.01-02.38.50:490][780]LogStats:             FDebug::EnsureFailed -  4.035 s
[2017.12.01-02.38.50:504][780]Cmd: TRANSACTION UNDO
[2017.12.01-02.38.50:504][780]LogEditorTransaction: Undo Move Node
[2017.12.01-02.38.54:141][201]LogEditorTransaction: Undo Change Number Pin Value
[2017.12.01-02.38.57:520][583]LogEditorTransaction: Undo Change Number Pin Value
[2017.12.01-02.38.58:844][719]LogEditorTransaction: Undo Change Number Pin Value
[2017.12.01-02.43.32:739][195]LogTemp: Repeating last play command: Selected Viewport
[2017.12.01-02.43.32:760][195]LogBlueprintUserMessages: Early PlayInEditor Detection: Level '/Game/FirstPersonBP/Maps/FirstPersonExampleMap.FirstPersonExampleMap:PersistentLevel' has LevelScriptBlueprint '/Game/FirstPersonBP/Maps/FirstPersonExampleMap.FirstPersonExampleMap:PersistentLevel.FirstPersonExampleMap' with GeneratedClass '/Game/FirstPersonBP/Maps/FirstPersonExampleMap.FirstPersonExampleMap_C' with ClassGeneratedBy '/Game/FirstPersonBP/Maps/FirstPersonExampleMap.FirstPersonExampleMap:PersistentLevel.FirstPersonExampleMap'
[2017.12.01-02.43.32:760][195]BlueprintLog: New page: Pre-Play auto-recompile
[2017.12.01-02.43.32:772][195]LogPlayLevel: [PlayLevel] Compiling FirstPersonProjectile before play...
[2017.12.01-02.43.33:254][195]LogPlayLevel: PlayLevel: Blueprint regeneration took 494 ms (1 blueprints)
[2017.12.01-02.43.33:254][195]PIE: New page: PIE session: FirstPersonExampleMap (2/12/2017 4:43:33 am)
[2017.12.01-02.43.33:255][195]LogPlayLevel: Creating play world package: /Game/FirstPersonBP/Maps/UEDPIE_0_FirstPersonExampleMap
[2017.12.01-02.43.33:304][195]LogPlayLevel: PIE: StaticDuplicateObject took: (0.049073s)
[2017.12.01-02.43.33:305][195]LogAIModule: Creating AISystem for world FirstPersonExampleMap
[2017.12.01-02.43.33:305][195]LogPlayLevel: PIE: World Init took: (0.000960s)
[2017.12.01-02.43.33:305][195]LogPlayLevel: PIE: Created PIE world by copying editor world from /Game/FirstPersonBP/Maps/FirstPersonExampleMap.FirstPersonExampleMap to /Game/FirstPersonBP/Maps/UEDPIE_0_FirstPersonExampleMap.FirstPersonExampleMap (0.050522s)
[2017.12.01-02.43.33:330][195]LogInit: XAudio2 using 'Speakers (Realtek High Definition Audio)' : 2 channels at 48 kHz using 32 bits per sample (channel mask 0x3)
[2017.12.01-02.43.33:340][195]LogInit: FAudioDevice initialized.
[2017.12.01-02.43.33:374][195]LogLoad: Game class is 'FirstPersonGameMode_C'
[2017.12.01-02.43.33:392][195]LogWorld: Bringing World /Game/FirstPersonBP/Maps/UEDPIE_0_FirstPersonExampleMap.FirstPersonExampleMap up for play (max tick rate 0) at 2017.12.01-15.43.33
[2017.12.01-02.43.33:393][195]LogWorld: Bringing up level for play took: 0.018373
[2017.12.01-02.43.33:400][195]PIE: Play in editor start time for /Game/FirstPersonBP/Maps/UEDPIE_0_FirstPersonExampleMap 0.637
[2017.12.01-02.43.33:400][195]LogBlueprintUserMessages: Late PlayInEditor Detection: Level '/Game/FirstPersonBP/Maps/FirstPersonExampleMap.FirstPersonExampleMap:PersistentLevel' has LevelScriptBlueprint '/Game/FirstPersonBP/Maps/FirstPersonExampleMap.FirstPersonExampleMap:PersistentLevel.FirstPersonExampleMap' with GeneratedClass '/Game/FirstPersonBP/Maps/FirstPersonExampleMap.FirstPersonExampleMap_C' with ClassGeneratedBy '/Game/FirstPersonBP/Maps/FirstPersonExampleMap.FirstPersonExampleMap:PersistentLevel.FirstPersonExampleMap'
