Log file open, 11/28/17 12:49:38
LogWindows: Failed to load 'aqProf.dll' (GetLastError=126)
LogWindows: File 'aqProf.dll' does not exist
LogWindows: Failed to load 'VSPerf140.dll' (GetLastError=126)
LogWindows: File 'VSPerf140.dll' does not exist
LogWindows: Failed to load 'VtuneApi.dll' (GetLastError=126)
LogWindows: File 'VtuneApi.dll' does not exist
LogWindows: Failed to load 'VtuneApi32e.dll' (GetLastError=126)
LogWindows: File 'VtuneApi32e.dll' does not exist
LogInit: Display: Running engine for game: FPS_Homework
LogPlatformFile: Not using cached read wrapper
LogInit: Display: RandInit(486770943) SRandInit(486770944).
LogInit: Read version file with build ID '3709383'
LogInit: Overriding engine version to CL 3754814, compatible CL 3709383
LogInit: Registered custom module enumerator with build ID '3709383'
LogTaskGraph: Started task graph with 5 named threads and 14 total threads with 3 sets of task threads.
LogStats: Stats thread started at 0.169674
LogD3D11RHI: Aftermath initialized
LogModuleManager: Display: Found up-to-date module file ../../../Engine/Plugins/2D/Paper2D/Binaries/Win64/UE4Editor-Paper2D.dll (API version 3709383).
LogModuleManager: Display: Found up-to-date module file ../../../Engine/Plugins/2D/Paper2D/Binaries/Win64/UE4Editor-Paper2DEditor.dll (API version 3709383).
LogModuleManager: Display: Found up-to-date module file ../../../Engine/Plugins/2D/Paper2D/Binaries/Win64/UE4Editor-PaperSpriteSheetImporter.dll (API version 3709383).
LogModuleManager: Display: Found up-to-date module file ../../../Engine/Plugins/2D/Paper2D/Binaries/Win64/UE4Editor-PaperTiledImporter.dll (API version 3709383).
LogModuleManager: Display: Found up-to-date module file ../../../Engine/Plugins/2D/Paper2D/Binaries/Win64/UE4Editor-SmartSnapping.dll (API version 3709383).
LogModuleManager: Display: Found up-to-date module file ../../../Engine/Plugins/Blendables/LightPropagationVolume/Binaries/Win64/UE4Editor-LightPropagationVolumeRuntime.dll (API version 3709383).
LogModuleManager: Display: Found up-to-date module file ../../../Engine/Plugins/Blendables/LightPropagationVolume/Binaries/Win64/UE4Editor-LightPropagationVolumeEditor.dll (API version 3709383).
LogModuleManager: Display: Found up-to-date module file ../../../Engine/Plugins/Developer/GitSourceControl/Binaries/Win64/UE4Editor-GitSourceControl.dll (API version 3709383).
LogModuleManager: Display: Found up-to-date module file ../../../Engine/Plugins/Developer/PerforceSourceControl/Binaries/Win64/UE4Editor-PerforceSourceControl.dll (API version 3709383).
LogModuleManager: Display: Found up-to-date module file ../../../Engine/Plugins/Developer/SubversionSourceControl/Binaries/Win64/UE4Editor-SubversionSourceControl.dll (API version 3709383).
LogModuleManager: Display: Found up-to-date module file ../../../Engine/Plugins/Developer/UObjectPlugin/Binaries/Win64/UE4Editor-UObjectPlugin.dll (API version 3709383).
LogModuleManager: Display: Found up-to-date module file ../../../Engine/Plugins/Developer/VisualStudioCodeSourceCodeAccess/Binaries/Win64/UE4Editor-VisualStudioCodeSourceCodeAccess.dll (API version 3709383).
LogModuleManager: Display: Found up-to-date module file ../../../Engine/Plugins/Developer/VisualStudioSourceCodeAccess/Binaries/Win64/UE4Editor-VisualStudioSourceCodeAccess.dll (API version 3709383).
LogModuleManager: Display: Found up-to-date module file ../../../Engine/Plugins/Editor/AssetManagerEditor/Binaries/Win64/UE4Editor-AssetManagerEditor.dll (API version 3709383).
LogModuleManager: Display: Found up-to-date module file ../../../Engine/Plugins/Editor/AudioCapture/Binaries/Win64/UE4Editor-AudioCapture.dll (API version 3709383).
LogModuleManager: Display: Found up-to-date module file ../../../Engine/Plugins/Editor/FacialAnimation/Binaries/Win64/UE4Editor-FacialAnimation.dll (API version 3709383).
LogModuleManager: Display: Found up-to-date module file ../../../Engine/Plugins/Editor/FacialAnimation/Binaries/Win64/UE4Editor-FacialAnimationEditor.dll (API version 3709383).
LogModuleManager: Display: Found up-to-date module file ../../../Engine/Plugins/Editor/GameplayTagsEditor/Binaries/Win64/UE4Editor-GameplayTagsEditor.dll (API version 3709383).
LogModuleManager: Display: Found up-to-date module file ../../../Engine/Plugins/Editor/MobileLauncherProfileWizard/Binaries/Win64/UE4Editor-MobileLauncherProfileWizard.dll (API version 3709383).
LogModuleManager: Display: Found up-to-date module file ../../../Engine/Plugins/Editor/PluginBrowser/Binaries/Win64/UE4Editor-PluginBrowser.dll (API version 3709383).
LogModuleManager: Display: Found up-to-date module file ../../../Engine/Plugins/Editor/SpeedTreeImporter/Binaries/Win64/UE4Editor-SpeedTreeImporter.dll (API version 3709383).
LogModuleManager: Display: Found up-to-date module file ../../../Engine/Plugins/Experimental/AlembicImporter/Binaries/Win64/UE4Editor-AlembicImporter.dll (API version 3709383).
LogModuleManager: Display: Found up-to-date module file ../../../Engine/Plugins/Experimental/AlembicImporter/Binaries/Win64/UE4Editor-AlembicLibrary.dll (API version 3709383).
LogModuleManager: Display: Found up-to-date module file ../../../Engine/Plugins/Experimental/CharacterAI/Binaries/Win64/UE4Editor-CharacterAI.dll (API version 3709383).
LogModuleManager: Display: Found up-to-date module file ../../../Engine/Plugins/Experimental/HTML5Networking/Binaries/Win64/UE4Editor-HTML5Networking.dll (API version 3709383).
LogModuleManager: Display: Found up-to-date module file ../../../Engine/Plugins/Media/AndroidMedia/Binaries/Win64/UE4Editor-AndroidMediaEditor.dll (API version 3709383).
LogModuleManager: Display: Found up-to-date module file ../../../Engine/Plugins/Media/AndroidMedia/Binaries/Win64/UE4Editor-AndroidMediaFactory.dll (API version 3709383).
LogModuleManager: Display: Found up-to-date module file ../../../Engine/Plugins/Media/AvfMedia/Binaries/Win64/UE4Editor-AvfMediaEditor.dll (API version 3709383).
LogModuleManager: Display: Found up-to-date module file ../../../Engine/Plugins/Media/AvfMedia/Binaries/Win64/UE4Editor-AvfMediaFactory.dll (API version 3709383).
LogModuleManager: Display: Found up-to-date module file ../../../Engine/Plugins/Media/AvfMedia/Binaries/Win64/UE4Editor-AvfMediaFactory.dll (API version 3709383).
LogModuleManager: Display: Found up-to-date module file ../../../Engine/Plugins/Media/ImgMedia/Binaries/Win64/UE4Editor-ImgMedia.dll (API version 3709383).
LogModuleManager: Display: Found up-to-date module file ../../../Engine/Plugins/Media/ImgMedia/Binaries/Win64/UE4Editor-ImgMediaEditor.dll (API version 3709383).
LogModuleManager: Display: Found up-to-date module file ../../../Engine/Plugins/Media/ImgMedia/Binaries/Win64/UE4Editor-ImgMediaFactory.dll (API version 3709383).
LogModuleManager: Display: Found up-to-date module file ../../../Engine/Plugins/Media/ImgMedia/Binaries/Win64/UE4Editor-ImgMediaFactory.dll (API version 3709383).
LogModuleManager: Display: Found up-to-date module file ../../../Engine/Plugins/Media/ImgMedia/Binaries/Win64/UE4Editor-OpenExrWrapper.dll (API version 3709383).
LogModuleManager: Display: Found up-to-date module file ../../../Engine/Plugins/Media/MediaCompositing/Binaries/Win64/UE4Editor-MediaCompositing.dll (API version 3709383).
LogModuleManager: Display: Found up-to-date module file ../../../Engine/Plugins/Media/MediaCompositing/Binaries/Win64/UE4Editor-MediaCompositingEditor.dll (API version 3709383).
LogModuleManager: Display: Found up-to-date module file ../../../Engine/Plugins/Media/MediaPlayerEditor/Binaries/Win64/UE4Editor-MediaPlayerEditor.dll (API version 3709383).
LogModuleManager: Display: Found up-to-date module file ../../../Engine/Plugins/Media/WmfMedia/Binaries/Win64/UE4Editor-WmfMedia.dll (API version 3709383).
LogModuleManager: Display: Found up-to-date module file ../../../Engine/Plugins/Media/WmfMedia/Binaries/Win64/UE4Editor-WmfMediaEditor.dll (API version 3709383).
LogModuleManager: Display: Found up-to-date module file ../../../Engine/Plugins/Media/WmfMedia/Binaries/Win64/UE4Editor-WmfMediaFactory.dll (API version 3709383).
LogModuleManager: Display: Found up-to-date module file ../../../Engine/Plugins/Media/WmfMedia/Binaries/Win64/UE4Editor-WmfMediaFactory.dll (API version 3709383).
LogModuleManager: Display: Found up-to-date module file ../../../Engine/Plugins/Messaging/TcpMessaging/Binaries/Win64/UE4Editor-TcpMessaging.dll (API version 3709383).
LogModuleManager: Display: Found up-to-date module file ../../../Engine/Plugins/Messaging/UdpMessaging/Binaries/Win64/UE4Editor-UdpMessaging.dll (API version 3709383).
LogModuleManager: Display: Found up-to-date module file ../../../Engine/Plugins/MovieScene/ActorSequence/Binaries/Win64/UE4Editor-ActorSequence.dll (API version 3709383).
LogModuleManager: Display: Found up-to-date module file ../../../Engine/Plugins/MovieScene/LevelSequenceEditor/Binaries/Win64/UE4Editor-LevelSequenceEditor.dll (API version 3709383).
LogModuleManager: Display: Found up-to-date module file ../../../Engine/Plugins/MovieScene/MatineeToLevelSequence/Binaries/Win64/UE4Editor-MatineeToLevelSequence.dll (API version 3709383).
LogModuleManager: Display: Found up-to-date module file ../../../Engine/Plugins/Online/OnlineSubsystem/Binaries/Win64/UE4Editor-OnlineSubsystem.dll (API version 3709383).
LogModuleManager: Display: Found up-to-date module file ../../../Engine/Plugins/Runtime/AndroidPermission/Binaries/Win64/UE4Editor-AndroidPermission.dll (API version 3709383).
LogModuleManager: Display: Found up-to-date module file ../../../Engine/Plugins/Online/OnlineSubsystemNull/Binaries/Win64/UE4Editor-OnlineSubsystemNull.dll (API version 3709383).
LogModuleManager: Display: Found up-to-date module file ../../../Engine/Plugins/Online/OnlineSubsystemUtils/Binaries/Win64/UE4Editor-OnlineSubsystemUtils.dll (API version 3709383).
LogModuleManager: Display: Found up-to-date module file ../../../Engine/Plugins/Online/OnlineSubsystemUtils/Binaries/Win64/UE4Editor-OnlineBlueprintSupport.dll (API version 3709383).
LogModuleManager: Display: Found up-to-date module file ../../../Engine/Plugins/Runtime/AndroidDeviceProfileSelector/Binaries/Win64/UE4Editor-AndroidDeviceProfileSelector.dll (API version 3709383).
LogModuleManager: Display: Found up-to-date module file ../../../Engine/Plugins/Runtime/AppleARKit/Binaries/Win64/UE4Editor-AppleARKit.dll (API version 3709383).
LogModuleManager: Display: Found up-to-date module file ../../../Engine/Plugins/Runtime/ArchVisCharacter/Binaries/Win64/UE4Editor-ArchVisCharacter.dll (API version 3709383).
LogModuleManager: Display: Found up-to-date module file ../../../Engine/Plugins/Runtime/CableComponent/Binaries/Win64/UE4Editor-CableComponent.dll (API version 3709383).
LogModuleManager: Display: Found up-to-date module file ../../../Engine/Plugins/Runtime/CustomMeshComponent/Binaries/Win64/UE4Editor-CustomMeshComponent.dll (API version 3709383).
LogModuleManager: Display: Found up-to-date module file ../../../Engine/Plugins/Runtime/ExampleDeviceProfileSelector/Binaries/Win64/UE4Editor-ExampleDeviceProfileSelector.dll (API version 3709383).
LogModuleManager: Display: Found up-to-date module file ../../../Engine/Plugins/Runtime/ImmediatePhysics/Binaries/Win64/UE4Editor-ImmediatePhysics.dll (API version 3709383).
LogModuleManager: Display: Found up-to-date module file ../../../Engine/Plugins/Runtime/ImmediatePhysics/Binaries/Win64/UE4Editor-ImmediatePhysicsEditor.dll (API version 3709383).
LogModuleManager: Display: Found up-to-date module file ../../../Engine/Plugins/Runtime/LocationServicesBPLibrary/Binaries/Win64/UE4Editor-LocationServicesBPLibrary.dll (API version 3709383).
LogModuleManager: Display: Found up-to-date module file ../../../Engine/Plugins/Runtime/MobilePatchingUtils/Binaries/Win64/UE4Editor-MobilePatchingUtils.dll (API version 3709383).
LogModuleManager: Display: Found up-to-date module file ../../../Engine/Plugins/Runtime/Oculus/OculusVR/Binaries/Win64/UE4Editor-OculusHMD.dll (API version 3709383).
LogModuleManager: Display: Found up-to-date module file ../../../Engine/Plugins/Runtime/Oculus/OculusVR/Binaries/Win64/UE4Editor-OculusInput.dll (API version 3709383).
LogModuleManager: Display: Found up-to-date module file ../../../Engine/Plugins/Runtime/Oculus/OculusVR/Binaries/Win64/UE4Editor-OculusEditor.dll (API version 3709383).
LogModuleManager: Display: Found up-to-date module file ../../../Engine/Plugins/Runtime/PhysXVehicles/Binaries/Win64/UE4Editor-PhysXVehicles.dll (API version 3709383).
LogModuleManager: Display: Found up-to-date module file ../../../Engine/Plugins/Runtime/PhysXVehicles/Binaries/Win64/UE4Editor-PhysXVehiclesEditor.dll (API version 3709383).
LogModuleManager: Display: Found up-to-date module file ../../../Engine/Plugins/Runtime/ProceduralMeshComponent/Binaries/Win64/UE4Editor-ProceduralMeshComponent.dll (API version 3709383).
LogModuleManager: Display: Found up-to-date module file ../../../Engine/Plugins/Runtime/ProceduralMeshComponent/Binaries/Win64/UE4Editor-ProceduralMeshComponentEditor.dll (API version 3709383).
LogModuleManager: Display: Found up-to-date module file ../../../Engine/Plugins/Runtime/RuntimePhysXCooking/Binaries/Win64/UE4Editor-RuntimePhysXCooking.dll (API version 3709383).
LogModuleManager: Display: Found up-to-date module file ../../../Engine/Plugins/Runtime/Steam/SteamVR/Binaries/Win64/UE4Editor-SteamVR.dll (API version 3709383).
LogModuleManager: Display: Found up-to-date module file ../../../Engine/Plugins/Runtime/Steam/SteamVR/Binaries/Win64/UE4Editor-SteamVRController.dll (API version 3709383).
LogModuleManager: Display: Found up-to-date module file ../../../Engine/Plugins/Runtime/WindowsMoviePlayer/Binaries/Win64/UE4Editor-WindowsMoviePlayer.dll (API version 3709383).
LogPluginManager: Mounting plugin Paper2D
LogPluginManager: Mounting plugin LightPropagationVolume
LogPluginManager: Mounting plugin CodeLiteSourceCodeAccess
LogPluginManager: Mounting plugin GitSourceControl
LogPluginManager: Mounting plugin KDevelopSourceCodeAccess
LogPluginManager: Mounting plugin NullSourceCodeAccess
LogPluginManager: Mounting plugin PerforceSourceControl
LogPluginManager: Mounting plugin SubversionSourceControl
LogPluginManager: Mounting plugin UObjectPlugin
LogPluginManager: Mounting plugin VisualStudioCodeSourceCodeAccess
LogPluginManager: Mounting plugin VisualStudioSourceCodeAccess
LogPluginManager: Mounting plugin XCodeSourceCodeAccess
LogPluginManager: Mounting plugin AssetManagerEditor
LogPluginManager: Mounting plugin AudioCapture
LogPluginManager: Mounting plugin FacialAnimation
LogPluginManager: Mounting plugin GameplayTagsEditor
LogPluginManager: Mounting plugin MobileLauncherProfileWizard
LogPluginManager: Mounting plugin PluginBrowser
LogPluginManager: Mounting plugin SpeedTreeImporter
LogPluginManager: Mounting plugin AlembicImporter
LogPluginManager: Mounting plugin CharacterAI
LogPluginManager: Mounting plugin HTML5Networking
LogPluginManager: Mounting plugin AndroidMedia
LogPluginManager: Mounting plugin AvfMedia
LogPluginManager: Mounting plugin ImgMedia
LogPluginManager: Mounting plugin MediaCompositing
LogPluginManager: Mounting plugin MediaPlayerEditor
LogPluginManager: Mounting plugin WmfMedia
LogPluginManager: Mounting plugin TcpMessaging
LogPluginManager: Mounting plugin UdpMessaging
LogPluginManager: Mounting plugin ActorSequence
LogPluginManager: Mounting plugin LevelSequenceEditor
LogPluginManager: Mounting plugin MatineeToLevelSequence
LogPluginManager: Mounting plugin OnlineSubsystemGooglePlay
LogPluginManager: Mounting plugin OnlineSubsystemIOS
LogPluginManager: Mounting plugin OnlineSubsystem
LogPluginManager: Mounting plugin OnlineSubsystemNull
LogPluginManager: Mounting plugin OnlineSubsystemUtils
LogPluginManager: Mounting plugin AndroidDeviceProfileSelector
LogPluginManager: Mounting plugin AndroidMoviePlayer
LogPluginManager: Mounting plugin AndroidPermission
LogPluginManager: Mounting plugin AppleARKit
LogPluginManager: Mounting plugin AppleMoviePlayer
LogPluginManager: Mounting plugin ArchVisCharacter
LogPluginManager: Mounting plugin CableComponent
LogPluginManager: Mounting plugin CustomMeshComponent
LogPluginManager: Mounting plugin ExampleDeviceProfileSelector
LogPluginManager: Mounting plugin GoogleCloudMessaging
LogPluginManager: Mounting plugin ImmediatePhysics
LogPluginManager: Mounting plugin IOSDeviceProfileSelector
LogPluginManager: Mounting plugin LinuxDeviceProfileSelector
LogPluginManager: Mounting plugin LocationServicesBPLibrary
LogPluginManager: Mounting plugin MobilePatchingUtils
LogPluginManager: Mounting plugin OculusVR
LogPluginManager: Plugin shader directory ../../../Engine/Plugins/Runtime/Oculus/OculusVR/Shaders found
LogPluginManager: Mapping shader source directory ../../../Engine/Plugins/Runtime/Oculus/OculusVR/Shaders to virtual directory /Plugin/OculusVR
LogPluginManager: Mounting plugin PhysXVehicles
LogPluginManager: Mounting plugin ProceduralMeshComponent
LogPluginManager: Mounting plugin RuntimePhysXCooking
LogPluginManager: Mounting plugin SteamVR
LogPluginManager: Mounting plugin WindowsMoviePlayer
LogInit: Using libcurl 7.47.1
LogInit:  - built for x86_64-pc-win32
LogInit:  - supports SSL with OpenSSL/1.0.2g
LogInit:  - supports HTTP deflate (compression) using libz 1.2.8
LogInit:  - other features:
LogInit:      CURL_VERSION_SSL
LogInit:      CURL_VERSION_LIBZ
LogInit:      CURL_VERSION_IPV6
LogInit:      CURL_VERSION_ASYNCHDNS
LogInit:      CURL_VERSION_LARGEFILE
LogInit:      CURL_VERSION_IDN
LogInit:  CurlRequestOptions (configurable via config and command line):
LogInit:  - bVerifyPeer = false  - Libcurl will NOT verify peer certificate
LogInit:  - bUseHttpProxy = false  - Libcurl will NOT use HTTP proxy
LogInit:  - bDontReuseConnections = false  - Libcurl will reuse connections
LogInit:  - CertBundlePath = nullptr  - Libcurl will use whatever was configured at build time.
LogInit: Build: ++UE4+Release-4.18-CL-3754814
LogInit: Engine Version: 4.18.1-3754814+++UE4+Release-4.18
LogInit: Compatible Engine Version: 4.18.0-3709383+++UE4+Release-4.18
LogInit: Net CL: 3709383
LogDevObjectVersion: Number of dev versions registered: 16
LogDevObjectVersion:   Dev-Blueprints (B0D832E4-1F89-4F0D-ACCF-7EB736FD4AA2): 10
LogDevObjectVersion:   Dev-Build (E1C64328-A22C-4D53-A36C-8E866417BD8C): 0
LogDevObjectVersion:   Dev-Core (375EC13C-06E4-48FB-B500-84F0262A717E): 2
LogDevObjectVersion:   Dev-Editor (E4B068ED-F494-42E9-A231-DA0B2E46BB41): 20
LogDevObjectVersion:   Dev-Framework (CFFC743F-43B0-4480-9391-14DF171D2073): 30
LogDevObjectVersion:   Dev-Mobile (B02B49B5-BB20-44E9-A304-32B752E40360): 0
LogDevObjectVersion:   Dev-Networking (A4E4105C-59A1-49B5-A7C5-40C4547EDFEE): 0
LogDevObjectVersion:   Dev-Online (39C831C9-5AE6-47DC-9A44-9C173E1C8E7C): 0
LogDevObjectVersion:   Dev-Physics (78F01B33-EBEA-4F98-B9B4-84EACCB95AA2): 0
LogDevObjectVersion:   Dev-Platform (6631380F-2D4D-43E0-8009-CF276956A95A): 0
LogDevObjectVersion:   Dev-Rendering (12F88B9F-8875-4AFC-A67C-D90C383ABD29): 20
LogDevObjectVersion:   Dev-Sequencer (7B5AE74C-D270-4C10-A958-57980B212A5A): 4
LogDevObjectVersion:   Dev-VR (D7296918-1DD6-4BDD-9DE2-64A83CC13884): 0
LogDevObjectVersion:   Dev-LoadTimes (C2A15278-BFE7-4AFE-6C17-90FF531DF755): 1
LogDevObjectVersion:   Private-Geometry (6EACA3D4-40EC-4CC1-B786-8BED09428FC5): 1
LogDevObjectVersion:   Dev-AnimPhys (29E575DD-E0A3-4627-9D10-D276232CDCEA): 12
LogInit: Compiled (64-bit): Nov 14 2017 02:05:55
LogInit: Compiled with Visual C++: 19.00.24215.01
LogInit: Build Configuration: Development
LogInit: Branch Name: ++UE4+Release-4.18
LogInit: Command line: -EpicPortal 
LogInit: Base directory: C:/Games Fast/UE_4.18/Engine/Binaries/Win64/
LogInit: Installed Engine Build: 1
LogInit: Presizing for max 8388607 objects, including 0 objects not considered by GC, pre-allocating 0 bytes for permanent pool.
LogInit: Object subsystem initialized
[2017.11.27-23.49.40:526][  0]LogInit: Selected Device Profile: [Windows]
[2017.11.27-23.49.40:526][  0]LogInit: Applying CVar settings loaded from the selected device profile: [Windows]
[2017.11.27-23.49.40:546][  0]LogInit: Computer: RICK-PC
[2017.11.27-23.49.40:547][  0]LogInit: User: Rick
[2017.11.27-23.49.40:547][  0]LogInit: CPU Page size=4096, Cores=4
[2017.11.27-23.49.40:547][  0]LogInit: High frequency timer resolution =3.331201 MHz
[2017.11.27-23.49.40:547][  0]LogMemory: Memory total: Physical=8.0GB (8GB approx)
[2017.11.27-23.49.40:547][  0]LogMemory: Platform Memory Stats for Windows
[2017.11.27-23.49.40:547][  0]LogMemory: Process Physical Memory: 274.88 MB used, 274.88 MB peak
[2017.11.27-23.49.40:547][  0]LogMemory: Process Virtual Memory: 272.79 MB used, 272.79 MB peak
[2017.11.27-23.49.40:547][  0]LogMemory: Physical Memory: 2803.88 MB used,  5355.27 MB free, 8159.15 MB total
[2017.11.27-23.49.40:547][  0]LogMemory: Virtual Memory: 627.84 MB used,  5355.27 MB free, 8388608.00 MB total
[2017.11.27-23.49.40:729][  0]LogInit: Using OS detected language (en-NZ).
[2017.11.27-23.49.40:729][  0]LogInit: Using OS detected locale (en-NZ).
[2017.11.27-23.49.40:732][  0]LogTextLocalizationManager: No specific localization for 'en-NZ' exists, so the 'en' localization will be used.
[2017.11.27-23.49.41:147][  0]LogWindows: Failed to load 'shcore.dll' (GetLastError=126)
[2017.11.27-23.49.41:147][  0]LogWindows: File 'shcore.dll' does not exist
[2017.11.27-23.49.41:147][  0]LogInit: Setting process to DPI aware
[2017.11.27-23.49.41:149][  0]LogWindows: Failed to load 'shcore.dll' (GetLastError=126)
[2017.11.27-23.49.41:149][  0]LogWindows: File 'shcore.dll' does not exist
[2017.11.27-23.49.41:149][  0]LogInit: Setting process to DPI aware
[2017.11.27-23.49.41:425][  0]LogD3D11RHI: D3D11 adapters:
[2017.11.27-23.49.41:450][  0]LogD3D11RHI:    0. 'NVIDIA GeForce GTX 780' (Feature Level 11_0)
[2017.11.27-23.49.41:450][  0]LogD3D11RHI:       3013/0/3823 MB DedicatedVideo/DedicatedSystem/SharedSystem, Outputs:1, VendorId:0x10de
[2017.11.27-23.49.41:450][  0]LogD3D11RHI: Chosen D3D11 Adapter: 0
[2017.11.27-23.49.41:454][  0]LogD3D11RHI: Creating new Direct3DDevice
[2017.11.27-23.49.41:454][  0]LogD3D11RHI:     GPU DeviceId: 0x1004 (for the marketing name, search the web for "GPU Device Id")
[2017.11.27-23.49.41:454][  0]LogWindows: EnumDisplayDevices:
[2017.11.27-23.49.41:455][  0]LogWindows:    0. 'NVIDIA GeForce GTX 780' (P:1 D:1)
[2017.11.27-23.49.41:455][  0]LogWindows:    1. 'NVIDIA GeForce GTX 780' (P:0 D:0)
[2017.11.27-23.49.41:455][  0]LogWindows:    2. 'NVIDIA GeForce GTX 780' (P:0 D:0)
[2017.11.27-23.49.41:455][  0]LogWindows:    3. 'NVIDIA GeForce GTX 780' (P:0 D:0)
[2017.11.27-23.49.41:455][  0]LogWindows:    4. 'RDPDD Chained DD' (P:0 D:0)
[2017.11.27-23.49.41:455][  0]LogWindows:    5. 'RDP Encoder Mirror Driver' (P:0 D:0)
[2017.11.27-23.49.41:456][  0]LogWindows:    6. 'RDP Reflector Display Driver' (P:0 D:0)
[2017.11.27-23.49.41:456][  0]LogWindows: DebugString: GetVideoDriverDetailsInvalid PrimaryIsNotTheChoosenAdapter GetVideoDriverDetailsInvalid PrimaryIsNotTheChoosenAdapter GetVideoDriverDetailsInvalid PrimaryIsNotTheChoosenAdapter FoundDriverCount:4 
[2017.11.27-23.49.41:456][  0]LogD3D11RHI:     Adapter Name: NVIDIA GeForce GTX 780
[2017.11.27-23.49.41:456][  0]LogD3D11RHI:   Driver Version: 387.92 (internal:23.21.13.8792, unified:387.92)
[2017.11.27-23.49.41:456][  0]LogD3D11RHI:      Driver Date: 10-6-2017
[2017.11.27-23.49.41:456][  0]LogRHI: Texture pool is 2109 MB (70% of 3013 MB)
[2017.11.27-23.49.41:467][  0]LogD3D11RHI: Async texture creation enabled
[2017.11.27-23.49.41:482][  0]LogD3D11RHI: GPU Timing Frequency: 1000.000000 (Debug: 2 2)
[2017.11.27-23.49.41:484][  0]LogShaderCompilers: Guid format shader working directory is -22 characters bigger than the processId version (../../../../../Users/Rick/Documents/Unreal Projects Git/FPSHomework/Intermediate/Shaders/WorkingDirectory/1544/).
[2017.11.27-23.49.41:484][  0]LogShaderCompilers: Cleaned the shader compiler working directory 'C:/Users/Rick/AppData/Local/Temp/UnrealShaderWorkingDir/B3BB27D44BB8D8FC250DCABD7FDBB710/'.
[2017.11.27-23.49.41:484][  0]LogShaderCompilers: Display: Using Local Shader Compiler.
[2017.11.27-23.49.42:502][  0]LogTemp: Display: Loaded TP AllDesktopTargetPlatform
[2017.11.27-23.49.42:566][  0]LogTemp: Display: Loaded TP MacClientTargetPlatform
[2017.11.27-23.49.42:632][  0]LogTemp: Display: Loaded TP MacNoEditorTargetPlatform
[2017.11.27-23.49.42:696][  0]LogTemp: Display: Loaded TP MacServerTargetPlatform
[2017.11.27-23.49.42:761][  0]LogTemp: Display: Loaded TP MacTargetPlatform
[2017.11.27-23.49.42:827][  0]LogTemp: Display: Loaded TP WindowsClientTargetPlatform
[2017.11.27-23.49.42:892][  0]LogTemp: Display: Loaded TP WindowsNoEditorTargetPlatform
[2017.11.27-23.49.42:957][  0]LogTemp: Display: Loaded TP WindowsServerTargetPlatform
[2017.11.27-23.49.43:015][  0]LogTemp: Display: Loaded TP WindowsTargetPlatform
[2017.11.27-23.49.43:078][  0]LogTemp: Display: Loaded TP Android_ASTCTargetPlatform
[2017.11.27-23.49.43:141][  0]LogTemp: Display: Loaded TP Android_ATCTargetPlatform
[2017.11.27-23.49.43:205][  0]LogTemp: Display: Loaded TP Android_DXTTargetPlatform
[2017.11.27-23.49.43:269][  0]LogTemp: Display: Loaded TP Android_ETC1TargetPlatform
[2017.11.27-23.49.43:333][  0]LogTemp: Display: Loaded TP Android_ETC2TargetPlatform
[2017.11.27-23.49.43:460][  0]LogTemp: Display: Loaded TP Android_MultiTargetPlatform
[2017.11.27-23.49.43:460][  0]LogTemp: Display: Loaded TP Android_PVRTCTargetPlatform
[2017.11.27-23.49.43:524][  0]LogTemp: Display: Loaded TP AndroidTargetPlatform
[2017.11.27-23.49.43:576][  0]LogTemp: Display: Loaded TP HTML5TargetPlatform
[2017.11.27-23.49.43:680][  0]LogTemp: Display: Loaded TP IOSTargetPlatform
[2017.11.27-23.49.43:710][  0]LogTemp: Display: Loaded TP TVOSTargetPlatform
[2017.11.27-23.49.43:774][  0]LogTemp: Display: Loaded TP LinuxClientTargetPlatform
[2017.11.27-23.49.43:837][  0]LogTemp: Display: Loaded TP LinuxNoEditorTargetPlatform
[2017.11.27-23.49.43:900][  0]LogTemp: Display: Loaded TP LinuxServerTargetPlatform
[2017.11.27-23.49.43:964][  0]LogTemp: Display: Loaded TP LinuxTargetPlatform
[2017.11.27-23.49.43:964][  0]LogTargetPlatformManager: Display: Building Assets For Windows
[2017.11.27-23.49.44:502][  0]LogDerivedDataCache: Display: Max Cache Size: 512 MB
[2017.11.27-23.49.44:580][  0]LogDerivedDataCache: Loaded boot cache 0.08s 78MB C:/Users/Rick/AppData/Local/UnrealEngine/4.18/DerivedDataCache/Boot.ddc.
[2017.11.27-23.49.44:580][  0]LogDerivedDataCache: Display: Loaded Boot cache: C:/Users/Rick/AppData/Local/UnrealEngine/4.18/DerivedDataCache/Boot.ddc
[2017.11.27-23.49.44:580][  0]LogDerivedDataCache: FDerivedDataBackendGraph:  Pak pak cache file ../../../../../Users/Rick/Documents/Unreal Projects Git/FPSHomework/DerivedDataCache/DDC.ddp not found, will not use a pak cache.
[2017.11.27-23.49.44:580][  0]LogDerivedDataCache: Unable to find inner node Pak for hierarchical cache Hierarchy.
[2017.11.27-23.49.44:580][  0]LogDerivedDataCache: FDerivedDataBackendGraph:  CompressedPak pak cache file ../../../../../Users/Rick/Documents/Unreal Projects Git/FPSHomework/DerivedDataCache/Compressed.ddp not found, will not use a pak cache.
[2017.11.27-23.49.44:580][  0]LogDerivedDataCache: Unable to find inner node CompressedPak for hierarchical cache Hierarchy.
[2017.11.27-23.49.44:600][  0]LogDerivedDataCache: Display: Pak cache opened for reading ../../../Engine/DerivedDataCache/Compressed.ddp.
[2017.11.27-23.49.44:611][  0]LogDerivedDataCache: Using Local data cache path C:/Users/Rick/AppData/Local/UnrealEngine/Common/DerivedDataCache: Writable
[2017.11.27-23.49.44:623][  0]LogMaterial: Verifying Global Shaders for PCD3D_SM5
[2017.11.27-23.49.44:623][  0]LogSlate: Using Freetype 2.6.0
[2017.11.27-23.49.44:623][  0]LogSlate: SlateFontCache - WITH_FREETYPE: 1, WITH_HARFBUZZ: 1
[2017.11.27-23.49.44:623][  0]LogSlate: SlateFontCache - WITH_FREETYPE: 1, WITH_HARFBUZZ: 1
[2017.11.27-23.49.45:077][  0]LogInit: Selected Device Profile: [Windows]
[2017.11.27-23.49.45:489][  0]LogSimplygon: Simplygon DLL not present - disabling.
[2017.11.27-23.49.45:542][  0]LogMeshReduction: Using SimplygonSwarm for distributed automatic mesh merging
[2017.11.27-23.49.45:542][  0]LogMeshReduction: Using QuadricMeshReduction for automatic static mesh reduction
[2017.11.27-23.49.45:542][  0]LogMeshReduction: No automatic skeletal mesh reduction module available
[2017.11.27-23.49.45:542][  0]LogMeshReduction: No automatic mesh merging module available
[2017.11.27-23.49.45:542][  0]LogMeshMerging: No automatic mesh merging module available
[2017.11.27-23.49.45:576][  0]LogNetVersion: FPS_Homework , NetCL: 3709383, EngineNetVer: 2, GameNetVer: 0 (Checksum: 4043476592)
[2017.11.27-23.49.45:768][  0]LogAssetRegistry: FAssetRegistry took 0.0245 seconds to start up
[2017.11.27-23.49.46:348][  0]LogPackageLocalizationCache: Processed 7 localized package path(s) for 2 prioritized culture(s) in 0.061726 seconds
[2017.11.27-23.49.46:353][  0]LogUObjectArray: 35900 objects as part of root set at end of initial load.
[2017.11.27-23.49.46:353][  0]LogUObjectAllocator: 7372024 out of 0 bytes used by permanent object pool.
[2017.11.27-23.49.46:353][  0]LogUObjectArray: CloseDisregardForGC: 0/0 objects in disregard for GC pool
[2017.11.27-23.49.46:409][  0]LogInit: WinSock: version 1.1 (2.2), MaxSocks=32767, MaxUdp=65467
[2017.11.27-23.49.49:653][  0]LogTcpMessaging: Initializing TcpMessaging bridge
[2017.11.27-23.49.49:700][  0]LogUdpMessaging: Initializing bridge on interface 0.0.0.0:0 to multicast group 230.0.0.1:6666.
[2017.11.27-23.49.50:565][  0]LogMaterial: Uniform references updated for custom material expression Custom.
[2017.11.27-23.49.51:105][  0]SourceControl: Source control is disabled
[2017.11.27-23.49.51:105][  0]SourceControl: Source control is disabled
[2017.11.27-23.49.51:174][  0]SourceControl: Source control is disabled
[2017.11.27-23.49.51:243][  0]SourceControl: Source control is disabled
[2017.11.27-23.49.52:287][  0]LogAndroidPermission: UAndroidPermissionCallbackProxy::GetInstance
[2017.11.27-23.49.52:639][  0]LogOcInput: OculusInput pre-init called
[2017.11.27-23.49.52:999][  0]LogEngine: Initializing Engine...
[2017.11.27-23.49.53:001][  0]LogHMD: Failed to initialize OpenVR with code 110
[2017.11.27-23.49.53:246][  0]LogStats: UGameplayTagsManager::ConstructGameplayTagTree: Construct from data asset -  0.000 s
[2017.11.27-23.49.53:246][  0]LogStats: UGameplayTagsManager::ConstructGameplayTagTree: GameplayTagTreeChangedEvent.Broadcast -  0.000 s
[2017.11.27-23.49.53:408][  0]LogAIModule: Creating AISystem for world Untitled
[2017.11.27-23.49.53:427][  0]LogInit: XAudio2 using 'Speakers (Realtek High Definition Audio)' : 2 channels at 48 kHz using 32 bits per sample (channel mask 0x3)
[2017.11.27-23.49.53:458][  0]LogInit: FAudioDevice initialized.
[2017.11.27-23.49.53:860][  0]LogDerivedDataCache: Saved boot cache 0.40s 78MB C:/Users/Rick/AppData/Local/UnrealEngine/4.18/DerivedDataCache/Boot.ddc.
[2017.11.27-23.49.53:884][  0]LogInit: Texture streaming: Enabled
[2017.11.27-23.49.53:997][  0]LogEngineSessionManager: EngineSessionManager initialized
[2017.11.27-23.49.54:157][  0]LogInit: Transaction tracking system initialized
[2017.11.27-23.49.54:553][  0]BlueprintLog: New page: Editor Load
[2017.11.27-23.49.55:672][  0]LocalizationService: Localization service is disabled
[2017.11.27-23.49.56:588][  0]LogConsoleResponse: Display: 
[2017.11.27-23.49.56:788][  0]LogCook: Display: Max memory allowance for cook 16384mb min free memory 0mb
[2017.11.27-23.49.56:788][  0]LogCook: Display: Mobile HDR setting 1
[2017.11.27-23.49.56:788][  0]LogGameplayTags: Display: UGameplayTagsManager::DoneAddingNativeTags. DelegateIsBound: 0
[2017.11.27-23.49.57:691][  0]LogFileCache: Scanning file cache for directory 'C:/Users/Rick/Documents/Unreal Projects Git/FPSHomework/Content/' took 0.02s
[2017.11.27-23.49.58:287][  0]SourceControl: Source control is disabled
[2017.11.27-23.49.58:287][  0]Cmd: MAP LOAD FILE="../../../../../Users/Rick/Documents/Unreal Projects Git/FPSHomework/Content/FirstPersonBP/Maps/FirstPersonExampleMap.umap" TEMPLATE=0 SHOWPROGRESS=1 FEATURELEVEL=3
[2017.11.27-23.49.58:289][  0]LightingResults: New page: Lighting Build
[2017.11.27-23.49.58:342][  0]MapCheck: New page: Map Check
[2017.11.27-23.49.58:342][  0]LightingResults: New page: Lighting Build
[2017.11.27-23.50.00:105][  0]LogAIModule: Creating AISystem for world FirstPersonExampleMap
[2017.11.27-23.50.00:267][  0]LogEditorServer: Finished looking for orphan Actors (0.000 secs)
[2017.11.27-23.50.00:283][  0]Cmd: MAP CHECKDEP NOCLEARLOG
[2017.11.27-23.50.00:376][  0]MapCheck: Map check complete: 0 Error(s), 0 Warning(s), took 92.635ms to complete.
[2017.11.27-23.50.00:376][  0]LogFileHelpers: Loading map 'FirstPersonExampleMap' took 2.089
[2017.11.27-23.50.00:536][  0]LogCollectionManager: Loaded 0 collections in 0.002351 seconds
[2017.11.27-23.50.00:646][  0]LogFileCache: Scanning file cache for directory 'C:/Users/Rick/Documents/Unreal Projects Git/FPSHomework/Saved/Collections/' took 0.01s
[2017.11.27-23.50.00:646][  0]LogFileCache: Scanning file cache for directory 'C:/Users/Rick/Documents/Unreal Projects Git/FPSHomework/Content/Developers/Rick/Collections/' took 0.01s
[2017.11.27-23.50.00:646][  0]LogFileCache: Scanning file cache for directory 'C:/Users/Rick/Documents/Unreal Projects Git/FPSHomework/Content/Collections/' took 0.01s
[2017.11.27-23.50.00:646][  0]LogCollectionManager: Rebuilt the GUID cache for 0 collections in 0.000000 seconds
[2017.11.27-23.50.00:658][  0]LogContentBrowser: Native class hierarchy populated in 0.0101 seconds. Added 2363 classes and 519 folders.
[2017.11.27-23.50.00:740][  0]LogContentBrowser: Native class hierarchy updated for 'WidgetCarousel' in 0.0003 seconds. Added 0 classes and 0 folders.
[2017.11.27-23.50.00:903][  0]LogContentBrowser: Native class hierarchy updated for 'AddContentDialog' in 0.0002 seconds. Added 0 classes and 0 folders.
[2017.11.27-23.50.00:980][  0]LogContentBrowser: Native class hierarchy updated for 'SceneOutliner' in 0.0003 seconds. Added 1 classes and 2 folders.
[2017.11.27-23.50.01:039][  0]LogSlate: Took 0.000232 seconds to synchronously load lazily loaded font '../../../Engine/Content/Slate/Fonts/Roboto-Regular.ttf' (155K)
[2017.11.27-23.50.01:042][  0]LogSlate: Took 0.000195 seconds to synchronously load lazily loaded font '../../../Engine/Content/Slate/Fonts/Roboto-Bold.ttf' (160K)
[2017.11.27-23.50.01:050][  0]LogSlate: Took 0.001209 seconds to synchronously load lazily loaded font '../../../Engine/Content/Editor/Slate/Fonts/FontAwesome.ttf' (139K)
[2017.11.27-23.50.01:191][  0]LogRenderer: Reallocating scene render targets to support 1208x576 Format 10 NumSamples 1 (Frame:1).
[2017.11.27-23.50.01:613][  0]LogContentBrowser: Native class hierarchy updated for 'HierarchicalLODOutliner' in 0.0003 seconds. Added 1 classes and 2 folders.
[2017.11.27-23.50.01:613][  0]LogLoad: (Engine Initialization) Total time: 23.95 seconds
[2017.11.27-23.50.01:613][  0]LogLoad: (Engine Initialization) Total Blueprint compile time: 0.00 seconds
[2017.11.27-23.50.01:613][  0]LogExternalProfiler: No external profilers were discovered.  External profiling features will not be available.
[2017.11.27-23.50.01:645][  0]LogContentStreaming: Texture pool size now 1000 MB
[2017.11.27-23.50.01:701][  0]LogSlate: Took 0.001597 seconds to synchronously load lazily loaded font '../../../Engine/Content/Slate/Fonts/Roboto-Light.ttf' (159K)
[2017.11.27-23.50.01:762][  1]LogAssetRegistry: Asset discovery search completed in 16.0138 seconds
[2017.11.27-23.50.01:764][  1]LogCollectionManager: Rebuilt the object cache for 0 collections in 0.000001 seconds (found 0 objects)
[2017.11.27-23.50.01:764][  1]LogCollectionManager: Fixed up redirectors for 0 collections in 0.000066 seconds (updated 0 objects)
[2017.11.27-23.50.12:877][139]LogEditorViewport: Clicking on Actor (LMB): LightmassImportanceVolume (LightmassImportanceVolume)
[2017.11.27-23.50.51:296][865]LogEditorViewport: Clicking on Actor (LMB): StaticMeshActor (Box_Brush_StaticMesh1)
[2017.11.27-23.50.56:294][293]LogTemp: Repeating last play command: Selected Viewport
[2017.11.27-23.50.56:333][293]LogBlueprintUserMessages: Early PlayInEditor Detection: Level '/Game/FirstPersonBP/Maps/FirstPersonExampleMap.FirstPersonExampleMap:PersistentLevel' has LevelScriptBlueprint '/Game/FirstPersonBP/Maps/FirstPersonExampleMap.FirstPersonExampleMap:PersistentLevel.FirstPersonExampleMap' with GeneratedClass '/Game/FirstPersonBP/Maps/FirstPersonExampleMap.FirstPersonExampleMap_C' with ClassGeneratedBy '/Game/FirstPersonBP/Maps/FirstPersonExampleMap.FirstPersonExampleMap:PersistentLevel.FirstPersonExampleMap'
[2017.11.27-23.50.56:333][293]LogPlayLevel: PlayLevel: No blueprints needed recompiling
[2017.11.27-23.50.56:334][293]PIE: New page: PIE session: FirstPersonExampleMap (29/11/2017 1:50:56 am)
[2017.11.27-23.50.56:334][293]LogPlayLevel: Creating play world package: /Game/FirstPersonBP/Maps/UEDPIE_0_FirstPersonExampleMap
[2017.11.27-23.50.56:376][293]LogPlayLevel: PIE: StaticDuplicateObject took: (0.041128s)
[2017.11.27-23.50.56:376][293]LogAIModule: Creating AISystem for world FirstPersonExampleMap
[2017.11.27-23.50.56:377][293]LogPlayLevel: PIE: World Init took: (0.000970s)
[2017.11.27-23.50.56:377][293]LogPlayLevel: PIE: Created PIE world by copying editor world from /Game/FirstPersonBP/Maps/FirstPersonExampleMap.FirstPersonExampleMap to /Game/FirstPersonBP/Maps/UEDPIE_0_FirstPersonExampleMap.FirstPersonExampleMap (0.042572s)
[2017.11.27-23.50.56:395][293]LogInit: XAudio2 using 'Speakers (Realtek High Definition Audio)' : 2 channels at 48 kHz using 32 bits per sample (channel mask 0x3)
[2017.11.27-23.50.56:405][293]LogInit: FAudioDevice initialized.
[2017.11.27-23.50.56:445][293]LogLoad: Game class is 'FirstPersonGameMode_C'
[2017.11.27-23.50.56:461][293]LogWorld: Bringing World /Game/FirstPersonBP/Maps/UEDPIE_0_FirstPersonExampleMap.FirstPersonExampleMap up for play (max tick rate 0) at 2017.11.28-12.50.56
[2017.11.27-23.50.56:462][293]LogWorld: Bringing up level for play took: 0.015896
[2017.11.27-23.50.56:521][293]LogContentBrowser: Native class hierarchy updated for 'MovieSceneCapture' in 0.0003 seconds. Added 11 classes and 0 folders.
[2017.11.27-23.50.56:522][293]PIE: Play in editor start time for /Game/FirstPersonBP/Maps/UEDPIE_0_FirstPersonExampleMap 0.911
[2017.11.27-23.50.56:522][293]LogBlueprintUserMessages: Late PlayInEditor Detection: Level '/Game/FirstPersonBP/Maps/FirstPersonExampleMap.FirstPersonExampleMap:PersistentLevel' has LevelScriptBlueprint '/Game/FirstPersonBP/Maps/FirstPersonExampleMap.FirstPersonExampleMap:PersistentLevel.FirstPersonExampleMap' with GeneratedClass '/Game/FirstPersonBP/Maps/FirstPersonExampleMap.FirstPersonExampleMap_C' with ClassGeneratedBy '/Game/FirstPersonBP/Maps/FirstPersonExampleMap.FirstPersonExampleMap:PersistentLevel.FirstPersonExampleMap'
[2017.11.27-23.51.14:425][ 44]LogBlueprintUserMessages: Early EndPlayMap Detection: Level '/Game/FirstPersonBP/Maps/FirstPersonExampleMap.FirstPersonExampleMap:PersistentLevel' has LevelScriptBlueprint '/Game/FirstPersonBP/Maps/FirstPersonExampleMap.FirstPersonExampleMap:PersistentLevel.FirstPersonExampleMap' with GeneratedClass '/Game/FirstPersonBP/Maps/FirstPersonExampleMap.FirstPersonExampleMap_C' with ClassGeneratedBy '/Game/FirstPersonBP/Maps/FirstPersonExampleMap.FirstPersonExampleMap:PersistentLevel.FirstPersonExampleMap'
[2017.11.27-23.51.14:467][ 44]LogBlueprintUserMessages: Late EndPlayMap Detection: Level '/Game/FirstPersonBP/Maps/FirstPersonExampleMap.FirstPersonExampleMap:PersistentLevel' has LevelScriptBlueprint '/Game/FirstPersonBP/Maps/FirstPersonExampleMap.FirstPersonExampleMap:PersistentLevel.FirstPersonExampleMap' with GeneratedClass '/Game/FirstPersonBP/Maps/FirstPersonExampleMap.FirstPersonExampleMap_C' with ClassGeneratedBy '/Game/FirstPersonBP/Maps/FirstPersonExampleMap.FirstPersonExampleMap:PersistentLevel.FirstPersonExampleMap'
[2017.11.27-23.51.16:880][285]LogEditorViewport: Clicking on Actor (LMB): StaticMeshActor (Box_Brush_StaticMesh1)
[2017.11.27-23.51.19:986][527]LogSlate: Took 0.000203 seconds to synchronously load lazily loaded font '../../../Engine/Content/Slate/Fonts/Roboto-Light.ttf' (159K)
[2017.11.27-23.51.34:249][492]LogEditorViewport: Clicking on Actor (LMB): StaticMeshActor (Floor2)
[2017.11.27-23.51.36:135][651]LogEditorViewport: Clicking on Actor (LMB): PostProcessVolume (PostProcessVolume)
[2017.11.27-23.51.38:350][828]LogEditorViewport: Clicking on Actor (LMB): StaticMeshActor (Box_Brush_StaticMesh2)
[2017.11.27-23.51.43:076][232]LogEditorViewport: Clicking on Actor (LMB): StaticMeshActor (Box_Brush_StaticMesh1)
[2017.11.27-23.52.22:530][722]MapCheck: New page: Map Check
[2017.11.27-23.52.22:554][722]Cmd: MAP REBUILD ALLVISIBLE
[2017.11.27-23.52.22:555][722]LogEditorServer: Rebuildmap Clear paths rebuilt
[2017.11.27-23.52.22:789][722]LogMaterial: Missing cached shader map for material FDebugViewModeMaterialProxy WorldGridMaterial, compiling. Is special engine material.
[2017.11.27-23.52.22:800][722]LogMaterial: Missing cached shader map for material FDebugViewModeMaterialProxy AntiAliasedTextMaterialTranslucent, compiling. 
[2017.11.27-23.52.22:807][722]LogMaterial: Missing cached shader map for material FDebugViewModeMaterialProxy MaterialInstanceDynamic_251, compiling. 
[2017.11.27-23.52.22:814][722]LogMaterial: Missing cached shader map for material FDebugViewModeMaterialProxy M_Wood_Floor_Walnut_Worn_Inst, compiling. 
[2017.11.27-23.52.22:822][722]LogMaterial: Missing cached shader map for material FDebugViewModeMaterialProxy M_Metal_Burnished_Steel_Inst, compiling. 
[2017.11.27-23.52.22:826][722]LogMaterial: Missing cached shader map for material FDebugViewModeMaterialProxy M_Tech_Hex_Tile_Inst, compiling. 
[2017.11.27-23.52.22:834][722]LogMaterial: Missing cached shader map for material FDebugViewModeMaterialProxy M_Metal_Gold_Inst, compiling. 
[2017.11.27-23.52.22:842][722]LogMaterial: Missing cached shader map for material FDebugViewModeMaterialProxy M_Water_Lake_Inst, compiling. 
[2017.11.27-23.52.22:851][722]LogMaterial: Missing cached shader map for material FDebugViewModeMaterialProxy M_Spinner_Inst, compiling. 
[2017.11.27-23.52.22:858][722]LogMaterial: Missing cached shader map for material FDebugViewModeMaterialProxy M_Metal_Chrome_Inst, compiling. 
[2017.11.27-23.52.22:865][722]LogMaterial: Missing cached shader map for material FDebugViewModeMaterialProxy M_Target_Inst, compiling. 
[2017.11.27-23.52.22:872][722]LogMaterial: Missing cached shader map for material FDebugViewModeMaterialProxy M_Lava_Inst, compiling. 
[2017.11.27-23.52.22:885][722]LogMaterial: Missing cached shader map for material FDebugViewModeMaterialProxy MatineeCam_mat, compiling. 
[2017.11.27-23.52.22:893][722]LogMaterial: Missing cached shader map for material FDebugViewModeMaterialProxy M_FPGun, compiling. 
[2017.11.27-23.52.22:904][722]LogMaterial: Missing cached shader map for material FDebugViewModeMaterialProxy M_UE4Man_Body, compiling. 
[2017.11.27-23.52.22:914][722]LogMaterial: Missing cached shader map for material FDebugViewModeMaterialProxy MaterialInstanceDynamic_252, compiling. 
[2017.11.27-23.52.24:057][722]TextureStreamingBuild: Display: Compiling optional shaders took 1.276 seconds.
[2017.11.27-23.52.24:083][722]LogLevel: Display: Export Material TexCoord Scales took 0.026 seconds.
[2017.11.27-23.52.24:119][722]TextureStreamingBuild: Display: Build Texture Streaming took 0.036 seconds.
[2017.11.27-23.52.24:132][722]LightingResults: New page: Lighting Build - 29/11/2017 1:52:24 am
[2017.11.27-23.52.24:196][722]LogSwarmInterface: [OpenConnection] Registering TCP channel ...
[2017.11.27-23.52.24:231][722]LogSwarmInterface: [OpenConnection] Connecting to agent ...
[2017.11.27-23.52.24:268][722]LogSwarmInterface: [TryOpenConnection] Testing the Agent
[2017.11.27-23.52.26:306][722]LogSwarmInterface: Error: [TryOpenConnection] Waiting for the agent to start up ...
[2017.11.27-23.52.26:310][722]LogSwarmInterface: Error: System.Net.Sockets.SocketException (0x80004005): No connection could be made because the target machine actively refused it 127.0.0.1:8008

Server stack trace: 
   at System.Net.Sockets.Socket.DoConnect(EndPoint endPointSnapshot, SocketAddress socketAddress)
   at System.Net.Sockets.Socket.Connect(EndPoint remoteEP)
   at System.Runtime.Remoting.Channels.RemoteConnection.CreateNewSocket(EndPoint ipEndPoint)
   at System.Runtime.Remoting.Channels.SocketCache.GetSocket(String machinePortAndSid, Boolean openNew)
   at System.Runtime.Remoting.Channels.Tcp.TcpClientTransportSink.SendRequestWithRetry(IMessage msg, ITransportHeaders requestHeaders, Stream requestStream)
   at System.Runtime.Remoting.Channels.Tcp.TcpClientTransportSink.AsyncProcessRequest(IClientChannelSinkStack sinkStack, IMessage msg, ITransportHeaders headers, Stream stream)
   at System.Runtime.Remoting.Channels.BinaryClientFormatterSink.AsyncProcessMessage(IMessage msg, IMessageSink replySink)

Exception rethrown at [0]: 
   at System.Runtime.Remoting.Proxies.RealProxy.HandleReturnMessage(IMessage reqMsg, IMessage retMsg)
   at System.Runtime.Remoting.Proxies.RealProxy.PrivateInvoke(MessageData& msgData, Int32 type)
   at NSwarm.IAgentInterfaceWrapper.MethodDelegate.EndInvoke(Hashtable& OutParameters, IAsyncResult result)
   at NSwarm.FSwarmInterface.TryOpenConnection(FConnectionCallback CallbackFunc, IntPtr CallbackData, ELogFlags LoggingFlags)
[2017.11.27-23.52.31:379][722]LogSwarmInterface: [TryOpenConnection] Opening Connection to Agent
[2017.11.27-23.52.31:379][722]LogSwarmInterface: [TryOpenConnection] Local Process ID is 1544
[2017.11.27-23.52.32:631][722]LogStaticLightingSystem: Running Lightmass w/ ImmediateImport mode ENABLED
[2017.11.27-23.52.32:631][722]LogStaticLightingSystem: Running Lightmass w/ ImmediateProcess mode ENABLED
[2017.11.27-23.52.32:631][722]LogStaticLightingSystem: Running Lightmass w/ Sorting mode ENABLED
[2017.11.27-23.52.32:631][722]LogStaticLightingSystem: Running Lightmass w/ Mapping paddings ENABLED
[2017.11.27-23.52.32:631][722]LogStaticLightingSystem: Running Lightmass w/ Mapping debug paddings DISABLED
[2017.11.27-23.52.32:821][722]Cmd: MAP CHECK DONTDISPLAYDIALOG
[2017.11.27-23.52.32:821][722]MapCheck: New page: FirstPersonExampleMap - 29/11/2017 1:52:32 am
[2017.11.27-23.52.32:917][722]MapCheck: Map check complete: 0 Error(s), 0 Warning(s), took 95.849ms to complete.
[2017.11.27-23.52.32:938][722]LogEditorBuildUtils: Build time 0:10
[2017.11.27-23.52.32:995][723]LogMaterial: Missing cached shader map for material FLightmassMaterialRenderer M_Lava_Inst, compiling. 
[2017.11.27-23.52.33:005][723]LogMaterial: Missing cached shader map for material FLightmassMaterialRenderer M_Lava_Inst, compiling. 
[2017.11.27-23.52.33:059][724]LogMaterial: Missing cached shader map for material FLightmassMaterialRenderer M_Spinner, compiling. 
[2017.11.27-23.52.33:066][724]LogMaterial: Missing cached shader map for material FLightmassMaterialRenderer M_Spinner, compiling. 
[2017.11.27-23.55.01:058][977]LightingResults: Warning: Cylinder_Brush2_StaticMesh Object has wrapping UVs.
[2017.11.27-23.55.21:537][973]Job is a success!
[2017.11.27-23.55.21:575][974]LogSlate: Took 0.001372 seconds to synchronously load lazily loaded font '../../../Engine/Content/Slate/Fonts/Roboto-Light.ttf' (159K)
[2017.11.27-23.55.21:801][974]LogVolumetricLightmapImport: Imported Volumetric Lightmap in 0.022s
[2017.11.27-23.55.21:801][974]LogVolumetricLightmapImport:      Indirection Texture 16x16x16 = 0.0Mb
[2017.11.27-23.55.21:801][974]LogVolumetricLightmapImport:      BrickData 385x5x5 = 0.3Mb
[2017.11.27-23.55.21:801][974]LogVolumetricLightmapImport:      Bricks at Level
[2017.11.27-23.55.21:802][974]LogVolumetricLightmapImport:          0: 1.3% covering 100.0% of volume
[2017.11.27-23.55.21:802][974]LogVolumetricLightmapImport:          1: 7.8% covering 9.4% of volume
[2017.11.27-23.55.21:802][974]LogVolumetricLightmapImport:          2: 90.9% covering 1.7% of volume
[2017.11.27-23.55.24:175][974]LogSlate: Took 0.001168 seconds to synchronously load lazily loaded font '../../../Engine/Content/Slate/Fonts/Roboto-Regular.ttf' (155K)
[2017.11.27-23.55.37:356][974]LogTexture: Display: Building textures: SkyOcclusion0_1 (AutoDXT, 2048X1024)
[2017.11.27-23.55.37:356][974]LogTexture: Display: Building textures: HQ_Lightmap0_1 (AutoDXT, 2048X2048)
[2017.11.27-23.55.37:356][974]LogTexture: Display: Building textures: LQ_Lightmap_0_1 (DXT1, 2048X2048)
[2017.11.27-23.55.37:356][974]LogTexture: Display: Building textures: SkyOcclusion0_2 (AutoDXT, 2048X1024)
[2017.11.27-23.55.37:356][974]LogTexture: Display: Building textures: HQ_Lightmap0_2 (AutoDXT, 2048X2048)
[2017.11.27-23.55.37:356][974]LogTexture: Display: Building textures: LQ_Lightmap_0_2 (DXT1, 2048X2048)
[2017.11.27-23.55.37:356][974]LogTexture: Display: Building textures: SkyOcclusion0_3 (AutoDXT, 2048X1024)
[2017.11.27-23.55.37:356][974]LogTexture: Display: Building textures: HQ_Lightmap0_3 (AutoDXT, 2048X2048)
[2017.11.27-23.55.37:356][974]LogTexture: Display: Building textures: LQ_Lightmap_0_3 (DXT1, 2048X2048)
[2017.11.27-23.55.37:356][974]LogTexture: Display: Building textures: SkyOcclusion0_4 (AutoDXT, 2048X1024)
[2017.11.27-23.55.37:356][974]LogTexture: Display: Building textures: HQ_Lightmap0_4 (AutoDXT, 2048X2048)
[2017.11.27-23.55.37:356][974]LogTexture: Display: Building textures: LQ_Lightmap_0_4 (DXT1, 2048X2048)
[2017.11.27-23.55.37:356][974]LogTexture: Display: Building textures: SkyOcclusion0_5 (AutoDXT, 2048X1024)
[2017.11.27-23.55.37:356][974]LogTexture: Display: Building textures: HQ_Lightmap0_5 (AutoDXT, 2048X2048)
[2017.11.27-23.55.37:356][974]LogTexture: Display: Building textures: LQ_Lightmap_0_5 (DXT1, 2048X2048)
[2017.11.27-23.55.37:356][974]LogTexture: Display: Building textures: SkyOcclusion1_6 (AutoDXT, 2048X1024)
[2017.11.27-23.55.37:356][974]LogTexture: Display: Building textures: HQ_Lightmap1_6 (AutoDXT, 2048X2048)
[2017.11.27-23.55.37:356][974]LogTexture: Display: Building textures: LQ_Lightmap_1_6 (DXT1, 2048X2048)
[2017.11.27-23.55.37:356][974]LogTexture: Display: Building textures: SkyOcclusion1_7 (AutoDXT, 2048X1024)
[2017.11.27-23.55.37:356][974]LogTexture: Display: Building textures: HQ_Lightmap1_7 (AutoDXT, 2048X2048)
[2017.11.27-23.55.37:356][974]LogTexture: Display: Building textures: LQ_Lightmap_1_7 (DXT1, 2048X2048)
[2017.11.27-23.55.37:356][974]LogTexture: Display: Building textures: SkyOcclusion1_8 (AutoDXT, 2048X1024)
[2017.11.27-23.55.37:356][974]LogTexture: Display: Building textures: HQ_Lightmap1_8 (AutoDXT, 2048X2048)
[2017.11.27-23.55.37:357][974]LogTexture: Display: Building textures: LQ_Lightmap_1_8 (DXT1, 2048X2048)
[2017.11.27-23.55.37:357][974]LogTexture: Display: Building textures: SkyOcclusion1_9 (AutoDXT, 2048X1024)
[2017.11.27-23.55.37:357][974]LogTexture: Display: Building textures: HQ_Lightmap1_9 (AutoDXT, 2048X2048)
[2017.11.27-23.55.37:357][974]LogTexture: Display: Building textures: LQ_Lightmap_1_9 (DXT1, 2048X2048)
[2017.11.27-23.55.37:357][974]LogTexture: Display: Building textures: SkyOcclusion1_10 (AutoDXT, 2048X1024)
[2017.11.27-23.55.37:357][974]LogTexture: Display: Building textures: HQ_Lightmap1_10 (AutoDXT, 2048X2048)
[2017.11.27-23.55.37:357][974]LogTexture: Display: Building textures: LQ_Lightmap_1_10 (DXT1, 2048X2048)
[2017.11.27-23.55.37:357][974]LogTexture: Display: Building textures: SkyOcclusion1_11 (AutoDXT, 2048X1024)
[2017.11.27-23.55.37:357][974]LogTexture: Display: Building textures: HQ_Lightmap1_11 (AutoDXT, 2048X2048)
[2017.11.27-23.55.37:357][974]LogTexture: Display: Building textures: LQ_Lightmap_1_11 (DXT1, 2048X2048)
[2017.11.27-23.55.37:357][974]LogTexture: Display: Building textures: SkyOcclusion1_12 (AutoDXT, 2048X1024)
[2017.11.27-23.55.37:357][974]LogTexture: Display: Building textures: HQ_Lightmap1_12 (AutoDXT, 2048X2048)
[2017.11.27-23.55.37:357][974]LogTexture: Display: Building textures: LQ_Lightmap_1_12 (DXT1, 2048X2048)
[2017.11.27-23.55.37:357][974]LogTexture: Display: Building textures: SkyOcclusion1_13 (AutoDXT, 2048X1024)
[2017.11.27-23.55.37:357][974]LogTexture: Display: Building textures: HQ_Lightmap1_13 (AutoDXT, 2048X2048)
[2017.11.27-23.55.37:357][974]LogTexture: Display: Building textures: LQ_Lightmap_1_13 (DXT1, 2048X2048)
[2017.11.27-23.55.37:357][974]LogTexture: Display: Building textures: SkyOcclusion1_15 (AutoDXT, 2048X1024)
[2017.11.27-23.55.37:357][974]LogTexture: Display: Building textures: SkyOcclusion1_14 (AutoDXT, 2048X1024)
[2017.11.27-23.55.37:357][974]LogTexture: Display: Building textures: HQ_Lightmap1_15 (AutoDXT, 2048X2048)
[2017.11.27-23.55.37:357][974]LogTexture: Display: Building textures: LQ_Lightmap_1_15 (DXT1, 2048X2048)
[2017.11.27-23.55.37:357][974]LogTexture: Display: Building textures: LQ_Lightmap_1_14 (DXT1, 2048X2048)
[2017.11.27-23.55.37:357][974]LogTexture: Display: Building textures: HQ_Lightmap1_14 (AutoDXT, 2048X2048)
[2017.11.27-23.55.37:357][974]LogTexture: Display: Building textures: SkyOcclusion1_16 (AutoDXT, 256X128)
[2017.11.27-23.55.37:357][974]LogTexture: Display: Building textures: HQ_Lightmap1_16 (AutoDXT, 256X256)
[2017.11.27-23.55.37:357][974]LogTexture: Display: Building textures: LQ_Lightmap_1_16 (DXT1, 256X256)
[2017.11.27-23.55.37:357][974]LogTexture: Display: Building textures: SkyOcclusion1_17 (AutoDXT, 64X32)
[2017.11.27-23.55.37:357][974]LogTexture: Display: Building textures: HQ_Lightmap1_17 (AutoDXT, 64X64)
[2017.11.27-23.55.37:357][974]LogTexture: Display: Building textures: LQ_Lightmap_1_17 (DXT1, 64X64)
[2017.11.27-23.55.38:191][974]LogTexture: Display: Building textures: ShadowMapTexture2D_1 (G8, 1024X1024)
[2017.11.27-23.55.38:192][974]LogTexture: Display: Building textures: ShadowMapTexture2D_2 (G8, 1024X1024)
[2017.11.27-23.55.38:192][974]LogTexture: Display: Building textures: ShadowMapTexture2D_0 (G8, 1024X1024)
[2017.11.27-23.55.38:591][974]LogTexture: Display: Building textures: ShadowMapTexture2D_4 (G8, 1024X1024)
[2017.11.27-23.55.38:591][974]LogTexture: Display: Building textures: ShadowMapTexture2D_3 (G8, 1024X1024)
[2017.11.27-23.55.38:591][974]LogTexture: Display: Building textures: ShadowMapTexture2D_5 (G8, 1024X1024)
[2017.11.27-23.55.38:792][974]LogTexture: Display: Building textures: ShadowMapTexture2D_6 (G8, 1024X1024)
[2017.11.27-23.55.38:792][974]LogTexture: Display: Building textures: ShadowMapTexture2D_7 (G8, 1024X1024)
[2017.11.27-23.55.38:792][974]LogTexture: Display: Building textures: ShadowMapTexture2D_38 (G8, 1024X1024)
[2017.11.27-23.55.39:191][974]LogTexture: Display: Building textures: ShadowMapTexture2D_39 (G8, 1024X1024)
[2017.11.27-23.55.39:191][974]LogTexture: Display: Building textures: ShadowMapTexture2D_40 (G8, 1024X1024)
[2017.11.27-23.55.39:191][974]LogTexture: Display: Building textures: ShadowMapTexture2D_41 (G8, 1024X1024)
[2017.11.27-23.55.39:391][974]LogTexture: Display: Building textures: ShadowMapTexture2D_43 (G8, 1024X1024)
[2017.11.27-23.55.39:391][974]LogTexture: Display: Building textures: ShadowMapTexture2D_42 (G8, 1024X1024)
[2017.11.27-23.55.39:391][974]LogTexture: Display: Building textures: ShadowMapTexture2D_44 (G8, 1024X1024)
[2017.11.27-23.55.39:791][974]LogTexture: Display: Building textures: ShadowMapTexture2D_46 (G8, 1024X1024)
[2017.11.27-23.55.39:791][974]LogTexture: Display: Building textures: ShadowMapTexture2D_45 (G8, 1024X1024)
[2017.11.27-23.55.39:791][974]LogTexture: Display: Building textures: ShadowMapTexture2D_47 (G8, 1024X1024)
[2017.11.27-23.55.39:991][974]LogTexture: Display: Building textures: ShadowMapTexture2D_49 (G8, 1024X1024)
[2017.11.27-23.55.39:991][974]LogTexture: Display: Building textures: ShadowMapTexture2D_48 (G8, 1024X1024)
[2017.11.27-23.55.39:991][974]LogTexture: Display: Building textures: ShadowMapTexture2D_50 (G8, 1024X1024)
[2017.11.27-23.55.40:391][974]LogTexture: Display: Building textures: ShadowMapTexture2D_52 (G8, 1024X1024)
[2017.11.27-23.55.40:391][974]LogTexture: Display: Building textures: ShadowMapTexture2D_51 (G8, 1024X1024)
[2017.11.27-23.55.40:391][974]LogTexture: Display: Building textures: ShadowMapTexture2D_53 (G8, 1024X1024)
[2017.11.27-23.55.40:592][974]LogTexture: Display: Building textures: ShadowMapTexture2D_54 (G8, 1024X1024)
[2017.11.27-23.55.40:592][974]LogTexture: Display: Building textures: ShadowMapTexture2D_55 (G8, 1024X1024)
[2017.11.27-23.55.40:592][974]LogTexture: Display: Building textures: ShadowMapTexture2D_56 (G8, 1024X1024)
[2017.11.27-23.55.40:592][974]LogTexture: Display: Building textures: ShadowMapTexture2D_59 (G8, 64X32)
[2017.11.27-23.55.40:592][974]LogTexture: Display: Building textures: ShadowMapTexture2D_58 (BGRA8, 256X128)
[2017.11.27-23.55.40:839][974]LogTexture: Display: Building textures: ShadowMapTexture2D_57 (G8, 1024X1024)
[2017.11.27-23.55.40:906][974]Lightmass on RICK-PC: 3:05 min total, 1.22 sec importing, 13 ms setup, 23.2 sec photons, 2:41 min processing, 0 ms extra exporting [52/52 mappings]. Threads: 18:49 min total, 13:18 min processing.
[2017.11.27-23.55.40:939][974]LogStaticLightingSystem: Illumination: 3:16 min (14.6 sec encoding lightmaps, 3.04 sec encoding shadowmaps)
[2017.11.27-23.55.40:939][974]LogStaticLightingSystem: Lightmap texture memory:  160.2 MB (160.0 MB streaming, 0.2 MB non-streaming), 34 textures
[2017.11.27-23.55.40:939][974]LogStaticLightingSystem: Shadowmap texture memory: 37.5 MB (37.3 MB streaming, 0.2 MB non-streaming), 30 textures
[2017.11.27-23.55.41:662][974]DumpUnbuiltLightIteractions
[2017.11.27-23.55.41:662][974]Lights with unbuilt interactions: 0
[2017.11.27-23.55.41:662][974]
[2017.11.27-23.55.41:662][974]Primitives with unbuilt interactions: 0
[2017.11.27-23.55.41:677][975]Cmd: MAP CHECK NOTIFYRESULTS
[2017.11.27-23.55.41:677][975]MapCheck: New page: FirstPersonExampleMap - 29/11/2017 1:55:41 am
[2017.11.27-23.55.41:776][975]MapCheck: Map check complete: 0 Error(s), 0 Warning(s), took 98.196ms to complete.
[2017.11.27-23.56.21:376][399]LogSavePackage: Save=694.20ms
[2017.11.27-23.56.21:377][399]LogSavePackage: Moving '../../../../../Users/Rick/Documents/Unreal Projects Git/FPSHomework/Saved/FirstPersonExampleMap01E1CB76499B77CEEA0A7F80CC7A151B.tmp' to '../../../../../Users/Rick/Documents/Unreal Projects Git/FPSHomework/Content/FirstPersonBP/Maps/FirstPersonExampleMap.umap'
[2017.11.27-23.56.21:384][399]LogSavePackage: Display: Finished SavePackage ../../../../../Users/Rick/Documents/Unreal Projects Git/FPSHomework/Content/FirstPersonBP/Maps/FirstPersonExampleMap.umap
[2017.11.27-23.56.21:404][399]LogFileHelpers: Saving map 'FirstPersonExampleMap' took 0.907
[2017.11.27-23.56.25:653][399]LogSavePackage: Save=3952.96ms
[2017.11.27-23.56.25:653][399]LogSavePackage: Moving '../../../../../Users/Rick/Documents/Unreal Projects Git/FPSHomework/Saved/FirstPersonExampleMap_BuiltData0CD504A646A89FC89F77F09FCB9A42BC.tmp' to '../../../../../Users/Rick/Documents/Unreal Projects Git/FPSHomework/Content/FirstPersonBP/Maps/FirstPersonExampleMap_BuiltData.uasset'
[2017.11.27-23.56.25:676][399]LogSavePackage: Display: Finished SavePackage ../../../../../Users/Rick/Documents/Unreal Projects Git/FPSHomework/Content/FirstPersonBP/Maps/FirstPersonExampleMap_BuiltData.uasset
[2017.11.27-23.59.25:832][ 11]LogEditorViewport: Clicking on Actor (LMB): StaticMeshActor (Box_Brush_StaticMesh1)
[2017.11.28-00.00.01:674][284]LogEditor: Attempting to add actor of class 'FloatingText' to level at 1075.00,-520.00,824.00
[2017.11.28-00.00.02:991][412]LogEditor: Attempting to add actor of class 'FloatingText' to level at 1389.00,-97.00,279.00
[2017.11.28-00.00.03:639][478]LogEditor: Attempting to add actor of class 'FloatingText' to level at 1741.00,-353.00,170.00
[2017.11.28-00.00.35:032][407]LogSlate: Took 0.002547 seconds to synchronously load lazily loaded font '../../../Engine/Content/Editor/Slate/Fonts/Roboto-Italic.ttf' (157K)
[2017.11.28-00.05.46:396][365]LogEditorViewport: Clicking on Actor (LMB): StaticMeshActor (Box_Brush_StaticMesh1)
[2017.11.28-00.05.47:426][448]LogEditorViewport: Clicking on Actor (LMB): FloatingText (FloatingText2)
[2017.11.28-00.06.06:116][184]LogContentBrowser: Native class hierarchy updated for 'BlueprintGraph' in 0.0008 seconds. Added 116 classes and 0 folders.
[2017.11.28-00.06.10:378][396]LogRenderer: Reallocating scene render targets to support 1208x712 Format 10 NumSamples 1 (Frame:216).
[2017.11.28-00.07.01:795][623]LogSavePackage: Save=775.25ms
[2017.11.28-00.07.01:795][623]LogSavePackage: Moving '../../../../../Users/Rick/Documents/Unreal Projects Git/FPSHomework/Saved/FirstPersonExampleMap_Auto174699B75432DA59F441F16A82A112AA7.tmp' to '../../../../../Users/Rick/Documents/Unreal Projects Git/FPSHomework/Saved/Autosaves/Game/FirstPersonBP/Maps/FirstPersonExampleMap_Auto1.umap'
[2017.11.28-00.07.01:799][623]LogSavePackage: Display: Finished SavePackage ../../../../../Users/Rick/Documents/Unreal Projects Git/FPSHomework/Saved/Autosaves/Game/FirstPersonBP/Maps/FirstPersonExampleMap_Auto1.umap
[2017.11.28-00.07.01:802][623]LogFileHelpers: Editor autosave (incl. sublevels) for '/Game/FirstPersonBP/Maps/FirstPersonExampleMap' took 0.833
[2017.11.28-00.07.01:802][623]LogFileHelpers: Editor autosave (incl. sublevels) for all levels took 0.833
[2017.11.28-00.07.01:807][623]OBJ SavePackage: Generating thumbnails for [1] asset(s) in package [/Game/BP_HelpfulText] ([1] browsable assets)...
[2017.11.28-00.07.01:844][623]OBJ SavePackage:     Rendered thumbnail for [Blueprint /Game/BP_HelpfulText.BP_HelpfulText]
[2017.11.28-00.07.01:844][623]OBJ SavePackage: Finished generating thumbnails for package [/Game/BP_HelpfulText]
[2017.11.28-00.07.01:844][623]Cmd: OBJ SAVEPACKAGE PACKAGE="/Game/BP_HelpfulText" FILE="../../../../../Users/Rick/Documents/Unreal Projects Git/FPSHomework/Saved/Autosaves/Game/BP_HelpfulText_Auto1.uasset" SILENT=false AUTOSAVING=true
[2017.11.28-00.07.01:868][623]LogSavePackage: Save=22.90ms
[2017.11.28-00.07.01:869][623]LogSavePackage: Moving '../../../../../Users/Rick/Documents/Unreal Projects Git/FPSHomework/Saved/BP_HelpfulText_Auto1CE303F554E30964752FB4BBD507EE8E7.tmp' to '../../../../../Users/Rick/Documents/Unreal Projects Git/FPSHomework/Saved/Autosaves/Game/BP_HelpfulText_Auto1.uasset'
[2017.11.28-00.07.01:871][623]LogSavePackage: Display: Finished SavePackage ../../../../../Users/Rick/Documents/Unreal Projects Git/FPSHomework/Saved/Autosaves/Game/BP_HelpfulText_Auto1.uasset
[2017.11.28-00.07.01:871][623]LogFileHelpers: Auto-saving content packages took 0.065
[2017.11.28-00.07.27:721][304]LogWindows: LaunchURL http://docs.unrealengine.com/latest/INT/Engine/Blueprints/index.html?utm_source=editor&utm_medium=docs&utm_campaign=help_menu_asset
[2017.11.28-00.08.48:025][742]LogSlate: Took 0.001582 seconds to synchronously load lazily loaded font '../../../Engine/Content/Editor/Slate/Fonts/Roboto-BoldCondensed.ttf' (158K)
[2017.11.28-00.11.33:301][195]LogRenderer: Reallocating scene render targets to support 1528x712 Format 10 NumSamples 1 (Frame:6417).
[2017.11.28-00.12.06:600][101]BlueprintLog: New page: Compile BP_HelpfulText
[2017.11.28-00.12.16:796][ 21]Cmd: QUIT_EDITOR
[2017.11.28-00.12.16:846][ 21]LogExit: Preparing to exit.
[2017.11.28-00.12.17:848][ 21]LogDirectoryWatcher: A directory notification for 'C:/Users/Rick/Documents/Unreal Projects Git/FPSHomework/Content/' was aborted.
[2017.11.28-00.12.17:892][ 21]LogExit: Editor shut down
[2017.11.28-00.12.17:898][ 21]LogExit: Transaction tracking system shut down
[2017.11.28-00.12.18:040][ 21]LogDirectoryWatcher: A directory notification for '../../../Engine/Content/' was aborted.
[2017.11.28-00.12.18:041][ 21]LogDirectoryWatcher: A directory notification for '../../../../../Users/Rick/Documents/Unreal Projects Git/FPSHomework/Content/' was aborted.
[2017.11.28-00.12.18:041][ 21]LogDirectoryWatcher: A directory notification for '../../../Engine/Plugins/2D/Paper2D/Content/' was aborted.
[2017.11.28-00.12.18:041][ 21]LogDirectoryWatcher: A directory notification for '../../../Engine/Plugins/Media/MediaCompositing/Content/' was aborted.
[2017.11.28-00.12.18:041][ 21]LogDirectoryWatcher: A directory notification for '../../../Engine/Plugins/Runtime/AppleARKit/Content/' was aborted.
[2017.11.28-00.12.18:041][ 21]LogDirectoryWatcher: A directory notification for '../../../Engine/Plugins/Runtime/Oculus/OculusVR/Content/' was aborted.
[2017.11.28-00.12.18:041][ 21]LogDirectoryWatcher: A directory notification for '../../../Engine/Plugins/Runtime/Steam/SteamVR/Content/' was aborted.
[2017.11.28-00.12.18:251][ 21]LogExit: Object subsystem successfully closed.
[2017.11.28-00.12.18:328][ 21]LogD3D11RHI: Shutdown
[2017.11.28-00.12.18:328][ 21]LogD3D11RHI: CleanupD3DDevice
[2017.11.28-00.12.18:332][ 21]LogD3D11RHI: ~FD3D11DynamicRHI
[2017.11.28-00.12.18:401][ 21]LogModuleManager: Shutting down and abandoning module BlueprintGraph (554)
[2017.11.28-00.12.18:401][ 21]LogModuleManager: Shutting down and abandoning module HierarchicalLODUtilities (552)
[2017.11.28-00.12.18:402][ 21]LogModuleManager: Shutting down and abandoning module MovieSceneCapture (550)
[2017.11.28-00.12.18:402][ 21]LogModuleManager: Shutting down and abandoning module HierarchicalLODOutliner (548)
[2017.11.28-00.12.18:402][ 21]LogModuleManager: Shutting down and abandoning module SceneOutliner (546)
[2017.11.28-00.12.18:402][ 21]LogModuleManager: Shutting down and abandoning module AddContentDialog (544)
[2017.11.28-00.12.18:402][ 21]LogDirectoryWatcher: A directory notification for 'C:/Games Fast/UE_4.18/FeaturePacks/' was aborted.
[2017.11.28-00.12.18:405][ 21]LogModuleManager: Shutting down and abandoning module WidgetCarousel (543)
[2017.11.28-00.12.18:405][ 21]LogModuleManager: Shutting down and abandoning module EditorWidgets (540)
[2017.11.28-00.12.18:405][ 21]LogModuleManager: Shutting down and abandoning module CollectionManager (538)
[2017.11.28-00.12.18:405][ 21]LogDirectoryWatcher: A directory notification for 'C:/Users/Rick/Documents/Unreal Projects Git/FPSHomework/Content/Collections/' was aborted.
[2017.11.28-00.12.18:406][ 21]LogDirectoryWatcher: A directory notification for 'C:/Users/Rick/Documents/Unreal Projects Git/FPSHomework/Content/Developers/Rick/Collections/' was aborted.
[2017.11.28-00.12.18:406][ 21]LogDirectoryWatcher: A directory notification for 'C:/Users/Rick/Documents/Unreal Projects Git/FPSHomework/Saved/Collections/' was aborted.
[2017.11.28-00.12.18:406][ 21]LogModuleManager: Shutting down and abandoning module StatsViewer (536)
[2017.11.28-00.12.18:407][ 21]LogModuleManager: Shutting down and abandoning module FoliageEdit (534)
[2017.11.28-00.12.18:407][ 21]LogModuleManager: Shutting down and abandoning module LandscapeEditor (532)
[2017.11.28-00.12.18:408][ 21]LogModuleManager: Shutting down and abandoning module MeshPaintMode (530)
[2017.11.28-00.12.18:409][ 21]LogModuleManager: Shutting down and abandoning module SceneDepthPickerMode (528)
[2017.11.28-00.12.18:409][ 21]LogModuleManager: Shutting down and abandoning module ActorPickerMode (526)
[2017.11.28-00.12.18:409][ 21]LogModuleManager: Shutting down and abandoning module GeometryMode (524)
[2017.11.28-00.12.18:409][ 21]LogModuleManager: Shutting down and abandoning module TextureAlignMode (522)
[2017.11.28-00.12.18:409][ 21]LogModuleManager: Shutting down and abandoning module BspMode (520)
[2017.11.28-00.12.18:409][ 21]LogModuleManager: Shutting down and abandoning module PIEPreviewDeviceProfileSelector (518)
[2017.11.28-00.12.18:409][ 21]LogModuleManager: Shutting down and abandoning module HardwareSurvey (516)
[2017.11.28-00.12.18:409][ 21]LogModuleManager: Shutting down and abandoning module SequenceRecorderSections (514)
[2017.11.28-00.12.18:409][ 21]LogModuleManager: Shutting down and abandoning module AutomationWorker (512)
[2017.11.28-00.12.18:410][ 21]LogModuleManager: Shutting down and abandoning module MatineeToLevelSequence (510)
[2017.11.28-00.12.18:410][ 21]LogModuleManager: Shutting down and abandoning module LevelSequenceEditor (508)
[2017.11.28-00.12.18:412][ 21]LogModuleManager: Shutting down and abandoning module PlacementMode (507)
[2017.11.28-00.12.18:413][ 21]LogModuleManager: Shutting down and abandoning module WmfMediaFactory (504)
[2017.11.28-00.12.18:413][ 21]LogModuleManager: Shutting down and abandoning module WmfMediaEditor (502)
[2017.11.28-00.12.18:413][ 21]LogModuleManager: Shutting down and abandoning module OpenExrWrapper (500)
[2017.11.28-00.12.18:413][ 21]LogModuleManager: Shutting down and abandoning module ImgMediaFactory (498)
[2017.11.28-00.12.18:413][ 21]LogModuleManager: Shutting down and abandoning module ImgMediaEditor (496)
[2017.11.28-00.12.18:413][ 21]LogModuleManager: Shutting down and abandoning module AvfMediaFactory (494)
[2017.11.28-00.12.18:413][ 21]LogModuleManager: Shutting down and abandoning module AvfMediaEditor (492)
[2017.11.28-00.12.18:413][ 21]LogModuleManager: Shutting down and abandoning module AndroidMediaFactory (490)
[2017.11.28-00.12.18:413][ 21]LogModuleManager: Shutting down and abandoning module AndroidMediaEditor (488)
[2017.11.28-00.12.18:413][ 21]LogModuleManager: Shutting down and abandoning module CharacterAI (486)
[2017.11.28-00.12.18:413][ 21]LogModuleManager: Shutting down and abandoning module AudioCapture (484)
[2017.11.28-00.12.18:413][ 21]LogModuleManager: Shutting down and abandoning module SequenceRecorder (483)
[2017.11.28-00.12.18:414][ 21]LogModuleManager: Shutting down and abandoning module SmartSnapping (480)
[2017.11.28-00.12.18:414][ 21]LogModuleManager: Shutting down and abandoning module SessionServices (478)
[2017.11.28-00.12.18:414][ 21]LogModuleManager: Shutting down and abandoning module ViewportSnapping (476)
[2017.11.28-00.12.18:414][ 21]LogModuleManager: Shutting down and abandoning module ViewportInteraction (474)
[2017.11.28-00.12.18:414][ 21]LogModuleManager: Shutting down and abandoning module ClothPainter (472)
[2017.11.28-00.12.18:415][ 21]LogModuleManager: Shutting down and abandoning module SkeletalMeshEditor (471)
[2017.11.28-00.12.18:416][ 21]LogModuleManager: Shutting down and abandoning module LogVisualizer (468)
[2017.11.28-00.12.18:417][ 21]LogModuleManager: Shutting down and abandoning module IntroTutorials (466)
[2017.11.28-00.12.18:419][ 21]LogModuleManager: Shutting down and abandoning module GameProjectGeneration (465)
[2017.11.28-00.12.18:420][ 21]LogModuleManager: Shutting down and abandoning module IOSPlatformEditor (462)
[2017.11.28-00.12.18:421][ 21]LogModuleManager: Shutting down and abandoning module HTML5PlatformEditor (460)
[2017.11.28-00.12.18:421][ 21]LogModuleManager: Shutting down and abandoning module AndroidPlatformEditor (458)
[2017.11.28-00.12.18:421][ 21]LogModuleManager: Shutting down and abandoning module AndroidDeviceDetection (457)
[2017.11.28-00.12.19:227][ 21]LogModuleManager: Shutting down and abandoning module WindowsPlatformEditor (454)
[2017.11.28-00.12.19:228][ 21]LogModuleManager: Shutting down and abandoning module IOSRuntimeSettings (452)
[2017.11.28-00.12.19:228][ 21]LogModuleManager: Shutting down and abandoning module AndroidRuntimeSettings (450)
[2017.11.28-00.12.19:228][ 21]LogModuleManager: Shutting down and abandoning module InputBindingEditor (448)
[2017.11.28-00.12.19:228][ 21]LogModuleManager: Shutting down and abandoning module MergeActors (446)
[2017.11.28-00.12.19:229][ 21]LogModuleManager: Shutting down and abandoning module SizeMap (444)
[2017.11.28-00.12.19:229][ 21]LogModuleManager: Shutting down and abandoning module TreeMap (442)
[2017.11.28-00.12.19:230][ 21]LogModuleManager: Shutting down and abandoning module ReferenceViewer (440)
[2017.11.28-00.12.19:230][ 21]LogModuleManager: Shutting down and abandoning module LocalizationDashboard (438)
[2017.11.28-00.12.19:231][ 21]LogModuleManager: Shutting down and abandoning module LocalizationService (437)
[2017.11.28-00.12.19:231][ 21]LogModuleManager: Shutting down and abandoning module HardwareTargeting (434)
[2017.11.28-00.12.19:231][ 21]LogModuleManager: Shutting down and abandoning module DeviceProfileEditor (432)
[2017.11.28-00.12.19:231][ 21]LogModuleManager: Shutting down and abandoning module UndoHistory (430)
[2017.11.28-00.12.19:231][ 21]LogModuleManager: Shutting down and abandoning module XmlParser (428)
[2017.11.28-00.12.19:232][ 21]LogModuleManager: Shutting down and abandoning module Blutility (426)
[2017.11.28-00.12.19:232][ 21]LogModuleManager: Shutting down and abandoning module ProjectSettingsViewer (424)
[2017.11.28-00.12.19:232][ 21]LogModuleManager: Shutting down and abandoning module ProjectTargetPlatformEditor (423)
[2017.11.28-00.12.19:232][ 21]LogModuleManager: Shutting down and abandoning module EditorSettingsViewer (420)
[2017.11.28-00.12.19:232][ 21]LogModuleManager: Shutting down and abandoning module SettingsEditor (418)
[2017.11.28-00.12.19:233][ 21]LogModuleManager: Shutting down and abandoning module ProjectLauncher (416)
[2017.11.28-00.12.19:234][ 21]LogModuleManager: Shutting down and abandoning module SessionFrontend (414)
[2017.11.28-00.12.19:234][ 21]LogModuleManager: Shutting down and abandoning module ProfilerClient (412)
[2017.11.28-00.12.19:235][ 21]LogModuleManager: Shutting down and abandoning module DeviceManager (410)
[2017.11.28-00.12.19:235][ 21]LogModuleManager: Shutting down and abandoning module TargetDeviceServices (409)
[2017.11.28-00.12.19:275][ 21]LogModuleManager: Shutting down and abandoning module AutomationController (406)
[2017.11.28-00.12.19:276][ 21]LogModuleManager: Shutting down and abandoning module AutomationWindow (404)
[2017.11.28-00.12.19:277][ 21]LogModuleManager: Shutting down and abandoning module Layers (402)
[2017.11.28-00.12.19:279][ 21]LogModuleManager: Shutting down and abandoning module ComponentVisualizers (400)
[2017.11.28-00.12.19:279][ 21]LogModuleManager: Shutting down and abandoning module DetailCustomizations (398)
[2017.11.28-00.12.19:280][ 21]LogModuleManager: Shutting down and abandoning module PackagesDialog (396)
[2017.11.28-00.12.19:281][ 21]LogModuleManager: Shutting down and abandoning module Persona (394)
[2017.11.28-00.12.19:282][ 21]LogModuleManager: Shutting down and abandoning module AdvancedPreviewScene (393)
[2017.11.28-00.12.19:282][ 21]LogModuleManager: Shutting down and abandoning module AnimGraph (391)
[2017.11.28-00.12.19:282][ 21]LogModuleManager: Shutting down and abandoning module Kismet (388)
[2017.11.28-00.12.19:295][ 21]LogModuleManager: Shutting down and abandoning module ClassViewer (386)
[2017.11.28-00.12.19:295][ 21]LogModuleManager: Shutting down and abandoning module Toolbox (384)
[2017.11.28-00.12.19:295][ 21]LogModuleManager: Shutting down and abandoning module ModuleUI (382)
[2017.11.28-00.12.19:296][ 21]LogModuleManager: Shutting down and abandoning module MovieSceneTools (380)
[2017.11.28-00.12.19:297][ 21]LogModuleManager: Shutting down and abandoning module OutputLog (378)
[2017.11.28-00.12.19:297][ 21]LogModuleManager: Shutting down and abandoning module GammaUI (376)
[2017.11.28-00.12.19:297][ 21]LogModuleManager: Shutting down and abandoning module Documentation (374)
[2017.11.28-00.12.19:298][ 21]LogModuleManager: Shutting down and abandoning module MovieSceneTracks (372)
[2017.11.28-00.12.19:298][ 21]LogModuleManager: Shutting down and abandoning module MovieScene (370)
[2017.11.28-00.12.19:298][ 21]LogModuleManager: Shutting down and abandoning module StreamingPauseRendering (368)
[2017.11.28-00.12.19:298][ 21]LogModuleManager: Shutting down and abandoning module LauncherPlatform (366)
[2017.11.28-00.12.19:298][ 21]LogModuleManager: Shutting down and abandoning module AnalyticsET (364)
[2017.11.28-00.12.19:298][ 21]LogModuleManager: Shutting down and abandoning module PortalServices (362)
[2017.11.28-00.12.19:298][ 21]LogModuleManager: Shutting down and abandoning module PortalRpc (360)
[2017.11.28-00.12.19:298][ 21]LogModuleManager: Shutting down and abandoning module MessagingRpc (358)
[2017.11.28-00.12.19:298][ 21]LogModuleManager: Shutting down and abandoning module AIModule (356)
[2017.11.28-00.12.19:298][ 21]LogModuleManager: Shutting down and abandoning module GameplayDebugger (355)
[2017.11.28-00.12.19:298][ 21]LogModuleManager: Shutting down and abandoning module AITestSuite (353)
[2017.11.28-00.12.19:298][ 21]LogModuleManager: Shutting down and abandoning module DesktopPlatform (350)
[2017.11.28-00.12.19:298][ 21]LogModuleManager: Shutting down and abandoning module ProfilerService (348)
[2017.11.28-00.12.19:391][ 21]LogModuleManager: Shutting down and abandoning module TaskGraph (346)
[2017.11.28-00.12.19:392][ 21]LogModuleManager: Shutting down and abandoning module SteamVRController (344)
[2017.11.28-00.12.19:392][ 21]LogModuleManager: Shutting down and abandoning module ProceduralMeshComponentEditor (342)
[2017.11.28-00.12.19:392][ 21]LogModuleManager: Shutting down and abandoning module ProceduralMeshComponent (340)
[2017.11.28-00.12.19:393][ 21]LogModuleManager: Shutting down and abandoning module OculusInput (338)
[2017.11.28-00.12.19:393][ 21]LogModuleManager: Shutting down and abandoning module MobilePatchingUtils (336)
[2017.11.28-00.12.19:393][ 21]LogModuleManager: Shutting down and abandoning module CustomMeshComponent (334)
[2017.11.28-00.12.19:393][ 21]LogModuleManager: Shutting down and abandoning module CableComponent (332)
[2017.11.28-00.12.19:393][ 21]LogModuleManager: Shutting down and abandoning module ArchVisCharacter (330)
[2017.11.28-00.12.19:393][ 21]LogModuleManager: Shutting down and abandoning module AndroidPermission (328)
[2017.11.28-00.12.19:393][ 21]LogModuleManager: Shutting down and abandoning module ActorSequence (324)
[2017.11.28-00.12.19:393][ 21]LogModuleManager: Shutting down and abandoning module MediaPlayerEditor (322)
[2017.11.28-00.12.19:396][ 21]LogModuleManager: Shutting down and abandoning module MediaCompositingEditor (320)
[2017.11.28-00.12.19:396][ 21]LogModuleManager: Shutting down and abandoning module MediaCompositing (318)
[2017.11.28-00.12.19:396][ 21]LogModuleManager: Shutting down and abandoning module HTML5Networking (316)
[2017.11.28-00.12.19:396][ 21]LogModuleManager: Shutting down and abandoning module AlembicImporter (314)
[2017.11.28-00.12.19:396][ 21]LogModuleManager: Shutting down and abandoning module AlembicLibrary (313)
[2017.11.28-00.12.19:396][ 21]LogModuleManager: Shutting down and abandoning module GeometryCache (312)
[2017.11.28-00.12.19:396][ 21]LogModuleManager: Shutting down and abandoning module GeometryCacheEd (311)
[2017.11.28-00.12.19:396][ 21]LogModuleManager: Shutting down and abandoning module SpeedTreeImporter (306)
[2017.11.28-00.12.19:396][ 21]LogModuleManager: Shutting down and abandoning module PluginBrowser (304)
[2017.11.28-00.12.19:399][ 21]LogModuleManager: Shutting down and abandoning module MobileLauncherProfileWizard (302)
[2017.11.28-00.12.19:400][ 21]LogModuleManager: Shutting down and abandoning module VisualStudioSourceCodeAccess (300)
[2017.11.28-00.12.19:400][ 21]LogModuleManager: Shutting down and abandoning module VisualStudioCodeSourceCodeAccess (298)
[2017.11.28-00.12.19:400][ 21]LogModuleManager: Shutting down and abandoning module UObjectPlugin (296)
[2017.11.28-00.12.19:400][ 21]LogModuleManager: Shutting down and abandoning module SubversionSourceControl (294)
[2017.11.28-00.12.19:400][ 21]LogModuleManager: Shutting down and abandoning module PerforceSourceControl (292)
[2017.11.28-00.12.19:401][ 21]LogModuleManager: Shutting down and abandoning module GitSourceControl (290)
[2017.11.28-00.12.19:402][ 21]LogModuleManager: Shutting down and abandoning module SourceControl (289)
[2017.11.28-00.12.19:403][ 21]LogModuleManager: Shutting down and abandoning module LightPropagationVolumeEditor (286)
[2017.11.28-00.12.19:403][ 21]LogModuleManager: Shutting down and abandoning module PaperTiledImporter (284)
[2017.11.28-00.12.19:403][ 21]LogModuleManager: Shutting down and abandoning module PaperSpriteSheetImporter (282)
[2017.11.28-00.12.19:403][ 21]LogModuleManager: Shutting down and abandoning module Paper2DEditor (280)
[2017.11.28-00.12.19:404][ 21]LogModuleManager: Shutting down and abandoning module MeshPaint (279)
[2017.11.28-00.12.19:404][ 21]LogModuleManager: Shutting down and abandoning module LevelEditor (277)
[2017.11.28-00.12.19:406][ 21]LogModuleManager: Shutting down and abandoning module PixelInspectorModule (276)
[2017.11.28-00.12.19:406][ 21]LogModuleManager: Shutting down and abandoning module MainFrame (274)
[2017.11.28-00.12.19:406][ 21]LogModuleManager: Shutting down and abandoning module HotReload (273)
[2017.11.28-00.12.19:407][ 21]LogModuleManager: Shutting down and abandoning module RuntimePhysXCooking (268)
[2017.11.28-00.12.19:407][ 21]LogModuleManager: Shutting down and abandoning module PhysXVehiclesEditor (266)
[2017.11.28-00.12.19:407][ 21]LogModuleManager: Shutting down and abandoning module PhysXVehicles (264)
[2017.11.28-00.12.19:408][ 21]LogModuleManager: Shutting down and abandoning module OculusEditor (262)
[2017.11.28-00.12.19:408][ 21]LogModuleManager: Shutting down and abandoning module LocationServicesBPLibrary (260)
[2017.11.28-00.12.19:408][ 21]LogModuleManager: Shutting down and abandoning module ImmediatePhysicsEditor (258)
[2017.11.28-00.12.19:408][ 21]LogModuleManager: Shutting down and abandoning module ImmediatePhysics (256)
[2017.11.28-00.12.19:408][ 21]LogModuleManager: Shutting down and abandoning module UdpMessaging (254)
[2017.11.28-00.12.19:508][ 21]LogModuleManager: Shutting down and abandoning module TcpMessaging (252)
[2017.11.28-00.12.19:608][ 21]LogModuleManager: Shutting down and abandoning module GameplayTagsEditor (250)
[2017.11.28-00.12.19:609][ 21]LogModuleManager: Shutting down and abandoning module FacialAnimationEditor (248)
[2017.11.28-00.12.19:609][ 21]LogModuleManager: Shutting down and abandoning module FacialAnimation (246)
[2017.11.28-00.12.19:609][ 21]LogModuleManager: Shutting down and abandoning module AssetManagerEditor (244)
[2017.11.28-00.12.19:610][ 21]LogModuleManager: Shutting down and abandoning module GraphEditor (243)
[2017.11.28-00.12.19:610][ 21]LogModuleManager: Shutting down and abandoning module ContentBrowser (241)
[2017.11.28-00.12.19:611][ 21]LogModuleManager: Shutting down and abandoning module LightPropagationVolumeRuntime (238)
[2017.11.28-00.12.19:611][ 21]LogModuleManager: Shutting down and abandoning module Paper2D (236)
[2017.11.28-00.12.19:612][ 21]LogModuleManager: Shutting down and abandoning module WindowsMoviePlayer (234)
[2017.11.28-00.12.19:612][ 21]LogModuleManager: Shutting down and abandoning module WmfMedia (232)
[2017.11.28-00.12.19:613][ 21]LogModuleManager: Shutting down and abandoning module ImgMedia (230)
[2017.11.28-00.12.19:613][ 21]LogModuleManager: Shutting down and abandoning module PacketHandler (228)
[2017.11.28-00.12.19:613][ 21]LogModuleManager: Shutting down and abandoning module ClothingSystemEditor (226)
[2017.11.28-00.12.19:613][ 21]LogModuleManager: Shutting down and abandoning module ClothingSystemRuntime (224)
[2017.11.28-00.12.19:614][ 21]LogModuleManager: Shutting down and abandoning module MediaAssets (222)
[2017.11.28-00.12.19:614][ 21]LogModuleManager: Shutting down and abandoning module Media (221)
[2017.11.28-00.12.19:619][ 21]LogModuleManager: Shutting down and abandoning module Overlay (218)
[2017.11.28-00.12.19:619][ 21]LogModuleManager: Shutting down and abandoning module OverlayEditor (217)
[2017.11.28-00.12.19:619][ 21]LogModuleManager: Shutting down and abandoning module VREditor (214)
[2017.11.28-00.12.19:620][ 21]LogModuleManager: Shutting down and abandoning module StringTableEditor (212)
[2017.11.28-00.12.19:621][ 21]LogModuleManager: Shutting down and abandoning module GameplayTasksEditor (210)
[2017.11.28-00.12.19:621][ 21]LogModuleManager: Shutting down and abandoning module BehaviorTreeEditor (208)
[2017.11.28-00.12.19:623][ 21]LogModuleManager: Shutting down and abandoning module FunctionalTesting (206)
[2017.11.28-00.12.19:623][ 21]LogModuleManager: Shutting down and abandoning module CollisionAnalyzer (204)
[2017.11.28-00.12.19:624][ 21]LogModuleManager: Shutting down and abandoning module WorkspaceMenuStructure (203)
[2017.11.28-00.12.19:624][ 21]LogModuleManager: Shutting down and abandoning module UMG (200)
[2017.11.28-00.12.19:625][ 21]LogModuleManager: Shutting down and abandoning module UMGEditor (199)
[2017.11.28-00.12.19:626][ 21]LogModuleManager: Shutting down and abandoning module Sequencer (198)
[2017.11.28-00.12.19:628][ 21]LogModuleManager: Shutting down and abandoning module MessageLog (195)
[2017.11.28-00.12.19:628][ 21]LogModuleManager: Shutting down and abandoning module SlateReflector (190)
[2017.11.28-00.12.19:631][ 21]LogModuleManager: Shutting down and abandoning module Slate (188)
[2017.11.28-00.12.19:631][ 21]LogModuleManager: Shutting down and abandoning module EditorStyle (186)
[2017.11.28-00.12.19:636][ 21]LogModuleManager: Shutting down and abandoning module MRMesh (184)
[2017.11.28-00.12.19:636][ 21]LogModuleManager: Shutting down and abandoning module SourceCodeAccess (182)
[2017.11.28-00.12.19:636][ 21]LogModuleManager: Shutting down and abandoning module HeadMountedDisplay (180)
[2017.11.28-00.12.19:636][ 21]LogModuleManager: Shutting down and abandoning module XAudio2 (178)
[2017.11.28-00.12.19:636][ 21]LogModuleManager: Shutting down and abandoning module Networking (176)
[2017.11.28-00.12.19:636][ 21]LogModuleManager: Shutting down and abandoning module Core (172)
[2017.11.28-00.12.19:636][ 21]LogModuleManager: Shutting down and abandoning module LevelSequence (168)
[2017.11.28-00.12.19:636][ 21]LogModuleManager: Shutting down and abandoning module DirectoryWatcher (166)
[2017.11.28-00.12.19:637][ 21]LogModuleManager: Shutting down and abandoning module KismetCompiler (164)
[2017.11.28-00.12.19:637][ 21]LogModuleManager: Shutting down and abandoning module MeshUtilities (162)
[2017.11.28-00.12.19:637][ 21]LogModuleManager: Shutting down and abandoning module MeshMergeUtilities (161)
[2017.11.28-00.12.19:638][ 21]LogModuleManager: Shutting down and abandoning module MeshReductionInterface (160)
[2017.11.28-00.12.19:638][ 21]LogModuleManager: Shutting down and abandoning module SimplygonSwarm (159)
[2017.11.28-00.12.19:638][ 21]LogModuleManager: Shutting down and abandoning module SimplygonMeshReduction (157)
[2017.11.28-00.12.19:638][ 21]LogModuleManager: Shutting down and abandoning module QuadricMeshReduction (155)
[2017.11.28-00.12.19:639][ 21]LogModuleManager: Shutting down and abandoning module MaterialBaking (151)
[2017.11.28-00.12.19:639][ 21]LogModuleManager: Shutting down and abandoning module DerivedDataCache (148)
[2017.11.28-00.12.19:647][ 21]LogDerivedDataCache: Shutdown
[2017.11.28-00.12.19:647][ 21]LogModuleManager: Shutting down and abandoning module TargetPlatform (146)
[2017.11.28-00.12.19:647][ 21]LogModuleManager: Shutting down and abandoning module VulkanShaderFormat (145)
[2017.11.28-00.12.19:647][ 21]LogModuleManager: Shutting down and abandoning module ShaderFormatVectorVM (143)
[2017.11.28-00.12.19:647][ 21]LogModuleManager: Shutting down and abandoning module ShaderFormatOpenGL (141)
[2017.11.28-00.12.19:648][ 21]LogModuleManager: Shutting down and abandoning module ShaderFormatD3D (139)
[2017.11.28-00.12.19:648][ 21]LogModuleManager: Shutting down and abandoning module MetalShaderFormat (137)
[2017.11.28-00.12.19:649][ 21]LogModuleManager: Shutting down and abandoning module TextureFormatUncompressed (135)
[2017.11.28-00.12.19:649][ 21]LogModuleManager: Shutting down and abandoning module TextureFormatPVR (133)
[2017.11.28-00.12.19:649][ 21]LogModuleManager: Shutting down and abandoning module TextureFormatDXT (131)
[2017.11.28-00.12.19:649][ 21]LogModuleManager: Shutting down and abandoning module TextureFormatIntelISPCTexComp (129)
[2017.11.28-00.12.19:649][ 21]LogModuleManager: Shutting down and abandoning module TextureFormatASTC (127)
[2017.11.28-00.12.19:649][ 21]LogModuleManager: Shutting down and abandoning module ImageWrapper (126)
[2017.11.28-00.12.19:649][ 21]LogModuleManager: Shutting down and abandoning module TextureFormatAndroid (123)
[2017.11.28-00.12.19:649][ 21]LogModuleManager: Shutting down and abandoning module AudioFormatOpus (121)
[2017.11.28-00.12.19:649][ 21]LogModuleManager: Shutting down and abandoning module AudioFormatOgg (119)
[2017.11.28-00.12.19:649][ 21]LogModuleManager: Shutting down and abandoning module AudioFormatADPCM (117)
[2017.11.28-00.12.19:649][ 21]LogModuleManager: Shutting down and abandoning module LinuxTargetPlatform (115)
[2017.11.28-00.12.19:649][ 21]LogModuleManager: Shutting down and abandoning module LinuxServerTargetPlatform (113)
[2017.11.28-00.12.19:649][ 21]LogModuleManager: Shutting down and abandoning module LinuxNoEditorTargetPlatform (111)
[2017.11.28-00.12.19:649][ 21]LogModuleManager: Shutting down and abandoning module LinuxClientTargetPlatform (109)
[2017.11.28-00.12.19:649][ 21]LogModuleManager: Shutting down and abandoning module TVOSTargetPlatform (107)
[2017.11.28-00.12.19:649][ 21]LogModuleManager: Shutting down and abandoning module Messaging (105)
[2017.11.28-00.12.19:649][ 21]LogModuleManager: Shutting down and abandoning module IOSTargetPlatform (103)
[2017.11.28-00.12.19:649][ 21]LogModuleManager: Shutting down and abandoning module HTML5TargetPlatform (101)
[2017.11.28-00.12.19:649][ 21]LogModuleManager: Shutting down and abandoning module AndroidTargetPlatform (99)
[2017.11.28-00.12.19:649][ 21]LogModuleManager: Shutting down and abandoning module Android_PVRTCTargetPlatform (97)
[2017.11.28-00.12.19:649][ 21]LogModuleManager: Shutting down and abandoning module Android_MultiTargetPlatform (95)
[2017.11.28-00.12.19:649][ 21]LogModuleManager: Shutting down and abandoning module Android_ETC2TargetPlatform (93)
[2017.11.28-00.12.19:650][ 21]LogModuleManager: Shutting down and abandoning module Android_ETC1TargetPlatform (91)
[2017.11.28-00.12.19:650][ 21]LogModuleManager: Shutting down and abandoning module Android_DXTTargetPlatform (89)
[2017.11.28-00.12.19:650][ 21]LogModuleManager: Shutting down and abandoning module Android_ATCTargetPlatform (87)
[2017.11.28-00.12.19:650][ 21]LogModuleManager: Shutting down and abandoning module Android_ASTCTargetPlatform (85)
[2017.11.28-00.12.19:650][ 21]LogModuleManager: Shutting down and abandoning module WindowsTargetPlatform (83)
[2017.11.28-00.12.19:650][ 21]LogModuleManager: Shutting down and abandoning module WindowsServerTargetPlatform (81)
[2017.11.28-00.12.19:650][ 21]LogModuleManager: Shutting down and abandoning module WindowsNoEditorTargetPlatform (79)
[2017.11.28-00.12.19:650][ 21]LogModuleManager: Shutting down and abandoning module WindowsClientTargetPlatform (77)
[2017.11.28-00.12.19:650][ 21]LogModuleManager: Shutting down and abandoning module MacTargetPlatform (75)
[2017.11.28-00.12.19:650][ 21]LogModuleManager: Shutting down and abandoning module MacServerTargetPlatform (73)
[2017.11.28-00.12.19:650][ 21]LogModuleManager: Shutting down and abandoning module MacNoEditorTargetPlatform (71)
[2017.11.28-00.12.19:650][ 21]LogModuleManager: Shutting down and abandoning module MacClientTargetPlatform (69)
[2017.11.28-00.12.19:650][ 21]LogModuleManager: Shutting down and abandoning module AllDesktopTargetPlatform (67)
[2017.11.28-00.12.19:650][ 21]LogModuleManager: Shutting down and abandoning module InputCore (64)
[2017.11.28-00.12.19:650][ 21]LogModuleManager: Shutting down and abandoning module Settings (62)
[2017.11.28-00.12.19:650][ 21]LogModuleManager: Shutting down and abandoning module PhysXCooking (60)
[2017.11.28-00.12.19:650][ 21]LogModuleManager: Shutting down and abandoning module SteamVR (58)
[2017.11.28-00.12.19:650][ 21]LogModuleManager: Shutting down and abandoning module OculusHMD (56)
[2017.11.28-00.12.19:650][ 21]LogModuleManager: Shutting down and abandoning module ExampleDeviceProfileSelector (54)
[2017.11.28-00.12.19:650][ 21]LogModuleManager: Shutting down and abandoning module AppleARKit (52)
[2017.11.28-00.12.19:650][ 21]LogModuleManager: Shutting down and abandoning module AugmentedReality (51)
[2017.11.28-00.12.19:650][ 21]LogModuleManager: Shutting down and abandoning module OnlineBlueprintSupport (48)
[2017.11.28-00.12.19:650][ 21]LogModuleManager: Shutting down and abandoning module OnlineSubsystem (44)
[2017.11.28-00.12.19:651][ 21]LogModuleManager: Shutting down and abandoning module XMPP (43)
[2017.11.28-00.12.19:652][ 21]LogModuleManager: Shutting down and abandoning module HTTP (41)
[2017.11.28-00.12.19:653][ 21]LogHttp: Display: Http module shutting down, but needs to wait on 1 outstanding Http requests:
[2017.11.28-00.12.19:653][ 21]LogHttp: Display: 	verb=[POST] url=[https://datarouter.ol.epicgames.com/datarouter/api/v1/public/data?SessionID=%7BC4EFF326-4581-5CFD-9C49-D2A1D273A35A%7D&AppID=UEEditor.Rocket.Release&AppVersion=4.18.1-3754814%2B%2B%2BUE4%2BRelease-4.18&UserID=027943e74889653293938e853cd31f1e%7Cd2e09cd055a84174b89a9824df712573%7C4c7650e3-c025-41b9-a541-df66fb501caf&AppEnvironment=datacollector-binary&UploadType=eteventstream] status=Processing
[2017.11.28-00.12.19:678][ 21]LogModuleManager: Shutting down and abandoning module SSL (40)
[2017.11.28-00.12.19:680][ 21]LogModuleManager: Shutting down and abandoning module AnimationModifiers (36)
[2017.11.28-00.12.19:680][ 21]LogModuleManager: Shutting down and abandoning module PropertyEditor (35)
[2017.11.28-00.12.19:680][ 21]LogModuleManager: Shutting down and abandoning module AudioEditor (32)
[2017.11.28-00.12.19:681][ 21]LogModuleManager: Shutting down and abandoning module TextureCompressor (30)
[2017.11.28-00.12.19:681][ 21]LogModuleManager: Shutting down and abandoning module ShaderCore (28)
[2017.11.28-00.12.19:681][ 21]LogModuleManager: Shutting down and abandoning module Landscape (26)
[2017.11.28-00.12.19:682][ 21]LogModuleManager: Shutting down and abandoning module SlateRHIRenderer (24)
[2017.11.28-00.12.19:683][ 21]LogModuleManager: Shutting down and abandoning module OpenGLDrv (22)
[2017.11.28-00.12.19:684][ 21]LogModuleManager: Shutting down and abandoning module D3D11RHI (20)
[2017.11.28-00.12.19:684][ 21]LogModuleManager: Shutting down and abandoning module AnimGraphRuntime (18)
[2017.11.28-00.12.19:685][ 21]LogModuleManager: Shutting down and abandoning module Renderer (16)
[2017.11.28-00.12.19:685][ 21]LogModuleManager: Shutting down and abandoning module Engine (14)
[2017.11.28-00.12.19:685][ 21]LogModuleManager: Shutting down and abandoning module CoreUObject (12)
[2017.11.28-00.12.19:685][ 21]LogModuleManager: Shutting down and abandoning module NetworkFile (10)
[2017.11.28-00.12.19:685][ 21]LogModuleManager: Shutting down and abandoning module CookedIterativeFile (8)
[2017.11.28-00.12.19:685][ 21]LogModuleManager: Shutting down and abandoning module StreamingFile (6)
[2017.11.28-00.12.19:685][ 21]LogModuleManager: Shutting down and abandoning module SandboxFile (4)
[2017.11.28-00.12.19:685][ 21]LogModuleManager: Shutting down and abandoning module PakFile (2)
[2017.11.28-00.12.19:690][ 21]LogExit: Exiting.
[2017.11.28-00.12.19:704][ 21]Log file closed, 11/28/17 13:12:19
