Log file open, 11/22/17 14:30:00
LogWindows: Failed to load 'aqProf.dll' (GetLastError=126)
LogWindows: File 'aqProf.dll' does not exist
LogWindows: Failed to load 'VSPerf140.dll' (GetLastError=126)
LogWindows: File 'VSPerf140.dll' does not exist
LogWindows: Failed to load 'VtuneApi.dll' (GetLastError=126)
LogWindows: File 'VtuneApi.dll' does not exist
LogWindows: Failed to load 'VtuneApi32e.dll' (GetLastError=126)
LogWindows: File 'VtuneApi32e.dll' does not exist
LogInit: Display: Running engine for game: MyProject
LogPlatformFile: Not using cached read wrapper
LogInit: Display: RandInit(1065273893) SRandInit(1065273893).
LogInit: Read version file with build ID '3709383'
LogInit: Overriding engine version to CL 3754814, compatible CL 3709383
LogInit: Registered custom module enumerator with build ID '3709383'
LogTaskGraph: Started task graph with 5 named threads and 14 total threads with 3 sets of task threads.
LogStats: Stats thread started at 0.168621
LogD3D11RHI: Aftermath initialized
LogModuleManager: Display: Found up-to-date module file ../../../Engine/Plugins/2D/Paper2D/Binaries/Win64/UE4Editor-Paper2D.dll (API version 3709383).
LogModuleManager: Display: Found up-to-date module file ../../../Engine/Plugins/2D/Paper2D/Binaries/Win64/UE4Editor-Paper2DEditor.dll (API version 3709383).
LogModuleManager: Display: Found up-to-date module file ../../../Engine/Plugins/2D/Paper2D/Binaries/Win64/UE4Editor-PaperSpriteSheetImporter.dll (API version 3709383).
LogModuleManager: Display: Found up-to-date module file ../../../Engine/Plugins/2D/Paper2D/Binaries/Win64/UE4Editor-PaperTiledImporter.dll (API version 3709383).
LogModuleManager: Display: Found up-to-date module file ../../../Engine/Plugins/2D/Paper2D/Binaries/Win64/UE4Editor-SmartSnapping.dll (API version 3709383).
LogModuleManager: Display: Found up-to-date module file ../../../Engine/Plugins/Blendables/LightPropagationVolume/Binaries/Win64/UE4Editor-LightPropagationVolumeRuntime.dll (API version 3709383).
LogModuleManager: Display: Found up-to-date module file ../../../Engine/Plugins/Blendables/LightPropagationVolume/Binaries/Win64/UE4Editor-LightPropagationVolumeEditor.dll (API version 3709383).
LogModuleManager: Display: Found up-to-date module file ../../../Engine/Plugins/Developer/GitSourceControl/Binaries/Win64/UE4Editor-GitSourceControl.dll (API version 3709383).
LogModuleManager: Display: Found up-to-date module file ../../../Engine/Plugins/Developer/PerforceSourceControl/Binaries/Win64/UE4Editor-PerforceSourceControl.dll (API version 3709383).
LogModuleManager: Display: Found up-to-date module file ../../../Engine/Plugins/Developer/SubversionSourceControl/Binaries/Win64/UE4Editor-SubversionSourceControl.dll (API version 3709383).
LogModuleManager: Display: Found up-to-date module file ../../../Engine/Plugins/Developer/UObjectPlugin/Binaries/Win64/UE4Editor-UObjectPlugin.dll (API version 3709383).
LogModuleManager: Display: Found up-to-date module file ../../../Engine/Plugins/Developer/VisualStudioCodeSourceCodeAccess/Binaries/Win64/UE4Editor-VisualStudioCodeSourceCodeAccess.dll (API version 3709383).
LogModuleManager: Display: Found up-to-date module file ../../../Engine/Plugins/Developer/VisualStudioSourceCodeAccess/Binaries/Win64/UE4Editor-VisualStudioSourceCodeAccess.dll (API version 3709383).
LogModuleManager: Display: Found up-to-date module file ../../../Engine/Plugins/Editor/AssetManagerEditor/Binaries/Win64/UE4Editor-AssetManagerEditor.dll (API version 3709383).
LogModuleManager: Display: Found up-to-date module file ../../../Engine/Plugins/Editor/AudioCapture/Binaries/Win64/UE4Editor-AudioCapture.dll (API version 3709383).
LogModuleManager: Display: Found up-to-date module file ../../../Engine/Plugins/Editor/FacialAnimation/Binaries/Win64/UE4Editor-FacialAnimation.dll (API version 3709383).
LogModuleManager: Display: Found up-to-date module file ../../../Engine/Plugins/Editor/FacialAnimation/Binaries/Win64/UE4Editor-FacialAnimationEditor.dll (API version 3709383).
LogModuleManager: Display: Found up-to-date module file ../../../Engine/Plugins/Editor/GameplayTagsEditor/Binaries/Win64/UE4Editor-GameplayTagsEditor.dll (API version 3709383).
LogModuleManager: Display: Found up-to-date module file ../../../Engine/Plugins/Editor/MobileLauncherProfileWizard/Binaries/Win64/UE4Editor-MobileLauncherProfileWizard.dll (API version 3709383).
LogModuleManager: Display: Found up-to-date module file ../../../Engine/Plugins/Editor/PluginBrowser/Binaries/Win64/UE4Editor-PluginBrowser.dll (API version 3709383).
LogModuleManager: Display: Found up-to-date module file ../../../Engine/Plugins/Editor/SpeedTreeImporter/Binaries/Win64/UE4Editor-SpeedTreeImporter.dll (API version 3709383).
LogModuleManager: Display: Found up-to-date module file ../../../Engine/Plugins/Experimental/AlembicImporter/Binaries/Win64/UE4Editor-AlembicImporter.dll (API version 3709383).
LogModuleManager: Display: Found up-to-date module file ../../../Engine/Plugins/Experimental/AlembicImporter/Binaries/Win64/UE4Editor-AlembicLibrary.dll (API version 3709383).
LogModuleManager: Display: Found up-to-date module file ../../../Engine/Plugins/Experimental/CharacterAI/Binaries/Win64/UE4Editor-CharacterAI.dll (API version 3709383).
LogModuleManager: Display: Found up-to-date module file ../../../Engine/Plugins/Experimental/HTML5Networking/Binaries/Win64/UE4Editor-HTML5Networking.dll (API version 3709383).
LogModuleManager: Display: Found up-to-date module file ../../../Engine/Plugins/Media/AndroidMedia/Binaries/Win64/UE4Editor-AndroidMediaEditor.dll (API version 3709383).
LogModuleManager: Display: Found up-to-date module file ../../../Engine/Plugins/Media/AndroidMedia/Binaries/Win64/UE4Editor-AndroidMediaFactory.dll (API version 3709383).
LogModuleManager: Display: Found up-to-date module file ../../../Engine/Plugins/Media/AvfMedia/Binaries/Win64/UE4Editor-AvfMediaEditor.dll (API version 3709383).
LogModuleManager: Display: Found up-to-date module file ../../../Engine/Plugins/Media/AvfMedia/Binaries/Win64/UE4Editor-AvfMediaFactory.dll (API version 3709383).
LogModuleManager: Display: Found up-to-date module file ../../../Engine/Plugins/Media/AvfMedia/Binaries/Win64/UE4Editor-AvfMediaFactory.dll (API version 3709383).
LogModuleManager: Display: Found up-to-date module file ../../../Engine/Plugins/Media/ImgMedia/Binaries/Win64/UE4Editor-ImgMedia.dll (API version 3709383).
LogModuleManager: Display: Found up-to-date module file ../../../Engine/Plugins/Media/ImgMedia/Binaries/Win64/UE4Editor-ImgMediaEditor.dll (API version 3709383).
LogModuleManager: Display: Found up-to-date module file ../../../Engine/Plugins/Media/ImgMedia/Binaries/Win64/UE4Editor-ImgMediaFactory.dll (API version 3709383).
LogModuleManager: Display: Found up-to-date module file ../../../Engine/Plugins/Media/ImgMedia/Binaries/Win64/UE4Editor-ImgMediaFactory.dll (API version 3709383).
LogModuleManager: Display: Found up-to-date module file ../../../Engine/Plugins/Media/ImgMedia/Binaries/Win64/UE4Editor-OpenExrWrapper.dll (API version 3709383).
LogModuleManager: Display: Found up-to-date module file ../../../Engine/Plugins/Media/MediaCompositing/Binaries/Win64/UE4Editor-MediaCompositing.dll (API version 3709383).
LogModuleManager: Display: Found up-to-date module file ../../../Engine/Plugins/Media/MediaCompositing/Binaries/Win64/UE4Editor-MediaCompositingEditor.dll (API version 3709383).
LogModuleManager: Display: Found up-to-date module file ../../../Engine/Plugins/Media/MediaPlayerEditor/Binaries/Win64/UE4Editor-MediaPlayerEditor.dll (API version 3709383).
LogModuleManager: Display: Found up-to-date module file ../../../Engine/Plugins/Media/WmfMedia/Binaries/Win64/UE4Editor-WmfMedia.dll (API version 3709383).
LogModuleManager: Display: Found up-to-date module file ../../../Engine/Plugins/Media/WmfMedia/Binaries/Win64/UE4Editor-WmfMediaEditor.dll (API version 3709383).
LogModuleManager: Display: Found up-to-date module file ../../../Engine/Plugins/Media/WmfMedia/Binaries/Win64/UE4Editor-WmfMediaFactory.dll (API version 3709383).
LogModuleManager: Display: Found up-to-date module file ../../../Engine/Plugins/Media/WmfMedia/Binaries/Win64/UE4Editor-WmfMediaFactory.dll (API version 3709383).
LogModuleManager: Display: Found up-to-date module file ../../../Engine/Plugins/Messaging/TcpMessaging/Binaries/Win64/UE4Editor-TcpMessaging.dll (API version 3709383).
LogModuleManager: Display: Found up-to-date module file ../../../Engine/Plugins/Messaging/UdpMessaging/Binaries/Win64/UE4Editor-UdpMessaging.dll (API version 3709383).
LogModuleManager: Display: Found up-to-date module file ../../../Engine/Plugins/MovieScene/ActorSequence/Binaries/Win64/UE4Editor-ActorSequence.dll (API version 3709383).
LogModuleManager: Display: Found up-to-date module file ../../../Engine/Plugins/MovieScene/LevelSequenceEditor/Binaries/Win64/UE4Editor-LevelSequenceEditor.dll (API version 3709383).
LogModuleManager: Display: Found up-to-date module file ../../../Engine/Plugins/MovieScene/MatineeToLevelSequence/Binaries/Win64/UE4Editor-MatineeToLevelSequence.dll (API version 3709383).
LogModuleManager: Display: Found up-to-date module file ../../../Engine/Plugins/Online/OnlineSubsystem/Binaries/Win64/UE4Editor-OnlineSubsystem.dll (API version 3709383).
LogModuleManager: Display: Found up-to-date module file ../../../Engine/Plugins/Runtime/AndroidPermission/Binaries/Win64/UE4Editor-AndroidPermission.dll (API version 3709383).
LogModuleManager: Display: Found up-to-date module file ../../../Engine/Plugins/Online/OnlineSubsystemNull/Binaries/Win64/UE4Editor-OnlineSubsystemNull.dll (API version 3709383).
LogModuleManager: Display: Found up-to-date module file ../../../Engine/Plugins/Online/OnlineSubsystemUtils/Binaries/Win64/UE4Editor-OnlineSubsystemUtils.dll (API version 3709383).
LogModuleManager: Display: Found up-to-date module file ../../../Engine/Plugins/Online/OnlineSubsystemUtils/Binaries/Win64/UE4Editor-OnlineBlueprintSupport.dll (API version 3709383).
LogModuleManager: Display: Found up-to-date module file ../../../Engine/Plugins/Runtime/AndroidDeviceProfileSelector/Binaries/Win64/UE4Editor-AndroidDeviceProfileSelector.dll (API version 3709383).
LogModuleManager: Display: Found up-to-date module file ../../../Engine/Plugins/Runtime/AppleARKit/Binaries/Win64/UE4Editor-AppleARKit.dll (API version 3709383).
LogModuleManager: Display: Found up-to-date module file ../../../Engine/Plugins/Runtime/ArchVisCharacter/Binaries/Win64/UE4Editor-ArchVisCharacter.dll (API version 3709383).
LogModuleManager: Display: Found up-to-date module file ../../../Engine/Plugins/Runtime/CableComponent/Binaries/Win64/UE4Editor-CableComponent.dll (API version 3709383).
LogModuleManager: Display: Found up-to-date module file ../../../Engine/Plugins/Runtime/CustomMeshComponent/Binaries/Win64/UE4Editor-CustomMeshComponent.dll (API version 3709383).
LogModuleManager: Display: Found up-to-date module file ../../../Engine/Plugins/Runtime/ExampleDeviceProfileSelector/Binaries/Win64/UE4Editor-ExampleDeviceProfileSelector.dll (API version 3709383).
LogModuleManager: Display: Found up-to-date module file ../../../Engine/Plugins/Runtime/ImmediatePhysics/Binaries/Win64/UE4Editor-ImmediatePhysics.dll (API version 3709383).
LogModuleManager: Display: Found up-to-date module file ../../../Engine/Plugins/Runtime/ImmediatePhysics/Binaries/Win64/UE4Editor-ImmediatePhysicsEditor.dll (API version 3709383).
LogModuleManager: Display: Found up-to-date module file ../../../Engine/Plugins/Runtime/LocationServicesBPLibrary/Binaries/Win64/UE4Editor-LocationServicesBPLibrary.dll (API version 3709383).
LogModuleManager: Display: Found up-to-date module file ../../../Engine/Plugins/Runtime/MobilePatchingUtils/Binaries/Win64/UE4Editor-MobilePatchingUtils.dll (API version 3709383).
LogModuleManager: Display: Found up-to-date module file ../../../Engine/Plugins/Runtime/Oculus/OculusVR/Binaries/Win64/UE4Editor-OculusHMD.dll (API version 3709383).
LogModuleManager: Display: Found up-to-date module file ../../../Engine/Plugins/Runtime/Oculus/OculusVR/Binaries/Win64/UE4Editor-OculusInput.dll (API version 3709383).
LogModuleManager: Display: Found up-to-date module file ../../../Engine/Plugins/Runtime/Oculus/OculusVR/Binaries/Win64/UE4Editor-OculusEditor.dll (API version 3709383).
LogModuleManager: Display: Found up-to-date module file ../../../Engine/Plugins/Runtime/PhysXVehicles/Binaries/Win64/UE4Editor-PhysXVehicles.dll (API version 3709383).
LogModuleManager: Display: Found up-to-date module file ../../../Engine/Plugins/Runtime/PhysXVehicles/Binaries/Win64/UE4Editor-PhysXVehiclesEditor.dll (API version 3709383).
LogModuleManager: Display: Found up-to-date module file ../../../Engine/Plugins/Runtime/ProceduralMeshComponent/Binaries/Win64/UE4Editor-ProceduralMeshComponent.dll (API version 3709383).
LogModuleManager: Display: Found up-to-date module file ../../../Engine/Plugins/Runtime/ProceduralMeshComponent/Binaries/Win64/UE4Editor-ProceduralMeshComponentEditor.dll (API version 3709383).
LogModuleManager: Display: Found up-to-date module file ../../../Engine/Plugins/Runtime/RuntimePhysXCooking/Binaries/Win64/UE4Editor-RuntimePhysXCooking.dll (API version 3709383).
LogModuleManager: Display: Found up-to-date module file ../../../Engine/Plugins/Runtime/Steam/SteamVR/Binaries/Win64/UE4Editor-SteamVR.dll (API version 3709383).
LogModuleManager: Display: Found up-to-date module file ../../../Engine/Plugins/Runtime/Steam/SteamVR/Binaries/Win64/UE4Editor-SteamVRController.dll (API version 3709383).
LogModuleManager: Display: Found up-to-date module file ../../../Engine/Plugins/Runtime/WindowsMoviePlayer/Binaries/Win64/UE4Editor-WindowsMoviePlayer.dll (API version 3709383).
LogPluginManager: Mounting plugin Paper2D
LogPluginManager: Mounting plugin LightPropagationVolume
LogPluginManager: Mounting plugin CodeLiteSourceCodeAccess
LogPluginManager: Mounting plugin GitSourceControl
LogPluginManager: Mounting plugin KDevelopSourceCodeAccess
LogPluginManager: Mounting plugin NullSourceCodeAccess
LogPluginManager: Mounting plugin PerforceSourceControl
LogPluginManager: Mounting plugin SubversionSourceControl
LogPluginManager: Mounting plugin UObjectPlugin
LogPluginManager: Mounting plugin VisualStudioCodeSourceCodeAccess
LogPluginManager: Mounting plugin VisualStudioSourceCodeAccess
LogPluginManager: Mounting plugin XCodeSourceCodeAccess
LogPluginManager: Mounting plugin AssetManagerEditor
LogPluginManager: Mounting plugin AudioCapture
LogPluginManager: Mounting plugin FacialAnimation
LogPluginManager: Mounting plugin GameplayTagsEditor
LogPluginManager: Mounting plugin MobileLauncherProfileWizard
LogPluginManager: Mounting plugin PluginBrowser
LogPluginManager: Mounting plugin SpeedTreeImporter
LogPluginManager: Mounting plugin AlembicImporter
LogPluginManager: Mounting plugin CharacterAI
LogPluginManager: Mounting plugin HTML5Networking
LogPluginManager: Mounting plugin AndroidMedia
LogPluginManager: Mounting plugin AvfMedia
LogPluginManager: Mounting plugin ImgMedia
LogPluginManager: Mounting plugin MediaCompositing
LogPluginManager: Mounting plugin MediaPlayerEditor
LogPluginManager: Mounting plugin WmfMedia
LogPluginManager: Mounting plugin TcpMessaging
LogPluginManager: Mounting plugin UdpMessaging
LogPluginManager: Mounting plugin ActorSequence
LogPluginManager: Mounting plugin LevelSequenceEditor
LogPluginManager: Mounting plugin MatineeToLevelSequence
LogPluginManager: Mounting plugin OnlineSubsystemGooglePlay
LogPluginManager: Mounting plugin OnlineSubsystemIOS
LogPluginManager: Mounting plugin OnlineSubsystem
LogPluginManager: Mounting plugin OnlineSubsystemNull
LogPluginManager: Mounting plugin OnlineSubsystemUtils
LogPluginManager: Mounting plugin AndroidDeviceProfileSelector
LogPluginManager: Mounting plugin AndroidMoviePlayer
LogPluginManager: Mounting plugin AndroidPermission
LogPluginManager: Mounting plugin AppleARKit
LogPluginManager: Mounting plugin AppleMoviePlayer
LogPluginManager: Mounting plugin ArchVisCharacter
LogPluginManager: Mounting plugin CableComponent
LogPluginManager: Mounting plugin CustomMeshComponent
LogPluginManager: Mounting plugin ExampleDeviceProfileSelector
LogPluginManager: Mounting plugin GoogleCloudMessaging
LogPluginManager: Mounting plugin ImmediatePhysics
LogPluginManager: Mounting plugin IOSDeviceProfileSelector
LogPluginManager: Mounting plugin LinuxDeviceProfileSelector
LogPluginManager: Mounting plugin LocationServicesBPLibrary
LogPluginManager: Mounting plugin MobilePatchingUtils
LogPluginManager: Mounting plugin OculusVR
LogPluginManager: Plugin shader directory ../../../Engine/Plugins/Runtime/Oculus/OculusVR/Shaders found
LogPluginManager: Mapping shader source directory ../../../Engine/Plugins/Runtime/Oculus/OculusVR/Shaders to virtual directory /Plugin/OculusVR
LogPluginManager: Mounting plugin PhysXVehicles
LogPluginManager: Mounting plugin ProceduralMeshComponent
LogPluginManager: Mounting plugin RuntimePhysXCooking
LogPluginManager: Mounting plugin SteamVR
LogPluginManager: Mounting plugin WindowsMoviePlayer
LogInit: Using libcurl 7.47.1
LogInit:  - built for x86_64-pc-win32
LogInit:  - supports SSL with OpenSSL/1.0.2g
LogInit:  - supports HTTP deflate (compression) using libz 1.2.8
LogInit:  - other features:
LogInit:      CURL_VERSION_SSL
LogInit:      CURL_VERSION_LIBZ
LogInit:      CURL_VERSION_IPV6
LogInit:      CURL_VERSION_ASYNCHDNS
LogInit:      CURL_VERSION_LARGEFILE
LogInit:      CURL_VERSION_IDN
LogInit:  CurlRequestOptions (configurable via config and command line):
LogInit:  - bVerifyPeer = false  - Libcurl will NOT verify peer certificate
LogInit:  - bUseHttpProxy = false  - Libcurl will NOT use HTTP proxy
LogInit:  - bDontReuseConnections = false  - Libcurl will reuse connections
LogInit:  - CertBundlePath = nullptr  - Libcurl will use whatever was configured at build time.
LogInit: Build: ++UE4+Release-4.18-CL-3754814
LogInit: Engine Version: 4.18.1-3754814+++UE4+Release-4.18
LogInit: Compatible Engine Version: 4.18.0-3709383+++UE4+Release-4.18
LogInit: Net CL: 3709383
LogDevObjectVersion: Number of dev versions registered: 16
LogDevObjectVersion:   Dev-Blueprints (B0D832E4-1F89-4F0D-ACCF-7EB736FD4AA2): 10
LogDevObjectVersion:   Dev-Build (E1C64328-A22C-4D53-A36C-8E866417BD8C): 0
LogDevObjectVersion:   Dev-Core (375EC13C-06E4-48FB-B500-84F0262A717E): 2
LogDevObjectVersion:   Dev-Editor (E4B068ED-F494-42E9-A231-DA0B2E46BB41): 20
LogDevObjectVersion:   Dev-Framework (CFFC743F-43B0-4480-9391-14DF171D2073): 30
LogDevObjectVersion:   Dev-Mobile (B02B49B5-BB20-44E9-A304-32B752E40360): 0
LogDevObjectVersion:   Dev-Networking (A4E4105C-59A1-49B5-A7C5-40C4547EDFEE): 0
LogDevObjectVersion:   Dev-Online (39C831C9-5AE6-47DC-9A44-9C173E1C8E7C): 0
LogDevObjectVersion:   Dev-Physics (78F01B33-EBEA-4F98-B9B4-84EACCB95AA2): 0
LogDevObjectVersion:   Dev-Platform (6631380F-2D4D-43E0-8009-CF276956A95A): 0
LogDevObjectVersion:   Dev-Rendering (12F88B9F-8875-4AFC-A67C-D90C383ABD29): 20
LogDevObjectVersion:   Dev-Sequencer (7B5AE74C-D270-4C10-A958-57980B212A5A): 4
LogDevObjectVersion:   Dev-VR (D7296918-1DD6-4BDD-9DE2-64A83CC13884): 0
LogDevObjectVersion:   Dev-LoadTimes (C2A15278-BFE7-4AFE-6C17-90FF531DF755): 1
LogDevObjectVersion:   Private-Geometry (6EACA3D4-40EC-4CC1-B786-8BED09428FC5): 1
LogDevObjectVersion:   Dev-AnimPhys (29E575DD-E0A3-4627-9D10-D276232CDCEA): 12
LogInit: Compiled (64-bit): Nov 14 2017 02:05:55
LogInit: Compiled with Visual C++: 19.00.24215.01
LogInit: Build Configuration: Development
LogInit: Branch Name: ++UE4+Release-4.18
LogInit: Command line: -EpicPortal 
LogInit: Base directory: C:/Games Fast/UE_4.18/Engine/Binaries/Win64/
LogInit: Installed Engine Build: 1
LogInit: Presizing for max 8388607 objects, including 0 objects not considered by GC, pre-allocating 0 bytes for permanent pool.
LogInit: Object subsystem initialized
[2017.11.22-01.30.02:374][  0]LogInit: Selected Device Profile: [Windows]
[2017.11.22-01.30.02:374][  0]LogInit: Applying CVar settings loaded from the selected device profile: [Windows]
[2017.11.22-01.30.02:384][  0]LogInit: Computer: RICK-PC
[2017.11.22-01.30.02:384][  0]LogInit: User: Rick
[2017.11.22-01.30.02:384][  0]LogInit: CPU Page size=4096, Cores=4
[2017.11.22-01.30.02:384][  0]LogInit: High frequency timer resolution =3.331210 MHz
[2017.11.22-01.30.02:384][  0]LogMemory: Memory total: Physical=8.0GB (8GB approx)
[2017.11.22-01.30.02:384][  0]LogMemory: Platform Memory Stats for Windows
[2017.11.22-01.30.02:384][  0]LogMemory: Process Physical Memory: 274.68 MB used, 274.68 MB peak
[2017.11.22-01.30.02:384][  0]LogMemory: Process Virtual Memory: 274.94 MB used, 274.94 MB peak
[2017.11.22-01.30.02:384][  0]LogMemory: Physical Memory: 5081.49 MB used,  3077.66 MB free, 8159.15 MB total
[2017.11.22-01.30.02:384][  0]LogMemory: Virtual Memory: 629.90 MB used,  3077.66 MB free, 8388608.00 MB total
[2017.11.22-01.30.02:558][  0]LogInit: Using OS detected language (en-NZ).
[2017.11.22-01.30.02:558][  0]LogInit: Using OS detected locale (en-NZ).
[2017.11.22-01.30.02:561][  0]LogTextLocalizationManager: No specific localization for 'en-NZ' exists, so the 'en' localization will be used.
[2017.11.22-01.30.02:986][  0]LogWindows: Failed to load 'shcore.dll' (GetLastError=126)
[2017.11.22-01.30.02:986][  0]LogWindows: File 'shcore.dll' does not exist
[2017.11.22-01.30.02:986][  0]LogInit: Setting process to DPI aware
[2017.11.22-01.30.02:988][  0]LogWindows: Failed to load 'shcore.dll' (GetLastError=126)
[2017.11.22-01.30.02:988][  0]LogWindows: File 'shcore.dll' does not exist
[2017.11.22-01.30.02:988][  0]LogInit: Setting process to DPI aware
[2017.11.22-01.30.03:256][  0]LogD3D11RHI: D3D11 adapters:
[2017.11.22-01.30.03:276][  0]LogD3D11RHI:    0. 'NVIDIA GeForce GTX 780' (Feature Level 11_0)
[2017.11.22-01.30.03:276][  0]LogD3D11RHI:       3013/0/3823 MB DedicatedVideo/DedicatedSystem/SharedSystem, Outputs:1, VendorId:0x10de
[2017.11.22-01.30.03:276][  0]LogD3D11RHI: Chosen D3D11 Adapter: 0
[2017.11.22-01.30.03:281][  0]LogD3D11RHI: Creating new Direct3DDevice
[2017.11.22-01.30.03:281][  0]LogD3D11RHI:     GPU DeviceId: 0x1004 (for the marketing name, search the web for "GPU Device Id")
[2017.11.22-01.30.03:281][  0]LogWindows: EnumDisplayDevices:
[2017.11.22-01.30.03:281][  0]LogWindows:    0. 'NVIDIA GeForce GTX 780' (P:1 D:1)
[2017.11.22-01.30.03:281][  0]LogWindows:    1. 'NVIDIA GeForce GTX 780' (P:0 D:0)
[2017.11.22-01.30.03:281][  0]LogWindows:    2. 'NVIDIA GeForce GTX 780' (P:0 D:0)
[2017.11.22-01.30.03:282][  0]LogWindows:    3. 'NVIDIA GeForce GTX 780' (P:0 D:0)
[2017.11.22-01.30.03:282][  0]LogWindows:    4. 'RDPDD Chained DD' (P:0 D:0)
[2017.11.22-01.30.03:282][  0]LogWindows:    5. 'RDP Encoder Mirror Driver' (P:0 D:0)
[2017.11.22-01.30.03:282][  0]LogWindows:    6. 'RDP Reflector Display Driver' (P:0 D:0)
[2017.11.22-01.30.03:282][  0]LogWindows: DebugString: GetVideoDriverDetailsInvalid PrimaryIsNotTheChoosenAdapter GetVideoDriverDetailsInvalid PrimaryIsNotTheChoosenAdapter GetVideoDriverDetailsInvalid PrimaryIsNotTheChoosenAdapter FoundDriverCount:4 
[2017.11.22-01.30.03:282][  0]LogD3D11RHI:     Adapter Name: NVIDIA GeForce GTX 780
[2017.11.22-01.30.03:282][  0]LogD3D11RHI:   Driver Version: 387.92 (internal:23.21.13.8792, unified:387.92)
[2017.11.22-01.30.03:282][  0]LogD3D11RHI:      Driver Date: 10-6-2017
[2017.11.22-01.30.03:282][  0]LogRHI: Texture pool is 2109 MB (70% of 3013 MB)
[2017.11.22-01.30.03:293][  0]LogD3D11RHI: Async texture creation enabled
[2017.11.22-01.30.03:309][  0]LogD3D11RHI: GPU Timing Frequency: 1000.000000 (Debug: 2 2)
[2017.11.22-01.30.03:311][  0]LogShaderCompilers: Guid format shader working directory is -20 characters bigger than the processId version (../../../../../Users/Rick/Documents/Unreal Projects Git/MyProject/Intermediate/Shaders/WorkingDirectory/5516/).
[2017.11.22-01.30.03:311][  0]LogShaderCompilers: Cleaned the shader compiler working directory 'C:/Users/Rick/AppData/Local/Temp/UnrealShaderWorkingDir/70F8FD534068047A516F87A22A12BD55/'.
[2017.11.22-01.30.03:311][  0]LogShaderCompilers: Display: Using Local Shader Compiler.
[2017.11.22-01.30.04:330][  0]LogTemp: Display: Loaded TP AllDesktopTargetPlatform
[2017.11.22-01.30.04:393][  0]LogTemp: Display: Loaded TP MacClientTargetPlatform
[2017.11.22-01.30.04:456][  0]LogTemp: Display: Loaded TP MacNoEditorTargetPlatform
[2017.11.22-01.30.04:520][  0]LogTemp: Display: Loaded TP MacServerTargetPlatform
[2017.11.22-01.30.04:584][  0]LogTemp: Display: Loaded TP MacTargetPlatform
[2017.11.22-01.30.04:647][  0]LogTemp: Display: Loaded TP WindowsClientTargetPlatform
[2017.11.22-01.30.04:712][  0]LogTemp: Display: Loaded TP WindowsNoEditorTargetPlatform
[2017.11.22-01.30.04:775][  0]LogTemp: Display: Loaded TP WindowsServerTargetPlatform
[2017.11.22-01.30.04:831][  0]LogTemp: Display: Loaded TP WindowsTargetPlatform
[2017.11.22-01.30.04:893][  0]LogTemp: Display: Loaded TP Android_ASTCTargetPlatform
[2017.11.22-01.30.04:955][  0]LogTemp: Display: Loaded TP Android_ATCTargetPlatform
[2017.11.22-01.30.05:018][  0]LogTemp: Display: Loaded TP Android_DXTTargetPlatform
[2017.11.22-01.30.05:080][  0]LogTemp: Display: Loaded TP Android_ETC1TargetPlatform
[2017.11.22-01.30.05:143][  0]LogTemp: Display: Loaded TP Android_ETC2TargetPlatform
[2017.11.22-01.30.05:270][  0]LogTemp: Display: Loaded TP Android_MultiTargetPlatform
[2017.11.22-01.30.05:270][  0]LogTemp: Display: Loaded TP Android_PVRTCTargetPlatform
[2017.11.22-01.30.05:332][  0]LogTemp: Display: Loaded TP AndroidTargetPlatform
[2017.11.22-01.30.05:381][  0]LogTemp: Display: Loaded TP HTML5TargetPlatform
[2017.11.22-01.30.05:483][  0]LogTemp: Display: Loaded TP IOSTargetPlatform
[2017.11.22-01.30.05:513][  0]LogTemp: Display: Loaded TP TVOSTargetPlatform
[2017.11.22-01.30.05:575][  0]LogTemp: Display: Loaded TP LinuxClientTargetPlatform
[2017.11.22-01.30.05:637][  0]LogTemp: Display: Loaded TP LinuxNoEditorTargetPlatform
[2017.11.22-01.30.05:700][  0]LogTemp: Display: Loaded TP LinuxServerTargetPlatform
[2017.11.22-01.30.05:763][  0]LogTemp: Display: Loaded TP LinuxTargetPlatform
[2017.11.22-01.30.05:763][  0]LogTargetPlatformManager: Display: Building Assets For Windows
[2017.11.22-01.30.06:288][  0]LogDerivedDataCache: Display: Max Cache Size: 512 MB
[2017.11.22-01.30.06:367][  0]LogDerivedDataCache: Loaded boot cache 0.08s 78MB C:/Users/Rick/AppData/Local/UnrealEngine/4.18/DerivedDataCache/Boot.ddc.
[2017.11.22-01.30.06:367][  0]LogDerivedDataCache: Display: Loaded Boot cache: C:/Users/Rick/AppData/Local/UnrealEngine/4.18/DerivedDataCache/Boot.ddc
[2017.11.22-01.30.06:367][  0]LogDerivedDataCache: FDerivedDataBackendGraph:  Pak pak cache file ../../../../../Users/Rick/Documents/Unreal Projects Git/MyProject/DerivedDataCache/DDC.ddp not found, will not use a pak cache.
[2017.11.22-01.30.06:367][  0]LogDerivedDataCache: Unable to find inner node Pak for hierarchical cache Hierarchy.
[2017.11.22-01.30.06:367][  0]LogDerivedDataCache: FDerivedDataBackendGraph:  CompressedPak pak cache file ../../../../../Users/Rick/Documents/Unreal Projects Git/MyProject/DerivedDataCache/Compressed.ddp not found, will not use a pak cache.
[2017.11.22-01.30.06:367][  0]LogDerivedDataCache: Unable to find inner node CompressedPak for hierarchical cache Hierarchy.
[2017.11.22-01.30.06:387][  0]LogDerivedDataCache: Display: Pak cache opened for reading ../../../Engine/DerivedDataCache/Compressed.ddp.
[2017.11.22-01.30.06:398][  0]LogDerivedDataCache: Using Local data cache path C:/Users/Rick/AppData/Local/UnrealEngine/Common/DerivedDataCache: Writable
[2017.11.22-01.30.06:409][  0]LogMaterial: Verifying Global Shaders for PCD3D_SM5
[2017.11.22-01.30.06:409][  0]LogSlate: Using Freetype 2.6.0
[2017.11.22-01.30.06:410][  0]LogSlate: SlateFontCache - WITH_FREETYPE: 1, WITH_HARFBUZZ: 1
[2017.11.22-01.30.06:410][  0]LogSlate: SlateFontCache - WITH_FREETYPE: 1, WITH_HARFBUZZ: 1
[2017.11.22-01.30.06:865][  0]LogInit: Selected Device Profile: [Windows]
[2017.11.22-01.30.07:271][  0]LogSimplygon: Simplygon DLL not present - disabling.
[2017.11.22-01.30.07:323][  0]LogMeshReduction: Using SimplygonSwarm for distributed automatic mesh merging
[2017.11.22-01.30.07:323][  0]LogMeshReduction: Using QuadricMeshReduction for automatic static mesh reduction
[2017.11.22-01.30.07:323][  0]LogMeshReduction: No automatic skeletal mesh reduction module available
[2017.11.22-01.30.07:323][  0]LogMeshReduction: No automatic mesh merging module available
[2017.11.22-01.30.07:323][  0]LogMeshMerging: No automatic mesh merging module available
[2017.11.22-01.30.07:357][  0]LogNetVersion: MyProject , NetCL: 3709383, EngineNetVer: 2, GameNetVer: 0 (Checksum: 1490074681)
[2017.11.22-01.30.07:548][  0]LogAssetRegistry: FAssetRegistry took 0.0251 seconds to start up
[2017.11.22-01.30.08:113][  0]LogPackageLocalizationCache: Processed 7 localized package path(s) for 2 prioritized culture(s) in 0.062685 seconds
[2017.11.22-01.30.08:119][  0]LogUObjectArray: 35900 objects as part of root set at end of initial load.
[2017.11.22-01.30.08:119][  0]LogUObjectAllocator: 7372016 out of 0 bytes used by permanent object pool.
[2017.11.22-01.30.08:119][  0]LogUObjectArray: CloseDisregardForGC: 0/0 objects in disregard for GC pool
[2017.11.22-01.30.08:176][  0]LogInit: WinSock: version 1.1 (2.2), MaxSocks=32767, MaxUdp=65467
[2017.11.22-01.30.11:306][  0]LogTcpMessaging: Initializing TcpMessaging bridge
[2017.11.22-01.30.11:353][  0]LogUdpMessaging: Initializing bridge on interface 0.0.0.0:0 to multicast group 230.0.0.1:6666.
[2017.11.22-01.30.12:202][  0]LogMaterial: Uniform references updated for custom material expression Custom.
[2017.11.22-01.30.12:735][  0]SourceControl: Source control is disabled
[2017.11.22-01.30.12:735][  0]SourceControl: Source control is disabled
[2017.11.22-01.30.12:804][  0]SourceControl: Source control is disabled
[2017.11.22-01.30.12:872][  0]SourceControl: Source control is disabled
[2017.11.22-01.30.14:064][  0]LogAndroidPermission: UAndroidPermissionCallbackProxy::GetInstance
[2017.11.22-01.30.14:445][  0]LogOcInput: OculusInput pre-init called
[2017.11.22-01.30.14:835][  0]LogEngine: Initializing Engine...
[2017.11.22-01.30.14:837][  0]LogHMD: Failed to initialize OpenVR with code 110
[2017.11.22-01.30.15:104][  0]LogStats: UGameplayTagsManager::ConstructGameplayTagTree: Construct from data asset -  0.000 s
[2017.11.22-01.30.15:104][  0]LogStats: UGameplayTagsManager::ConstructGameplayTagTree: GameplayTagTreeChangedEvent.Broadcast -  0.000 s
[2017.11.22-01.30.15:287][  0]LogAIModule: Creating AISystem for world Untitled
[2017.11.22-01.30.15:305][  0]LogInit: XAudio2 using 'Speakers (Realtek High Definition Audio)' : 2 channels at 48 kHz using 32 bits per sample (channel mask 0x3)
[2017.11.22-01.30.15:318][  0]LogInit: FAudioDevice initialized.
[2017.11.22-01.30.15:430][  0]LogDerivedDataCache: Saved boot cache 0.11s 78MB C:/Users/Rick/AppData/Local/UnrealEngine/4.18/DerivedDataCache/Boot.ddc.
[2017.11.22-01.30.15:449][  0]LogInit: Texture streaming: Enabled
[2017.11.22-01.30.15:578][  0]LogEngineSessionManager: EngineSessionManager initialized
[2017.11.22-01.30.15:763][  0]LogInit: Transaction tracking system initialized
[2017.11.22-01.30.16:209][  0]BlueprintLog: New page: Editor Load
[2017.11.22-01.30.17:429][  0]LocalizationService: Localization service is disabled
[2017.11.22-01.30.18:424][  0]LogConsoleResponse: Display: 
[2017.11.22-01.30.18:638][  0]LogCook: Display: Max memory allowance for cook 16384mb min free memory 0mb
[2017.11.22-01.30.18:638][  0]LogCook: Display: Mobile HDR setting 1
[2017.11.22-01.30.18:638][  0]LogGameplayTags: Display: UGameplayTagsManager::DoneAddingNativeTags. DelegateIsBound: 0
[2017.11.22-01.30.18:644][  0]LogFileCache: Scanning file cache for directory 'C:/Users/Rick/Documents/Unreal Projects Git/MyProject/Content/' took 0.01s
[2017.11.22-01.30.20:287][  0]SourceControl: Source control is disabled
[2017.11.22-01.30.20:287][  0]Cmd: MAP LOAD FILE="../../../../../Users/Rick/Documents/Unreal Projects Git/MyProject/Content/FirstPersonBP/Maps/FirstPersonExampleMap.umap" TEMPLATE=0 SHOWPROGRESS=1 FEATURELEVEL=3
[2017.11.22-01.30.20:287][  0]LightingResults: New page: Lighting Build
[2017.11.22-01.30.20:345][  0]MapCheck: New page: Map Check
[2017.11.22-01.30.20:345][  0]LightingResults: New page: Lighting Build
[2017.11.22-01.30.21:668][  0]LogAIModule: Creating AISystem for world FirstPersonExampleMap
[2017.11.22-01.30.28:602][  0]LogEditorServer: Finished looking for orphan Actors (0.000 secs)
[2017.11.22-01.30.28:627][  0]Cmd: MAP CHECKDEP NOCLEARLOG
[2017.11.22-01.30.28:724][  0]MapCheck: Map check complete: 0 Error(s), 0 Warning(s), took 96.222ms to complete.
[2017.11.22-01.30.28:724][  0]LogFileHelpers: Loading map 'FirstPersonExampleMap' took 8.437
[2017.11.22-01.30.28:865][  0]LogCollectionManager: Loaded 0 collections in 0.003483 seconds
[2017.11.22-01.30.28:960][  0]LogFileCache: Scanning file cache for directory 'C:/Users/Rick/Documents/Unreal Projects Git/MyProject/Saved/Collections/' took 0.01s
[2017.11.22-01.30.28:960][  0]LogFileCache: Scanning file cache for directory 'C:/Users/Rick/Documents/Unreal Projects Git/MyProject/Content/Developers/Rick/Collections/' took 0.01s
[2017.11.22-01.30.28:960][  0]LogFileCache: Scanning file cache for directory 'C:/Users/Rick/Documents/Unreal Projects Git/MyProject/Content/Collections/' took 0.01s
[2017.11.22-01.30.28:960][  0]LogCollectionManager: Rebuilt the GUID cache for 0 collections in 0.000000 seconds
[2017.11.22-01.30.28:972][  0]LogContentBrowser: Native class hierarchy populated in 0.0110 seconds. Added 2363 classes and 519 folders.
[2017.11.22-01.30.29:059][  0]LogContentBrowser: Native class hierarchy updated for 'WidgetCarousel' in 0.0003 seconds. Added 0 classes and 0 folders.
[2017.11.22-01.30.29:116][  0]LogContentBrowser: Native class hierarchy updated for 'AddContentDialog' in 0.0002 seconds. Added 0 classes and 0 folders.
[2017.11.22-01.30.29:183][  0]LogContentBrowser: Native class hierarchy updated for 'SceneOutliner' in 0.0003 seconds. Added 1 classes and 2 folders.
[2017.11.22-01.30.29:203][  0]LogSlate: Took 0.000187 seconds to synchronously load lazily loaded font '../../../Engine/Content/Slate/Fonts/Roboto-Regular.ttf' (155K)
[2017.11.22-01.30.29:205][  0]LogSlate: Took 0.000172 seconds to synchronously load lazily loaded font '../../../Engine/Content/Slate/Fonts/Roboto-Bold.ttf' (160K)
[2017.11.22-01.30.29:210][  0]LogSlate: Took 0.000194 seconds to synchronously load lazily loaded font '../../../Engine/Content/Editor/Slate/Fonts/FontAwesome.ttf' (139K)
[2017.11.22-01.30.29:355][  0]LogRenderer: Reallocating scene render targets to support 1208x576 Format 10 NumSamples 1 (Frame:1).
[2017.11.22-01.30.29:805][  0]LogContentBrowser: Native class hierarchy updated for 'HierarchicalLODOutliner' in 0.0003 seconds. Added 1 classes and 2 folders.
[2017.11.22-01.30.29:805][  0]LogLoad: (Engine Initialization) Total time: 30.20 seconds
[2017.11.22-01.30.29:806][  0]LogLoad: (Engine Initialization) Total Blueprint compile time: 0.00 seconds
[2017.11.22-01.30.29:806][  0]LogExternalProfiler: No external profilers were discovered.  External profiling features will not be available.
[2017.11.22-01.30.29:835][  0]LogContentStreaming: Texture pool size now 1000 MB
[2017.11.22-01.30.29:858][  0]LogSlate: Took 0.000179 seconds to synchronously load lazily loaded font '../../../Engine/Content/Slate/Fonts/Roboto-Light.ttf' (159K)
[2017.11.22-01.30.29:933][  1]LogAssetRegistry: Asset discovery search completed in 22.4061 seconds
[2017.11.22-01.30.29:935][  1]LogCollectionManager: Rebuilt the object cache for 0 collections in 0.000001 seconds (found 0 objects)
[2017.11.22-01.30.29:935][  1]LogCollectionManager: Fixed up redirectors for 0 collections in 0.000081 seconds (updated 0 objects)
[2017.11.22-01.30.30:882][ 31]LogSlate: Took 0.000229 seconds to synchronously load lazily loaded font '../../../Engine/Content/Slate/Fonts/Roboto-Light.ttf' (159K)
[2017.11.22-01.57.05:284][473]LogSlate: Took 0.000172 seconds to synchronously load lazily loaded font '../../../Engine/Content/Slate/Fonts/Roboto-Light.ttf' (159K)
[2017.11.22-01.57.05:666][473]LogContentBrowser: Native class hierarchy updated for 'BlueprintGraph' in 0.0007 seconds. Added 116 classes and 0 folders.
[2017.11.22-01.57.06:496][473]LogSlate: Took 0.000155 seconds to synchronously load lazily loaded font '../../../Engine/Content/Slate/Fonts/Roboto-Regular.ttf' (155K)
[2017.11.22-01.57.06:830][473]LogSlate: Took 0.000237 seconds to synchronously load lazily loaded font '../../../Engine/Content/Editor/Slate/Fonts/Roboto-BoldCondensed.ttf' (158K)
[2017.11.22-01.57.13:032][841]Cmd: SELECT NONE
[2017.11.22-01.57.22:637][727]LogMetaData: Removing '/Game/HomeMade/BP_Killer.BP_Killer:UserConstructionScript.K2Node_FunctionEntry_0' ref from Metadata '/Game/HomeMade/A_Killer.PackageMetaData'
[2017.11.22-01.57.22:637][727]LogMetaData: Removing '/Game/HomeMade/BP_Killer.BP_Killer_C' ref from Metadata '/Game/HomeMade/A_Killer.PackageMetaData'
[2017.11.22-01.57.22:637][727]LogMetaData: Removing '/Game/HomeMade/BP_Killer.BP_Killer:EventGraph.K2Node_Event_0' ref from Metadata '/Game/HomeMade/A_Killer.PackageMetaData'
[2017.11.22-01.57.22:637][727]LogMetaData: Removing '/Game/HomeMade/BP_Killer.BP_Killer:EventGraph.K2Node_Event_1' ref from Metadata '/Game/HomeMade/A_Killer.PackageMetaData'
[2017.11.22-01.57.22:637][727]LogMetaData: Removing '/Game/HomeMade/BP_Killer.BP_Killer:EventGraph.K2Node_Event_2' ref from Metadata '/Game/HomeMade/A_Killer.PackageMetaData'
[2017.11.22-01.57.22:638][727]LogMetaData: Removing '/Game/HomeMade/BP_Killer.BP_Killer:EventGraph.K2Node_CallParentFunction_1' ref from Metadata '/Game/HomeMade/A_Killer.PackageMetaData'
[2017.11.22-01.57.22:638][727]LogMetaData: Removing '/Game/HomeMade/BP_Killer.SKEL_BP_Killer_C' ref from Metadata '/Game/HomeMade/A_Killer.PackageMetaData'
[2017.11.22-01.57.22:704][727]Cmd: OBJ SAVEPACKAGE PACKAGE="/Game/HomeMade/BP_Killer" FILE="../../../../../Users/Rick/Documents/Unreal Projects Git/MyProject/Content/HomeMade/BP_Killer.uasset" SILENT=true
[2017.11.22-01.57.22:737][727]LogSavePackage: Save=31.78ms
[2017.11.22-01.57.22:737][727]LogSavePackage: Moving '../../../../../Users/Rick/Documents/Unreal Projects Git/MyProject/Saved/BP_Killer8936107D4379496590EAC69BF664E0DC.tmp' to '../../../../../Users/Rick/Documents/Unreal Projects Git/MyProject/Content/HomeMade/BP_Killer.uasset'
[2017.11.22-01.57.22:740][727]LogSavePackage: Display: Finished SavePackage ../../../../../Users/Rick/Documents/Unreal Projects Git/MyProject/Content/HomeMade/BP_Killer.uasset
[2017.11.22-01.57.22:746][727]Cmd: OBJ SAVEPACKAGE PACKAGE="/Game/HomeMade/A_Killer" FILE="../../../../../Users/Rick/Documents/Unreal Projects Git/MyProject/Content/HomeMade/A_Killer.uasset" SILENT=true
[2017.11.22-01.57.22:758][727]LogSavePackage: Save=1.30ms
[2017.11.22-01.57.22:758][727]LogSavePackage: Moving '../../../../../Users/Rick/Documents/Unreal Projects Git/MyProject/Saved/A_Killer485B959B48B61D1BB5779D848B1D9019.tmp' to '../../../../../Users/Rick/Documents/Unreal Projects Git/MyProject/Content/HomeMade/A_Killer.uasset'
[2017.11.22-01.57.22:761][727]LogSavePackage: Display: Finished SavePackage ../../../../../Users/Rick/Documents/Unreal Projects Git/MyProject/Content/HomeMade/A_Killer.uasset
[2017.11.22-01.57.29:695][464]LogMetaData: Removing '/Game/HomeMade/BP_Spin1.BP_Spin1_C' ref from Metadata '/Game/HomeMade/A_Spin1.PackageMetaData'
[2017.11.22-01.57.29:695][464]LogMetaData: Removing '/Game/HomeMade/BP_Spin1.BP_Spin1:EventGraph.K2Node_Event_0' ref from Metadata '/Game/HomeMade/A_Spin1.PackageMetaData'
[2017.11.22-01.57.29:695][464]LogMetaData: Removing '/Game/HomeMade/BP_Spin1.BP_Spin1:EventGraph.K2Node_Event_1' ref from Metadata '/Game/HomeMade/A_Spin1.PackageMetaData'
[2017.11.22-01.57.29:695][464]LogMetaData: Removing '/Game/HomeMade/BP_Spin1.BP_Spin1:UserConstructionScript.K2Node_FunctionEntry_0' ref from Metadata '/Game/HomeMade/A_Spin1.PackageMetaData'
[2017.11.22-01.57.29:695][464]LogMetaData: Removing '/Game/HomeMade/BP_Spin1.SKEL_BP_Spin1_C' ref from Metadata '/Game/HomeMade/A_Spin1.PackageMetaData'
[2017.11.22-01.57.29:786][464]Cmd: OBJ SAVEPACKAGE PACKAGE="/Game/HomeMade/BP_Spin1" FILE="../../../../../Users/Rick/Documents/Unreal Projects Git/MyProject/Content/HomeMade/BP_Spin1.uasset" SILENT=true
[2017.11.22-01.57.29:823][464]LogSavePackage: Save=36.51ms
[2017.11.22-01.57.29:824][464]LogSavePackage: Moving '../../../../../Users/Rick/Documents/Unreal Projects Git/MyProject/Saved/BP_Spin195C4EEE4467185A8871198AFE08EC5E3.tmp' to '../../../../../Users/Rick/Documents/Unreal Projects Git/MyProject/Content/HomeMade/BP_Spin1.uasset'
[2017.11.22-01.57.29:826][464]LogSavePackage: Display: Finished SavePackage ../../../../../Users/Rick/Documents/Unreal Projects Git/MyProject/Content/HomeMade/BP_Spin1.uasset
[2017.11.22-01.57.29:831][464]Cmd: OBJ SAVEPACKAGE PACKAGE="/Game/HomeMade/A_Spin1" FILE="../../../../../Users/Rick/Documents/Unreal Projects Git/MyProject/Content/HomeMade/A_Spin1.uasset" SILENT=true
[2017.11.22-01.57.29:842][464]LogSavePackage: Save=1.29ms
[2017.11.22-01.57.29:842][464]LogSavePackage: Moving '../../../../../Users/Rick/Documents/Unreal Projects Git/MyProject/Saved/A_Spin1075CEB1E43F5D3A2ABB172AB50AAB715.tmp' to '../../../../../Users/Rick/Documents/Unreal Projects Git/MyProject/Content/HomeMade/A_Spin1.uasset'
[2017.11.22-01.57.29:844][464]LogSavePackage: Display: Finished SavePackage ../../../../../Users/Rick/Documents/Unreal Projects Git/MyProject/Content/HomeMade/A_Spin1.uasset
[2017.11.22-01.57.40:548][212]LogMetaData: Removing '/Game/HomeMade/BP_Spin2.BP_Spin2_C' ref from Metadata '/Game/HomeMade/A_Spin2.PackageMetaData'
[2017.11.22-01.57.40:548][212]LogMetaData: Removing '/Game/HomeMade/BP_Spin2.BP_Spin2:EventGraph.K2Node_Event_1' ref from Metadata '/Game/HomeMade/A_Spin2.PackageMetaData'
[2017.11.22-01.57.40:548][212]LogMetaData: Removing '/Game/HomeMade/BP_Spin2.BP_Spin2:UserConstructionScript.K2Node_FunctionEntry_0' ref from Metadata '/Game/HomeMade/A_Spin2.PackageMetaData'
[2017.11.22-01.57.40:548][212]LogMetaData: Removing '/Game/HomeMade/BP_Spin2.BP_Spin2:HandleSpinning.K2Node_FunctionEntry_26' ref from Metadata '/Game/HomeMade/A_Spin2.PackageMetaData'
[2017.11.22-01.57.40:548][212]LogMetaData: Removing '/Game/HomeMade/BP_Spin2.SKEL_BP_Spin2_C' ref from Metadata '/Game/HomeMade/A_Spin2.PackageMetaData'
[2017.11.22-01.57.40:636][212]Cmd: OBJ SAVEPACKAGE PACKAGE="/Game/HomeMade/BP_Spin2" FILE="../../../../../Users/Rick/Documents/Unreal Projects Git/MyProject/Content/HomeMade/BP_Spin2.uasset" SILENT=true
[2017.11.22-01.57.40:690][212]LogSavePackage: Save=52.54ms
[2017.11.22-01.57.40:690][212]LogSavePackage: Moving '../../../../../Users/Rick/Documents/Unreal Projects Git/MyProject/Saved/BP_Spin2E0B702FF4369B650E080C8B1AB093E3F.tmp' to '../../../../../Users/Rick/Documents/Unreal Projects Git/MyProject/Content/HomeMade/BP_Spin2.uasset'
[2017.11.22-01.57.40:693][212]LogSavePackage: Display: Finished SavePackage ../../../../../Users/Rick/Documents/Unreal Projects Git/MyProject/Content/HomeMade/BP_Spin2.uasset
[2017.11.22-01.57.40:698][212]Cmd: OBJ SAVEPACKAGE PACKAGE="/Game/HomeMade/A_Spin2" FILE="../../../../../Users/Rick/Documents/Unreal Projects Git/MyProject/Content/HomeMade/A_Spin2.uasset" SILENT=true
[2017.11.22-01.57.40:708][212]LogSavePackage: Save=1.34ms
[2017.11.22-01.57.40:708][212]LogSavePackage: Moving '../../../../../Users/Rick/Documents/Unreal Projects Git/MyProject/Saved/A_Spin26740F9C04CDD5D6C6963E89652F2BB6E.tmp' to '../../../../../Users/Rick/Documents/Unreal Projects Git/MyProject/Content/HomeMade/A_Spin2.uasset'
[2017.11.22-01.57.40:711][212]LogSavePackage: Display: Finished SavePackage ../../../../../Users/Rick/Documents/Unreal Projects Git/MyProject/Content/HomeMade/A_Spin2.uasset
[2017.11.22-01.57.49:584][161]LogMetaData: Removing '/Game/HomeMade/BP_TargetDestroy.BP_TargetDestroy_C' ref from Metadata '/Game/HomeMade/A_TargetDestroy.PackageMetaData'
[2017.11.22-01.57.49:584][161]LogMetaData: Removing '/Game/HomeMade/BP_TargetDestroy.BP_TargetDestroy:UserConstructionScript.K2Node_FunctionEntry_0' ref from Metadata '/Game/HomeMade/A_TargetDestroy.PackageMetaData'
[2017.11.22-01.57.49:584][161]LogMetaData: Removing '/Game/HomeMade/BP_TargetDestroy.BP_TargetDestroy:EventGraph.K2Node_Event_0' ref from Metadata '/Game/HomeMade/A_TargetDestroy.PackageMetaData'
[2017.11.22-01.57.49:584][161]LogMetaData: Removing '/Game/HomeMade/BP_TargetDestroy.BP_TargetDestroy:EventGraph.K2Node_CallParentFunction_1' ref from Metadata '/Game/HomeMade/A_TargetDestroy.PackageMetaData'
[2017.11.22-01.57.49:584][161]LogMetaData: Removing '/Game/HomeMade/BP_TargetDestroy.BP_TargetDestroy:EventGraph.K2Node_Event_1' ref from Metadata '/Game/HomeMade/A_TargetDestroy.PackageMetaData'
[2017.11.22-01.57.49:584][161]LogMetaData: Removing '/Game/HomeMade/BP_TargetDestroy.BP_TargetDestroy:EventGraph.K2Node_CallParentFunction_2' ref from Metadata '/Game/HomeMade/A_TargetDestroy.PackageMetaData'
[2017.11.22-01.57.49:584][161]LogMetaData: Removing '/Game/HomeMade/BP_TargetDestroy.BP_TargetDestroy:EventGraph.K2Node_Event_2' ref from Metadata '/Game/HomeMade/A_TargetDestroy.PackageMetaData'
[2017.11.22-01.57.49:584][161]LogMetaData: Removing '/Game/HomeMade/BP_TargetDestroy.BP_TargetDestroy:EventGraph.K2Node_CallParentFunction_3' ref from Metadata '/Game/HomeMade/A_TargetDestroy.PackageMetaData'
[2017.11.22-01.57.49:584][161]LogMetaData: Removing '/Game/HomeMade/BP_TargetDestroy.SKEL_BP_TargetDestroy_C' ref from Metadata '/Game/HomeMade/A_TargetDestroy.PackageMetaData'
[2017.11.22-01.57.49:674][161]Cmd: OBJ SAVEPACKAGE PACKAGE="/Game/HomeMade/BP_TargetDestroy" FILE="../../../../../Users/Rick/Documents/Unreal Projects Git/MyProject/Content/HomeMade/BP_TargetDestroy.uasset" SILENT=true
[2017.11.22-01.57.49:707][161]LogSavePackage: Save=31.72ms
[2017.11.22-01.57.49:707][161]LogSavePackage: Moving '../../../../../Users/Rick/Documents/Unreal Projects Git/MyProject/Saved/BP_TargetDestroy7FEAFF464162083D2B4212825AD5F37F.tmp' to '../../../../../Users/Rick/Documents/Unreal Projects Git/MyProject/Content/HomeMade/BP_TargetDestroy.uasset'
[2017.11.22-01.57.49:710][161]LogSavePackage: Display: Finished SavePackage ../../../../../Users/Rick/Documents/Unreal Projects Git/MyProject/Content/HomeMade/BP_TargetDestroy.uasset
[2017.11.22-01.57.49:715][161]Cmd: OBJ SAVEPACKAGE PACKAGE="/Game/HomeMade/A_TargetDestroy" FILE="../../../../../Users/Rick/Documents/Unreal Projects Git/MyProject/Content/HomeMade/A_TargetDestroy.uasset" SILENT=true
[2017.11.22-01.57.49:725][161]LogSavePackage: Save=1.23ms
[2017.11.22-01.57.49:725][161]LogSavePackage: Moving '../../../../../Users/Rick/Documents/Unreal Projects Git/MyProject/Saved/A_TargetDestroy16D587794DDA63ACF8C77686D5F88CA1.tmp' to '../../../../../Users/Rick/Documents/Unreal Projects Git/MyProject/Content/HomeMade/A_TargetDestroy.uasset'
[2017.11.22-01.57.49:728][161]LogSavePackage: Display: Finished SavePackage ../../../../../Users/Rick/Documents/Unreal Projects Git/MyProject/Content/HomeMade/A_TargetDestroy.uasset
[2017.11.22-01.57.51:500][300]LogSlate: Took 0.000241 seconds to synchronously load lazily loaded font '../../../Engine/Content/Editor/Slate/Fonts/Roboto-Italic.ttf' (157K)
[2017.11.22-01.57.59:136][ 49]LogMetaData: Removing '/Game/HomeMade/BP_TargetMoving.BP_TargetMoving:UserConstructionScript.K2Node_FunctionEntry_0' ref from Metadata '/Game/HomeMade/A_TargetMoving.PackageMetaData'
[2017.11.22-01.57.59:136][ 49]LogMetaData: Removing '/Game/HomeMade/BP_TargetMoving.BP_TargetMoving_C' ref from Metadata '/Game/HomeMade/A_TargetMoving.PackageMetaData'
[2017.11.22-01.57.59:136][ 49]LogMetaData: Removing '/Game/HomeMade/BP_TargetMoving.BP_TargetMoving:EventGraph.K2Node_Event_0' ref from Metadata '/Game/HomeMade/A_TargetMoving.PackageMetaData'
[2017.11.22-01.57.59:136][ 49]LogMetaData: Removing '/Game/HomeMade/BP_TargetMoving.BP_TargetMoving:EventGraph.K2Node_CallParentFunction_1' ref from Metadata '/Game/HomeMade/A_TargetMoving.PackageMetaData'
[2017.11.22-01.57.59:136][ 49]LogMetaData: Removing '/Game/HomeMade/BP_TargetMoving.BP_TargetMoving:EventGraph.K2Node_Event_1' ref from Metadata '/Game/HomeMade/A_TargetMoving.PackageMetaData'
[2017.11.22-01.57.59:136][ 49]LogMetaData: Removing '/Game/HomeMade/BP_TargetMoving.BP_TargetMoving:EventGraph.K2Node_CallParentFunction_2' ref from Metadata '/Game/HomeMade/A_TargetMoving.PackageMetaData'
[2017.11.22-01.57.59:136][ 49]LogMetaData: Removing '/Game/HomeMade/BP_TargetMoving.BP_TargetMoving:EventGraph.K2Node_Event_2' ref from Metadata '/Game/HomeMade/A_TargetMoving.PackageMetaData'
[2017.11.22-01.57.59:136][ 49]LogMetaData: Removing '/Game/HomeMade/BP_TargetMoving.BP_TargetMoving:EventGraph.K2Node_CallParentFunction_3' ref from Metadata '/Game/HomeMade/A_TargetMoving.PackageMetaData'
[2017.11.22-01.57.59:136][ 49]LogMetaData: Removing '/Game/HomeMade/BP_TargetMoving.SKEL_BP_TargetMoving_C' ref from Metadata '/Game/HomeMade/A_TargetMoving.PackageMetaData'
[2017.11.22-01.57.59:218][ 49]Cmd: OBJ SAVEPACKAGE PACKAGE="/Game/HomeMade/BP_TargetMoving" FILE="../../../../../Users/Rick/Documents/Unreal Projects Git/MyProject/Content/HomeMade/BP_TargetMoving.uasset" SILENT=true
[2017.11.22-01.57.59:263][ 49]LogSavePackage: Save=43.47ms
[2017.11.22-01.57.59:263][ 49]LogSavePackage: Moving '../../../../../Users/Rick/Documents/Unreal Projects Git/MyProject/Saved/BP_TargetMoving052A07BD407EE1E5EB39E7AB54DB5602.tmp' to '../../../../../Users/Rick/Documents/Unreal Projects Git/MyProject/Content/HomeMade/BP_TargetMoving.uasset'
[2017.11.22-01.57.59:266][ 49]LogSavePackage: Display: Finished SavePackage ../../../../../Users/Rick/Documents/Unreal Projects Git/MyProject/Content/HomeMade/BP_TargetMoving.uasset
[2017.11.22-01.57.59:271][ 49]Cmd: OBJ SAVEPACKAGE PACKAGE="/Game/HomeMade/A_TargetMoving" FILE="../../../../../Users/Rick/Documents/Unreal Projects Git/MyProject/Content/HomeMade/A_TargetMoving.uasset" SILENT=true
[2017.11.22-01.57.59:282][ 49]LogSavePackage: Save=1.32ms
[2017.11.22-01.57.59:282][ 49]LogSavePackage: Moving '../../../../../Users/Rick/Documents/Unreal Projects Git/MyProject/Saved/A_TargetMoving706254BF466D1FBD4B027895448E9386.tmp' to '../../../../../Users/Rick/Documents/Unreal Projects Git/MyProject/Content/HomeMade/A_TargetMoving.uasset'
[2017.11.22-01.57.59:285][ 49]LogSavePackage: Display: Finished SavePackage ../../../../../Users/Rick/Documents/Unreal Projects Git/MyProject/Content/HomeMade/A_TargetMoving.uasset
[2017.11.22-01.58.06:220][768]LogMetaData: Removing '/Game/HomeMade/BP_TargetSpinFaster.BP_TargetSpinFaster:UserConstructionScript.K2Node_FunctionEntry_0' ref from Metadata '/Game/HomeMade/A_TargetSpinFaster.PackageMetaData'
[2017.11.22-01.58.06:220][768]LogMetaData: Removing '/Game/HomeMade/BP_TargetSpinFaster.BP_TargetSpinFaster_C' ref from Metadata '/Game/HomeMade/A_TargetSpinFaster.PackageMetaData'
[2017.11.22-01.58.06:220][768]LogMetaData: Removing '/Game/HomeMade/BP_TargetSpinFaster.BP_TargetSpinFaster:EventGraph.K2Node_Event_0' ref from Metadata '/Game/HomeMade/A_TargetSpinFaster.PackageMetaData'
[2017.11.22-01.58.06:220][768]LogMetaData: Removing '/Game/HomeMade/BP_TargetSpinFaster.BP_TargetSpinFaster:EventGraph.K2Node_CallParentFunction_1' ref from Metadata '/Game/HomeMade/A_TargetSpinFaster.PackageMetaData'
[2017.11.22-01.58.06:220][768]LogMetaData: Removing '/Game/HomeMade/BP_TargetSpinFaster.BP_TargetSpinFaster:EventGraph.K2Node_Event_1' ref from Metadata '/Game/HomeMade/A_TargetSpinFaster.PackageMetaData'
[2017.11.22-01.58.06:220][768]LogMetaData: Removing '/Game/HomeMade/BP_TargetSpinFaster.BP_TargetSpinFaster:EventGraph.K2Node_CallParentFunction_2' ref from Metadata '/Game/HomeMade/A_TargetSpinFaster.PackageMetaData'
[2017.11.22-01.58.06:220][768]LogMetaData: Removing '/Game/HomeMade/BP_TargetSpinFaster.BP_TargetSpinFaster:EventGraph.K2Node_Event_2' ref from Metadata '/Game/HomeMade/A_TargetSpinFaster.PackageMetaData'
[2017.11.22-01.58.06:221][768]LogMetaData: Removing '/Game/HomeMade/BP_TargetSpinFaster.BP_TargetSpinFaster:EventGraph.K2Node_CallParentFunction_3' ref from Metadata '/Game/HomeMade/A_TargetSpinFaster.PackageMetaData'
[2017.11.22-01.58.06:221][768]LogMetaData: Removing '/Game/HomeMade/BP_TargetSpinFaster.SKEL_BP_TargetSpinFaster_C' ref from Metadata '/Game/HomeMade/A_TargetSpinFaster.PackageMetaData'
[2017.11.22-01.58.06:325][768]Cmd: OBJ SAVEPACKAGE PACKAGE="/Game/HomeMade/BP_TargetSpinFaster" FILE="../../../../../Users/Rick/Documents/Unreal Projects Git/MyProject/Content/HomeMade/BP_TargetSpinFaster.uasset" SILENT=true
[2017.11.22-01.58.06:358][768]LogSavePackage: Save=31.07ms
[2017.11.22-01.58.06:358][768]LogSavePackage: Moving '../../../../../Users/Rick/Documents/Unreal Projects Git/MyProject/Saved/BP_TargetSpinFasterE10B49E3470CE2B3DAD260BD0DCB96E9.tmp' to '../../../../../Users/Rick/Documents/Unreal Projects Git/MyProject/Content/HomeMade/BP_TargetSpinFaster.uasset'
[2017.11.22-01.58.06:363][768]LogSavePackage: Display: Finished SavePackage ../../../../../Users/Rick/Documents/Unreal Projects Git/MyProject/Content/HomeMade/BP_TargetSpinFaster.uasset
[2017.11.22-01.58.06:368][768]Cmd: OBJ SAVEPACKAGE PACKAGE="/Game/HomeMade/A_TargetSpinFaster" FILE="../../../../../Users/Rick/Documents/Unreal Projects Git/MyProject/Content/HomeMade/A_TargetSpinFaster.uasset" SILENT=true
[2017.11.22-01.58.06:379][768]LogSavePackage: Save=1.42ms
[2017.11.22-01.58.06:379][768]LogSavePackage: Moving '../../../../../Users/Rick/Documents/Unreal Projects Git/MyProject/Saved/A_TargetSpinFaster7799DBBC433391F6D4EF84AB84F8929C.tmp' to '../../../../../Users/Rick/Documents/Unreal Projects Git/MyProject/Content/HomeMade/A_TargetSpinFaster.uasset'
[2017.11.22-01.58.06:382][768]LogSavePackage: Display: Finished SavePackage ../../../../../Users/Rick/Documents/Unreal Projects Git/MyProject/Content/HomeMade/A_TargetSpinFaster.uasset
[2017.11.22-02.00.12:375][767]LogMetaData: Removing '/Game/HomeMade/BP_SphereForSpawning.BP_SphereForSpawning_C' ref from Metadata '/Game/HomeMade/SphereForSpawning.PackageMetaData'
[2017.11.22-02.00.12:375][767]LogMetaData: Removing '/Game/HomeMade/BP_SphereForSpawning.BP_SphereForSpawning:UserConstructionScript.K2Node_FunctionEntry_0' ref from Metadata '/Game/HomeMade/SphereForSpawning.PackageMetaData'
[2017.11.22-02.00.12:375][767]LogMetaData: Removing '/Game/HomeMade/BP_SphereForSpawning.BP_SphereForSpawning:EventGraph.K2Node_Event_0' ref from Metadata '/Game/HomeMade/SphereForSpawning.PackageMetaData'
[2017.11.22-02.00.12:375][767]LogMetaData: Removing '/Game/HomeMade/BP_SphereForSpawning.BP_SphereForSpawning:EventGraph.K2Node_Event_1' ref from Metadata '/Game/HomeMade/SphereForSpawning.PackageMetaData'
[2017.11.22-02.00.12:375][767]LogMetaData: Removing '/Game/HomeMade/BP_SphereForSpawning.BP_SphereForSpawning:EventGraph.K2Node_Event_2' ref from Metadata '/Game/HomeMade/SphereForSpawning.PackageMetaData'
[2017.11.22-02.00.12:375][767]LogMetaData: Removing '/Game/HomeMade/BP_SphereForSpawning.BP_SphereForSpawning:SetColour.K2Node_FunctionEntry_1' ref from Metadata '/Game/HomeMade/SphereForSpawning.PackageMetaData'
[2017.11.22-02.00.12:375][767]LogMetaData: Removing '/Game/HomeMade/BP_SphereForSpawning.SKEL_BP_SphereForSpawning_C' ref from Metadata '/Game/HomeMade/SphereForSpawning.PackageMetaData'
[2017.11.22-02.00.12:497][767]Cmd: OBJ SAVEPACKAGE PACKAGE="/Game/HomeMade/BP_SphereForSpawning" FILE="../../../../../Users/Rick/Documents/Unreal Projects Git/MyProject/Content/HomeMade/BP_SphereForSpawning.uasset" SILENT=true
[2017.11.22-02.00.12:519][767]LogSavePackage: Save=21.10ms
[2017.11.22-02.00.12:519][767]LogSavePackage: Moving '../../../../../Users/Rick/Documents/Unreal Projects Git/MyProject/Saved/BP_SphereForSpawningCCEEB73A49D775A5DAB443AD12074E5B.tmp' to '../../../../../Users/Rick/Documents/Unreal Projects Git/MyProject/Content/HomeMade/BP_SphereForSpawning.uasset'
[2017.11.22-02.00.12:522][767]LogSavePackage: Display: Finished SavePackage ../../../../../Users/Rick/Documents/Unreal Projects Git/MyProject/Content/HomeMade/BP_SphereForSpawning.uasset
[2017.11.22-02.00.12:527][767]Cmd: OBJ SAVEPACKAGE PACKAGE="/Game/HomeMade/SphereForSpawning" FILE="../../../../../Users/Rick/Documents/Unreal Projects Git/MyProject/Content/HomeMade/SphereForSpawning.uasset" SILENT=true
[2017.11.22-02.00.12:540][767]LogSavePackage: Save=1.31ms
[2017.11.22-02.00.12:540][767]LogSavePackage: Moving '../../../../../Users/Rick/Documents/Unreal Projects Git/MyProject/Saved/SphereForSpawningE62B0E994CD5CB22327BA7A9E1B93515.tmp' to '../../../../../Users/Rick/Documents/Unreal Projects Git/MyProject/Content/HomeMade/SphereForSpawning.uasset'
[2017.11.22-02.00.12:543][767]LogSavePackage: Display: Finished SavePackage ../../../../../Users/Rick/Documents/Unreal Projects Git/MyProject/Content/HomeMade/SphereForSpawning.uasset
[2017.11.22-02.00.15:668][768]LogSavePackage: Save=2891.09ms
[2017.11.22-02.00.15:668][768]LogSavePackage: Moving '../../../../../Users/Rick/Documents/Unreal Projects Git/MyProject/Saved/FirstPersonExampleMap_Auto124128C0E42D3D71C574B419AFBAF3198.tmp' to '../../../../../Users/Rick/Documents/Unreal Projects Git/MyProject/Saved/Autosaves/Game/FirstPersonBP/Maps/FirstPersonExampleMap_Auto1.umap'
[2017.11.22-02.00.15:672][768]LogSavePackage: Display: Finished SavePackage ../../../../../Users/Rick/Documents/Unreal Projects Git/MyProject/Saved/Autosaves/Game/FirstPersonBP/Maps/FirstPersonExampleMap_Auto1.umap
[2017.11.22-02.00.15:674][768]LogFileHelpers: Editor autosave (incl. sublevels) for '/Game/FirstPersonBP/Maps/FirstPersonExampleMap' took 2.934
[2017.11.22-02.00.15:674][768]LogFileHelpers: Editor autosave (incl. sublevels) for all levels took 2.934
[2017.11.22-02.00.15:677][768]OBJ SavePackage: Generating thumbnails for [0] asset(s) in package [/Game/HomeMade/SphereSpawner] ([1] browsable assets)...
[2017.11.22-02.00.15:677][768]OBJ SavePackage: Finished generating thumbnails for package [/Game/HomeMade/SphereSpawner]
[2017.11.22-02.00.15:786][768]LogSavePackage: Save=99.91ms
[2017.11.22-02.00.15:786][768]LogSavePackage: Moving '../../../../../Users/Rick/Documents/Unreal Projects Git/MyProject/Saved/SphereSpawner_Auto1AB8CD04C4845E9C0858E7AA56585A65B.tmp' to '../../../../../Users/Rick/Documents/Unreal Projects Git/MyProject/Saved/Autosaves/Game/HomeMade/SphereSpawner_Auto1.uasset'
[2017.11.22-02.00.15:789][768]LogSavePackage: Display: Finished SavePackage ../../../../../Users/Rick/Documents/Unreal Projects Git/MyProject/Saved/Autosaves/Game/HomeMade/SphereSpawner_Auto1.uasset
[2017.11.22-02.00.15:790][768]OBJ SavePackage: Generating thumbnails for [1] asset(s) in package [/Game/HomeMade/BP_Killer] ([1] browsable assets)...
[2017.11.22-02.00.15:812][768]OBJ SavePackage:     Rendered thumbnail for [Blueprint /Game/HomeMade/BP_Killer.BP_Killer]
[2017.11.22-02.00.15:812][768]OBJ SavePackage: Finished generating thumbnails for package [/Game/HomeMade/BP_Killer]
[2017.11.22-02.00.15:854][768]LogSavePackage: Save=31.97ms
[2017.11.22-02.00.15:854][768]LogSavePackage: Moving '../../../../../Users/Rick/Documents/Unreal Projects Git/MyProject/Saved/BP_Killer_Auto19C1002274C7EB910641D4FBFA46B7568.tmp' to '../../../../../Users/Rick/Documents/Unreal Projects Git/MyProject/Saved/Autosaves/Game/HomeMade/BP_Killer_Auto1.uasset'
[2017.11.22-02.00.15:856][768]LogSavePackage: Display: Finished SavePackage ../../../../../Users/Rick/Documents/Unreal Projects Git/MyProject/Saved/Autosaves/Game/HomeMade/BP_Killer_Auto1.uasset
[2017.11.22-02.00.15:857][768]LogFileHelpers: Auto-saving content packages took 0.181
